starting ferret server...
starting ferret server...
starting ferret server...
starting ferret server...
starting ferret server...
starting ferret server...
/usr/lib/ruby/1.8/drb/drb.rb:866:in `initialize': getaddrinfo: Ta nazwa lub usługa jest nieznana (SocketError)
	from /usr/lib/ruby/1.8/drb/drb.rb:866:in `open'
	from /usr/lib/ruby/1.8/drb/drb.rb:866:in `open_server'
	from /usr/lib/ruby/1.8/drb/drb.rb:759:in `open_server'
	from /usr/lib/ruby/1.8/drb/drb.rb:757:in `each'
	from /usr/lib/ruby/1.8/drb/drb.rb:757:in `open_server'
	from /usr/lib/ruby/1.8/drb/drb.rb:1347:in `initialize'
	from /usr/lib/ruby/1.8/drb/drb.rb:1635:in `new'
	from /usr/lib/ruby/1.8/drb/drb.rb:1635:in `start_service'
	from /srv/rails/quadomaniacy/vendor/plugins/acts_as_ferret/lib/ferret_server.rb:99:in `run_drb_service'
	from /srv/rails/quadomaniacy/vendor/plugins/acts_as_ferret/lib/ferret_server.rb:86:in `start'
	from /srv/rails/quadomaniacy/vendor/plugins/acts_as_ferret/lib/unix_daemon.rb:18:in `call'
	from /srv/rails/quadomaniacy/vendor/plugins/acts_as_ferret/lib/unix_daemon.rb:18:in `platform_daemon'
	from /srv/rails/quadomaniacy/vendor/plugins/acts_as_ferret/lib/unix_daemon.rb:41:in `fork'
	from /srv/rails/quadomaniacy/vendor/plugins/acts_as_ferret/lib/unix_daemon.rb:41:in `safefork'
	from /srv/rails/quadomaniacy/vendor/plugins/acts_as_ferret/lib/unix_daemon.rb:11:in `platform_daemon'
	from /srv/rails/quadomaniacy/vendor/plugins/acts_as_ferret/lib/ferret_server.rb:86:in `start'
	from /srv/rails/quadomaniacy/script/../vendor/plugins/acts_as_ferret/lib/server_manager.rb:53:in `send'
	from /srv/rails/quadomaniacy/script/../vendor/plugins/acts_as_ferret/lib/server_manager.rb:53
	from /srv/rails/quadomaniacy/script/ferret_server:4:in `require'
	from /srv/rails/quadomaniacy/script/ferret_server:4
starting ferret server...
