** Daemonized, any open files are closed.  Look at tmp/pids/mongrel.5004.pid and log/mongrel.5004.log for info.
** Starting Mongrel listening at 127.0.0.1:5004
** Initiating groups for "rails":"rails".
** Changing group to "rails".
** Changing user to "rails".
** Starting Rails with production environment...
** Rails loaded.
** Loading any Rails specific GemPlugins
** Loading config/mongrel_upload_progress.conf external config script
** Signals ready.  TERM => stop.  USR2 => restart.  INT => stop (no restart).
** Rails signals registered.  HUP => reload (without restart).  It might not work well.
** Mongrel 1.1.5 available at 127.0.0.1:5004
** Writing PID file to tmp/pids/mongrel.5004.pid
** TERM signal received.
** Daemonized, any open files are closed.  Look at tmp/pids/mongrel.5004.pid and log/mongrel.5004.log for info.
** Starting Mongrel listening at 127.0.0.1:5004
** Initiating groups for "rails":"rails".
** Changing group to "rails".
** Changing user to "rails".
** Starting Rails with production environment...
** Rails loaded.
** Loading any Rails specific GemPlugins
** Loading config/mongrel_upload_progress.conf external config script
** Signals ready.  TERM => stop.  USR2 => restart.  INT => stop (no restart).
** Rails signals registered.  HUP => reload (without restart).  It might not work well.
** Mongrel 1.1.5 available at 127.0.0.1:5004
** Writing PID file to tmp/pids/mongrel.5004.pid
** TERM signal received.
** Daemonized, any open files are closed.  Look at tmp/pids/mongrel.5004.pid and log/mongrel.5004.log for info.
** Starting Mongrel listening at 127.0.0.1:5004
** Initiating groups for "rails":"rails".
** Changing group to "rails".
** Changing user to "rails".
** Starting Rails with production environment...
** Rails loaded.
** Loading any Rails specific GemPlugins
** Loading config/mongrel_upload_progress.conf external config script
** Signals ready.  TERM => stop.  USR2 => restart.  INT => stop (no restart).
** Rails signals registered.  HUP => reload (without restart).  It might not work well.
** Mongrel 1.1.5 available at 127.0.0.1:5004
** Writing PID file to tmp/pids/mongrel.5004.pid
/srv/rails/quadomaniacy/app/controllers/site_controller.rb:11: warning: Object#id will be deprecated; use Object#object_id
/srv/rails/quadomaniacy/app/controllers/site_controller.rb:17: warning: Object#id will be deprecated; use Object#object_id
/srv/rails/quadomaniacy/app/controllers/site_controller.rb:11: warning: Object#id will be deprecated; use Object#object_id
/srv/rails/quadomaniacy/app/controllers/site_controller.rb:17: warning: Object#id will be deprecated; use Object#object_id
** TERM signal received.
** Daemonized, any open files are closed.  Look at tmp/pids/mongrel.5004.pid and log/mongrel.5004.log for info.
** Starting Mongrel listening at 127.0.0.1:5004
** Initiating groups for "rails":"rails".
** Changing group to "rails".
** Changing user to "rails".
** Starting Rails with production environment...
** Rails loaded.
** Loading any Rails specific GemPlugins
** Loading config/mongrel_upload_progress.conf external config script
** Signals ready.  TERM => stop.  USR2 => restart.  INT => stop (no restart).
** Rails signals registered.  HUP => reload (without restart).  It might not work well.
** Mongrel 1.1.5 available at 127.0.0.1:5004
** Writing PID file to tmp/pids/mongrel.5004.pid
** TERM signal received.
** Daemonized, any open files are closed.  Look at tmp/pids/mongrel.5004.pid and log/mongrel.5004.log for info.
** Starting Mongrel listening at 127.0.0.1:5004
** Initiating groups for "rails":"rails".
** Changing group to "rails".
** Changing user to "rails".
** Starting Rails with production environment...
** Rails loaded.
** Loading any Rails specific GemPlugins
** Loading config/mongrel_upload_progress.conf external config script
** Signals ready.  TERM => stop.  USR2 => restart.  INT => stop (no restart).
** Rails signals registered.  HUP => reload (without restart).  It might not work well.
** Mongrel 1.1.5 available at 127.0.0.1:5004
** Writing PID file to tmp/pids/mongrel.5004.pid
/srv/rails/quadomaniacy/app/controllers/site_controller.rb:11: warning: Object#id will be deprecated; use Object#object_id
/srv/rails/quadomaniacy/app/controllers/site_controller.rb:17: warning: Object#id will be deprecated; use Object#object_id
/srv/rails/quadomaniacy/app/controllers/site_controller.rb:11: warning: Object#id will be deprecated; use Object#object_id
/srv/rails/quadomaniacy/app/controllers/site_controller.rb:17: warning: Object#id will be deprecated; use Object#object_id
** TERM signal received.
** Daemonized, any open files are closed.  Look at tmp/pids/mongrel.5004.pid and log/mongrel.5004.log for info.
** Starting Mongrel listening at 127.0.0.1:5004
** Initiating groups for "rails":"rails".
** Changing group to "rails".
** Changing user to "rails".
** Starting Rails with production environment...
** Rails loaded.
** Loading any Rails specific GemPlugins
** Loading config/mongrel_upload_progress.conf external config script
** Signals ready.  TERM => stop.  USR2 => restart.  INT => stop (no restart).
** Rails signals registered.  HUP => reload (without restart).  It might not work well.
** Mongrel 1.1.5 available at 127.0.0.1:5004
** Writing PID file to tmp/pids/mongrel.5004.pid
/srv/rails/quadomaniacy/app/controllers/site_controller.rb:11: warning: Object#id will be deprecated; use Object#object_id
/srv/rails/quadomaniacy/app/controllers/site_controller.rb:17: warning: Object#id will be deprecated; use Object#object_id
/srv/rails/quadomaniacy/app/controllers/site_controller.rb:11: warning: Object#id will be deprecated; use Object#object_id
/srv/rails/quadomaniacy/app/controllers/site_controller.rb:17: warning: Object#id will be deprecated; use Object#object_id
/srv/rails/quadomaniacy/app/controllers/site_controller.rb:11: warning: Object#id will be deprecated; use Object#object_id
/srv/rails/quadomaniacy/app/controllers/site_controller.rb:17: warning: Object#id will be deprecated; use Object#object_id
/srv/rails/quadomaniacy/app/controllers/site_controller.rb:11: warning: Object#id will be deprecated; use Object#object_id
/srv/rails/quadomaniacy/app/controllers/site_controller.rb:17: warning: Object#id will be deprecated; use Object#object_id
/srv/rails/quadomaniacy/app/controllers/site_controller.rb:11: warning: Object#id will be deprecated; use Object#object_id
/srv/rails/quadomaniacy/app/controllers/site_controller.rb:17: warning: Object#id will be deprecated; use Object#object_id
** TERM signal received.
** Daemonized, any open files are closed.  Look at tmp/pids/mongrel.5004.pid and log/mongrel.5004.log for info.
** Starting Mongrel listening at 127.0.0.1:5004
** Initiating groups for "rails":"rails".
** Changing group to "rails".
** Changing user to "rails".
** Starting Rails with production environment...
** Rails loaded.
** Loading any Rails specific GemPlugins
** Loading config/mongrel_upload_progress.conf external config script
** Signals ready.  TERM => stop.  USR2 => restart.  INT => stop (no restart).
** Rails signals registered.  HUP => reload (without restart).  It might not work well.
** Mongrel 1.1.5 available at 127.0.0.1:5004
** Writing PID file to tmp/pids/mongrel.5004.pid
** TERM signal received.
** Daemonized, any open files are closed.  Look at tmp/pids/mongrel.5004.pid and log/mongrel.5004.log for info.
** Starting Mongrel listening at 127.0.0.1:5004
** Initiating groups for "rails":"rails".
** Changing group to "rails".
** Changing user to "rails".
** Starting Rails with production environment...
** Rails loaded.
** Loading any Rails specific GemPlugins
** Loading config/mongrel_upload_progress.conf external config script
** Signals ready.  TERM => stop.  USR2 => restart.  INT => stop (no restart).
** Rails signals registered.  HUP => reload (without restart).  It might not work well.
** Mongrel 1.1.5 available at 127.0.0.1:5004
** Writing PID file to tmp/pids/mongrel.5004.pid
/srv/rails/quadomaniacy/app/controllers/site_controller.rb:11: warning: Object#id will be deprecated; use Object#object_id
/srv/rails/quadomaniacy/app/controllers/site_controller.rb:17: warning: Object#id will be deprecated; use Object#object_id
** TERM signal received.
** Daemonized, any open files are closed.  Look at tmp/pids/mongrel.5004.pid and log/mongrel.5004.log for info.
** Starting Mongrel listening at 127.0.0.1:5004
** Initiating groups for "rails":"rails".
** Changing group to "rails".
** Changing user to "rails".
** Starting Rails with production environment...
** Rails loaded.
** Loading any Rails specific GemPlugins
** Loading config/mongrel_upload_progress.conf external config script
** Signals ready.  TERM => stop.  USR2 => restart.  INT => stop (no restart).
** Rails signals registered.  HUP => reload (without restart).  It might not work well.
** Mongrel 1.1.5 available at 127.0.0.1:5004
** Writing PID file to tmp/pids/mongrel.5004.pid
/srv/rails/quadomaniacy/app/controllers/site_controller.rb:11: warning: Object#id will be deprecated; use Object#object_id
/srv/rails/quadomaniacy/app/controllers/site_controller.rb:17: warning: Object#id will be deprecated; use Object#object_id
/srv/rails/quadomaniacy/app/controllers/site_controller.rb:11: warning: Object#id will be deprecated; use Object#object_id
/srv/rails/quadomaniacy/app/controllers/site_controller.rb:17: warning: Object#id will be deprecated; use Object#object_id
** TERM signal received.
** Daemonized, any open files are closed.  Look at tmp/pids/mongrel.5004.pid and log/mongrel.5004.log for info.
** Starting Mongrel listening at 127.0.0.1:5004
** Initiating groups for "rails":"rails".
** Changing group to "rails".
** Changing user to "rails".
** Starting Rails with production environment...
** Rails loaded.
** Loading any Rails specific GemPlugins
** Loading config/mongrel_upload_progress.conf external config script
** Signals ready.  TERM => stop.  USR2 => restart.  INT => stop (no restart).
** Rails signals registered.  HUP => reload (without restart).  It might not work well.
** Mongrel 1.1.5 available at 127.0.0.1:5004
** Writing PID file to tmp/pids/mongrel.5004.pid
** TERM signal received.
** Daemonized, any open files are closed.  Look at tmp/pids/mongrel.5004.pid and log/mongrel.5004.log for info.
** Starting Mongrel listening at 127.0.0.1:5004
** Initiating groups for "rails":"rails".
** Changing group to "rails".
** Changing user to "rails".
** Starting Rails with production environment...
** Rails loaded.
** Loading any Rails specific GemPlugins
** Loading config/mongrel_upload_progress.conf external config script
** Signals ready.  TERM => stop.  USR2 => restart.  INT => stop (no restart).
** Rails signals registered.  HUP => reload (without restart).  It might not work well.
** Mongrel 1.1.5 available at 127.0.0.1:5004
** Writing PID file to tmp/pids/mongrel.5004.pid
wto kwi 27 22:13:32 +0200 2010: Read error: #<DRb::DRbConnError: druby://127.0.0.1:2999 - #<Errno::ECONNREFUSED: Połączenie odrzucone - connect(2)>>
/usr/lib/ruby/1.8/drb/drb.rb:736:in `open'
/usr/lib/ruby/1.8/drb/drb.rb:729:in `each'
/usr/lib/ruby/1.8/drb/drb.rb:729:in `open'
/usr/lib/ruby/1.8/drb/drb.rb:1196:in `initialize'
/usr/lib/ruby/1.8/drb/drb.rb:1176:in `new'
/usr/lib/ruby/1.8/drb/drb.rb:1176:in `open'
/usr/lib/ruby/1.8/drb/drb.rb:1092:in `method_missing'
/usr/lib/ruby/1.8/drb/drb.rb:1110:in `with_friend'
/usr/lib/ruby/1.8/drb/drb.rb:1091:in `method_missing'
/usr/lib/ruby/gems/1.8/gems/mongrel_upload_progress-0.2.2/lib/mongrel_upload_progress/init.rb:42:in `send'
/usr/lib/ruby/gems/1.8/gems/mongrel_upload_progress-0.2.2/lib/mongrel_upload_progress/init.rb:42:in `upload_notify'
/usr/lib/ruby/gems/1.8/gems/mongrel_upload_progress-0.2.2/lib/mongrel_upload_progress/init.rb:22:in `request_begins'
/usr/lib/ruby/gems/1.8/gems/mongrel-1.1.5/bin/../lib/mongrel/http_request.rb:34:in `initialize'
/usr/lib/ruby/gems/1.8/gems/mongrel-1.1.5/bin/../lib/mongrel/http_request.rb:33:in `each'
/usr/lib/ruby/gems/1.8/gems/mongrel-1.1.5/bin/../lib/mongrel/http_request.rb:33:in `initialize'
/usr/lib/ruby/gems/1.8/gems/mongrel-1.1.5/bin/../lib/mongrel.rb:149:in `new'
/usr/lib/ruby/gems/1.8/gems/mongrel-1.1.5/bin/../lib/mongrel.rb:149:in `process_client'
/usr/lib/ruby/gems/1.8/gems/mongrel-1.1.5/bin/../lib/mongrel.rb:285:in `run'
/usr/lib/ruby/gems/1.8/gems/mongrel-1.1.5/bin/../lib/mongrel.rb:285:in `initialize'
/usr/lib/ruby/gems/1.8/gems/mongrel-1.1.5/bin/../lib/mongrel.rb:285:in `new'
/usr/lib/ruby/gems/1.8/gems/mongrel-1.1.5/bin/../lib/mongrel.rb:285:in `run'
/usr/lib/ruby/gems/1.8/gems/mongrel-1.1.5/bin/../lib/mongrel.rb:268:in `initialize'
/usr/lib/ruby/gems/1.8/gems/mongrel-1.1.5/bin/../lib/mongrel.rb:268:in `new'
/usr/lib/ruby/gems/1.8/gems/mongrel-1.1.5/bin/../lib/mongrel.rb:268:in `run'
/usr/lib/ruby/gems/1.8/gems/mongrel-1.1.5/bin/../lib/mongrel/configurator.rb:282:in `run'
/usr/lib/ruby/gems/1.8/gems/mongrel-1.1.5/bin/../lib/mongrel/configurator.rb:281:in `each'
/usr/lib/ruby/gems/1.8/gems/mongrel-1.1.5/bin/../lib/mongrel/configurator.rb:281:in `run'
/usr/lib/ruby/gems/1.8/gems/mongrel-1.1.5/bin/mongrel_rails:128:in `run'
/usr/lib/ruby/gems/1.8/gems/mongrel-1.1.5/bin/../lib/mongrel/command.rb:212:in `run'
/usr/lib/ruby/gems/1.8/gems/mongrel-1.1.5/bin/mongrel_rails:281
/usr/bin/mongrel_rails:19:in `load'
/usr/bin/mongrel_rails:19
wto kwi 27 22:15:54 +0200 2010: Error reading HTTP body: #<RuntimeError: Socket read returned insufficient data: 8472>
/usr/lib/ruby/gems/1.8/gems/mongrel-1.1.5/bin/../lib/mongrel/http_request.rb:107:in `read_socket'
/usr/lib/ruby/gems/1.8/gems/mongrel-1.1.5/bin/../lib/mongrel/http_request.rb:86:in `read_body'
/usr/lib/ruby/gems/1.8/gems/mongrel-1.1.5/bin/../lib/mongrel/http_request.rb:55:in `initialize'
/usr/lib/ruby/gems/1.8/gems/mongrel-1.1.5/bin/../lib/mongrel.rb:149:in `new'
/usr/lib/ruby/gems/1.8/gems/mongrel-1.1.5/bin/../lib/mongrel.rb:149:in `process_client'
/usr/lib/ruby/gems/1.8/gems/mongrel-1.1.5/bin/../lib/mongrel.rb:285:in `run'
/usr/lib/ruby/gems/1.8/gems/mongrel-1.1.5/bin/../lib/mongrel.rb:285:in `initialize'
/usr/lib/ruby/gems/1.8/gems/mongrel-1.1.5/bin/../lib/mongrel.rb:285:in `new'
/usr/lib/ruby/gems/1.8/gems/mongrel-1.1.5/bin/../lib/mongrel.rb:285:in `run'
/usr/lib/ruby/gems/1.8/gems/mongrel-1.1.5/bin/../lib/mongrel.rb:268:in `initialize'
/usr/lib/ruby/gems/1.8/gems/mongrel-1.1.5/bin/../lib/mongrel.rb:268:in `new'
/usr/lib/ruby/gems/1.8/gems/mongrel-1.1.5/bin/../lib/mongrel.rb:268:in `run'
/usr/lib/ruby/gems/1.8/gems/mongrel-1.1.5/bin/../lib/mongrel/configurator.rb:282:in `run'
/usr/lib/ruby/gems/1.8/gems/mongrel-1.1.5/bin/../lib/mongrel/configurator.rb:281:in `each'
/usr/lib/ruby/gems/1.8/gems/mongrel-1.1.5/bin/../lib/mongrel/configurator.rb:281:in `run'
/usr/lib/ruby/gems/1.8/gems/mongrel-1.1.5/bin/mongrel_rails:128:in `run'
/usr/lib/ruby/gems/1.8/gems/mongrel-1.1.5/bin/../lib/mongrel/command.rb:212:in `run'
/usr/lib/ruby/gems/1.8/gems/mongrel-1.1.5/bin/mongrel_rails:281
/usr/bin/mongrel_rails:19:in `load'
/usr/bin/mongrel_rails:19
/srv/rails/quadomaniacy/app/controllers/site_controller.rb:11: warning: Object#id will be deprecated; use Object#object_id
/srv/rails/quadomaniacy/app/controllers/site_controller.rb:17: warning: Object#id will be deprecated; use Object#object_id
/srv/rails/quadomaniacy/app/controllers/site_controller.rb:11: warning: Object#id will be deprecated; use Object#object_id
/srv/rails/quadomaniacy/app/controllers/site_controller.rb:17: warning: Object#id will be deprecated; use Object#object_id
/srv/rails/quadomaniacy/app/controllers/site_controller.rb:11: warning: Object#id will be deprecated; use Object#object_id
/srv/rails/quadomaniacy/app/controllers/site_controller.rb:17: warning: Object#id will be deprecated; use Object#object_id
/srv/rails/quadomaniacy/app/controllers/site_controller.rb:11: warning: Object#id will be deprecated; use Object#object_id
/srv/rails/quadomaniacy/app/controllers/site_controller.rb:17: warning: Object#id will be deprecated; use Object#object_id
/srv/rails/quadomaniacy/app/controllers/site_controller.rb:11: warning: Object#id will be deprecated; use Object#object_id
/srv/rails/quadomaniacy/app/controllers/site_controller.rb:17: warning: Object#id will be deprecated; use Object#object_id
/srv/rails/quadomaniacy/app/controllers/site_controller.rb:11: warning: Object#id will be deprecated; use Object#object_id
/srv/rails/quadomaniacy/app/controllers/site_controller.rb:17: warning: Object#id will be deprecated; use Object#object_id
/srv/rails/quadomaniacy/app/controllers/site_controller.rb:11: warning: Object#id will be deprecated; use Object#object_id
/srv/rails/quadomaniacy/app/controllers/site_controller.rb:17: warning: Object#id will be deprecated; use Object#object_id
/srv/rails/quadomaniacy/app/controllers/site_controller.rb:11: warning: Object#id will be deprecated; use Object#object_id
/srv/rails/quadomaniacy/app/controllers/site_controller.rb:17: warning: Object#id will be deprecated; use Object#object_id
/srv/rails/quadomaniacy/app/controllers/site_controller.rb:11: warning: Object#id will be deprecated; use Object#object_id
/srv/rails/quadomaniacy/app/controllers/site_controller.rb:17: warning: Object#id will be deprecated; use Object#object_id
bbb{:description=>"", :qtype=>"", :company=>""}
/srv/rails/quadomaniacy/app/controllers/site_controller.rb:11: warning: Object#id will be deprecated; use Object#object_id
/srv/rails/quadomaniacy/app/controllers/site_controller.rb:17: warning: Object#id will be deprecated; use Object#object_id
/srv/rails/quadomaniacy/app/controllers/site_controller.rb:11: warning: Object#id will be deprecated; use Object#object_id
/srv/rails/quadomaniacy/app/controllers/site_controller.rb:17: warning: Object#id will be deprecated; use Object#object_id
/srv/rails/quadomaniacy/app/controllers/site_controller.rb:11: warning: Object#id will be deprecated; use Object#object_id
/srv/rails/quadomaniacy/app/controllers/site_controller.rb:17: warning: Object#id will be deprecated; use Object#object_id
$$$$#<User id: 2, login: "ozgood", email: "ozgood@o2.pl", name: "--", surname: "--", city: "Kraków", region: "małopolskie", skype: "", gg: "", phone: "", created_at: "2010-03-17 22:29:13", updated_at: "2010-05-21 21:08:44", birth: "1976-04-28", photo_id: 5, about: "Początkujący kierowca...:-)", sex: "m", crypted_password: "0e6211409ecf0a1b53fc5451bc48c5ac977463110f236575b08...", persistence_token: "e41b8851859487a3a2dc7d6f3c602ce88f60d16729a71544cb2...", perishable_token: "IP7RBFHudZ3iSJPHRN-g", login_count: 37, failed_login_count: 0, last_request_at: "2010-05-21 21:08:44", current_login_at: "2010-05-21 20:02:08", last_login_at: "2010-05-21 19:51:32", current_login_ip: "87.239.216.22", last_login_ip: "87.239.216.22", active: true>
$$$$#<User id: 5, login: "underdesign", email: "agencjaunderdesign@gmail.com", name: nil, surname: nil, city: "Kraków", region: "małopolskie", skype: nil, gg: nil, phone: nil, created_at: "2010-03-29 14:43:54", updated_at: "2010-03-29 14:43:54", birth: nil, photo_id: nil, about: nil, sex: nil, crypted_password: "d731f823a3e787855ba2492c856bffaf51463a847537c308ba4...", persistence_token: "5bc3299f9d7b12c197d1a189098ab6fc058e7175c40890f800d...", perishable_token: "pdg97TnOsSm8f7CJXnM1", login_count: 0, failed_login_count: 0, last_request_at: nil, current_login_at: nil, last_login_at: nil, current_login_ip: nil, last_login_ip: nil, active: false>
$$$$#<User id: 2, login: "ozgood", email: "ozgood@o2.pl", name: "--", surname: "--", city: "Kraków", region: "małopolskie", skype: "", gg: "", phone: "", created_at: "2010-03-17 22:29:13", updated_at: "2010-05-22 16:50:54", birth: "1976-04-28", photo_id: 5, about: "Początkujący kierowca...:-)", sex: "m", crypted_password: "0e6211409ecf0a1b53fc5451bc48c5ac977463110f236575b08...", persistence_token: "e41b8851859487a3a2dc7d6f3c602ce88f60d16729a71544cb2...", perishable_token: "d6FK4t7-mcgNwjZlPLoN", login_count: 38, failed_login_count: 0, last_request_at: "2010-05-22 16:50:54", current_login_at: "2010-05-22 15:12:08", last_login_at: "2010-05-21 20:02:08", current_login_ip: "87.239.216.22", last_login_ip: "87.239.216.22", active: true>
$$$$#<User id: 5, login: "underdesign", email: "agencjaunderdesign@gmail.com", name: nil, surname: nil, city: "Kraków", region: "małopolskie", skype: nil, gg: nil, phone: nil, created_at: "2010-03-29 14:43:54", updated_at: "2010-03-29 14:43:54", birth: nil, photo_id: nil, about: nil, sex: nil, crypted_password: "d731f823a3e787855ba2492c856bffaf51463a847537c308ba4...", persistence_token: "5bc3299f9d7b12c197d1a189098ab6fc058e7175c40890f800d...", perishable_token: "pdg97TnOsSm8f7CJXnM1", login_count: 0, failed_login_count: 0, last_request_at: nil, current_login_at: nil, last_login_at: nil, current_login_ip: nil, last_login_ip: nil, active: false>
** Daemonized, any open files are closed.  Look at tmp/pids/mongrel.5004.pid and log/mongrel.5004.log for info.
** Starting Mongrel listening at 127.0.0.1:5004
** Initiating groups for "rails":"rails".
** Couldn't change user and group to "rails":"rails": Operation not permitted.
** Mongrel failed to start.
** Daemonized, any open files are closed.  Look at tmp/pids/mongrel.5004.pid and log/mongrel.5004.log for info.
** Starting Mongrel listening at 127.0.0.1:5004
** Initiating groups for "rails":"rails".
** Changing group to "rails".
** Changing user to "rails".
** Starting Rails with production environment...
/opt/ruby1.8/lib/ruby/site_ruby/1.8/rubygems/custom_require.rb:31:in `gem_original_require': no such file to load -- /home/telpeloth/quadomaniacy2/config/environment (LoadError)
	from /opt/ruby1.8/lib/ruby/site_ruby/1.8/rubygems/custom_require.rb:31:in `require'
	from /opt/ruby1.8/lib/ruby/gems/1.8/gems/mongrel-1.1.6/bin/../lib/mongrel/rails.rb:147:in `rails'
	from /opt/ruby1.8/lib/ruby/gems/1.8/gems/mongrel-1.1.6/bin/mongrel_rails:115:in `cloaker_'
	from /opt/ruby1.8/lib/ruby/gems/1.8/gems/mongrel-1.1.6/bin/../lib/mongrel/configurator.rb:149:in `call'
	from /opt/ruby1.8/lib/ruby/gems/1.8/gems/mongrel-1.1.6/bin/../lib/mongrel/configurator.rb:149:in `listener'
	from /opt/ruby1.8/lib/ruby/gems/1.8/gems/mongrel-1.1.6/bin/mongrel_rails:101:in `cloaker_'
	from /opt/ruby1.8/lib/ruby/gems/1.8/gems/mongrel-1.1.6/bin/../lib/mongrel/configurator.rb:50:in `call'
	from /opt/ruby1.8/lib/ruby/gems/1.8/gems/mongrel-1.1.6/bin/../lib/mongrel/configurator.rb:50:in `initialize'
	from /opt/ruby1.8/lib/ruby/gems/1.8/gems/mongrel-1.1.6/bin/mongrel_rails:86:in `new'
	from /opt/ruby1.8/lib/ruby/gems/1.8/gems/mongrel-1.1.6/bin/mongrel_rails:86:in `run'
	from /opt/ruby1.8/lib/ruby/gems/1.8/gems/mongrel-1.1.6/bin/../lib/mongrel/command.rb:210:in `run'
	from /opt/ruby1.8/lib/ruby/gems/1.8/gems/mongrel-1.1.6/bin/mongrel_rails:283
	from /opt/ruby1.8/lib/ruby/gems/1.8/bin/mongrel_rails:19:in `load'
	from /opt/ruby1.8/lib/ruby/gems/1.8/bin/mongrel_rails:19
** Daemonized, any open files are closed.  Look at tmp/pids/mongrel.5004.pid and log/mongrel.5004.log for info.
** Starting Mongrel listening at 127.0.0.1:5004
** Initiating groups for "rails":"rails".
** Changing group to "rails".
** Changing user to "rails".
** Starting Rails with production environment...
/opt/ruby1.8/lib/ruby/site_ruby/1.8/rubygems/custom_require.rb:31:in `gem_original_require': no such file to load -- /home/telpeloth/quadomaniacy2/config/environment (LoadError)
	from /opt/ruby1.8/lib/ruby/site_ruby/1.8/rubygems/custom_require.rb:31:in `require'
	from /opt/ruby1.8/lib/ruby/gems/1.8/gems/mongrel-1.1.6/bin/../lib/mongrel/rails.rb:147:in `rails'
	from /opt/ruby1.8/lib/ruby/gems/1.8/gems/mongrel-1.1.6/bin/mongrel_rails:115:in `cloaker_'
	from /opt/ruby1.8/lib/ruby/gems/1.8/gems/mongrel-1.1.6/bin/../lib/mongrel/configurator.rb:149:in `call'
	from /opt/ruby1.8/lib/ruby/gems/1.8/gems/mongrel-1.1.6/bin/../lib/mongrel/configurator.rb:149:in `listener'
	from /opt/ruby1.8/lib/ruby/gems/1.8/gems/mongrel-1.1.6/bin/mongrel_rails:101:in `cloaker_'
	from /opt/ruby1.8/lib/ruby/gems/1.8/gems/mongrel-1.1.6/bin/../lib/mongrel/configurator.rb:50:in `call'
	from /opt/ruby1.8/lib/ruby/gems/1.8/gems/mongrel-1.1.6/bin/../lib/mongrel/configurator.rb:50:in `initialize'
	from /opt/ruby1.8/lib/ruby/gems/1.8/gems/mongrel-1.1.6/bin/mongrel_rails:86:in `new'
	from /opt/ruby1.8/lib/ruby/gems/1.8/gems/mongrel-1.1.6/bin/mongrel_rails:86:in `run'
	from /opt/ruby1.8/lib/ruby/gems/1.8/gems/mongrel-1.1.6/bin/../lib/mongrel/command.rb:210:in `run'
	from /opt/ruby1.8/lib/ruby/gems/1.8/gems/mongrel-1.1.6/bin/mongrel_rails:283
	from /opt/ruby1.8/lib/ruby/gems/1.8/bin/mongrel_rails:19:in `load'
	from /opt/ruby1.8/lib/ruby/gems/1.8/bin/mongrel_rails:19
** Daemonized, any open files are closed.  Look at tmp/pids/mongrel.5004.pid and log/mongrel.5004.log for info.
** Starting Mongrel listening at 127.0.0.1:5004
** Initiating groups for "rails":"rails".
** Changing group to "rails".
** Changing user to "rails".
** Starting Rails with production environment...
/opt/ruby1.8/lib/ruby/site_ruby/1.8/rubygems/custom_require.rb:31:in `gem_original_require': no such file to load -- /home/telpeloth/quadomaniacy2/config/environment (LoadError)
	from /opt/ruby1.8/lib/ruby/site_ruby/1.8/rubygems/custom_require.rb:31:in `require'
	from /opt/ruby1.8/lib/ruby/gems/1.8/gems/mongrel-1.1.6/bin/../lib/mongrel/rails.rb:147:in `rails'
	from /opt/ruby1.8/lib/ruby/gems/1.8/gems/mongrel-1.1.6/bin/mongrel_rails:115:in `cloaker_'
	from /opt/ruby1.8/lib/ruby/gems/1.8/gems/mongrel-1.1.6/bin/../lib/mongrel/configurator.rb:149:in `call'
	from /opt/ruby1.8/lib/ruby/gems/1.8/gems/mongrel-1.1.6/bin/../lib/mongrel/configurator.rb:149:in `listener'
	from /opt/ruby1.8/lib/ruby/gems/1.8/gems/mongrel-1.1.6/bin/mongrel_rails:101:in `cloaker_'
	from /opt/ruby1.8/lib/ruby/gems/1.8/gems/mongrel-1.1.6/bin/../lib/mongrel/configurator.rb:50:in `call'
	from /opt/ruby1.8/lib/ruby/gems/1.8/gems/mongrel-1.1.6/bin/../lib/mongrel/configurator.rb:50:in `initialize'
	from /opt/ruby1.8/lib/ruby/gems/1.8/gems/mongrel-1.1.6/bin/mongrel_rails:86:in `new'
	from /opt/ruby1.8/lib/ruby/gems/1.8/gems/mongrel-1.1.6/bin/mongrel_rails:86:in `run'
	from /opt/ruby1.8/lib/ruby/gems/1.8/gems/mongrel-1.1.6/bin/../lib/mongrel/command.rb:210:in `run'
	from /opt/ruby1.8/lib/ruby/gems/1.8/gems/mongrel-1.1.6/bin/mongrel_rails:283
	from /opt/ruby1.8/lib/ruby/gems/1.8/bin/mongrel_rails:19:in `load'
	from /opt/ruby1.8/lib/ruby/gems/1.8/bin/mongrel_rails:19
** Daemonized, any open files are closed.  Look at tmp/pids/mongrel.5004.pid and log/mongrel.5004.log for info.
** Starting Mongrel listening at 127.0.0.1:5004
** Initiating groups for "rails":"rails".
** Changing group to "rails".
** Changing user to "rails".
** Starting Rails with production environment...
/opt/ruby1.8/lib/ruby/site_ruby/1.8/rubygems/custom_require.rb:31:in `gem_original_require': no such file to load -- /home/telpeloth/quadomaniacy2/config/environment (LoadError)
	from /opt/ruby1.8/lib/ruby/site_ruby/1.8/rubygems/custom_require.rb:31:in `require'
	from /opt/ruby1.8/lib/ruby/gems/1.8/gems/mongrel-1.1.6/bin/../lib/mongrel/rails.rb:147:in `rails'
	from /opt/ruby1.8/lib/ruby/gems/1.8/gems/mongrel-1.1.6/bin/mongrel_rails:115:in `cloaker_'
	from /opt/ruby1.8/lib/ruby/gems/1.8/gems/mongrel-1.1.6/bin/../lib/mongrel/configurator.rb:149:in `call'
	from /opt/ruby1.8/lib/ruby/gems/1.8/gems/mongrel-1.1.6/bin/../lib/mongrel/configurator.rb:149:in `listener'
	from /opt/ruby1.8/lib/ruby/gems/1.8/gems/mongrel-1.1.6/bin/mongrel_rails:101:in `cloaker_'
	from /opt/ruby1.8/lib/ruby/gems/1.8/gems/mongrel-1.1.6/bin/../lib/mongrel/configurator.rb:50:in `call'
	from /opt/ruby1.8/lib/ruby/gems/1.8/gems/mongrel-1.1.6/bin/../lib/mongrel/configurator.rb:50:in `initialize'
	from /opt/ruby1.8/lib/ruby/gems/1.8/gems/mongrel-1.1.6/bin/mongrel_rails:86:in `new'
	from /opt/ruby1.8/lib/ruby/gems/1.8/gems/mongrel-1.1.6/bin/mongrel_rails:86:in `run'
	from /opt/ruby1.8/lib/ruby/gems/1.8/gems/mongrel-1.1.6/bin/../lib/mongrel/command.rb:210:in `run'
	from /opt/ruby1.8/lib/ruby/gems/1.8/gems/mongrel-1.1.6/bin/mongrel_rails:283
	from /opt/ruby1.8/lib/ruby/gems/1.8/bin/mongrel_rails:19:in `load'
	from /opt/ruby1.8/lib/ruby/gems/1.8/bin/mongrel_rails:19
** Daemonized, any open files are closed.  Look at tmp/pids/mongrel.5004.pid and log/mongrel.5004.log for info.
** Starting Mongrel listening at 127.0.0.1:5004
** Initiating groups for "rails":"rails".
** Changing group to "rails".
** Changing user to "rails".
** Starting Rails with production environment...
/opt/ruby1.8/lib/ruby/site_ruby/1.8/rubygems/custom_require.rb:31:in `gem_original_require': no such file to load -- /home/telpeloth/quadomaniacy2/config/environment (LoadError)
	from /opt/ruby1.8/lib/ruby/site_ruby/1.8/rubygems/custom_require.rb:31:in `require'
	from /opt/ruby1.8/lib/ruby/gems/1.8/gems/mongrel-1.1.6/bin/../lib/mongrel/rails.rb:147:in `rails'
	from /opt/ruby1.8/lib/ruby/gems/1.8/gems/mongrel-1.1.6/bin/mongrel_rails:115:in `cloaker_'
	from /opt/ruby1.8/lib/ruby/gems/1.8/gems/mongrel-1.1.6/bin/../lib/mongrel/configurator.rb:149:in `call'
	from /opt/ruby1.8/lib/ruby/gems/1.8/gems/mongrel-1.1.6/bin/../lib/mongrel/configurator.rb:149:in `listener'
	from /opt/ruby1.8/lib/ruby/gems/1.8/gems/mongrel-1.1.6/bin/mongrel_rails:101:in `cloaker_'
	from /opt/ruby1.8/lib/ruby/gems/1.8/gems/mongrel-1.1.6/bin/../lib/mongrel/configurator.rb:50:in `call'
	from /opt/ruby1.8/lib/ruby/gems/1.8/gems/mongrel-1.1.6/bin/../lib/mongrel/configurator.rb:50:in `initialize'
	from /opt/ruby1.8/lib/ruby/gems/1.8/gems/mongrel-1.1.6/bin/mongrel_rails:86:in `new'
	from /opt/ruby1.8/lib/ruby/gems/1.8/gems/mongrel-1.1.6/bin/mongrel_rails:86:in `run'
	from /opt/ruby1.8/lib/ruby/gems/1.8/gems/mongrel-1.1.6/bin/../lib/mongrel/command.rb:210:in `run'
	from /opt/ruby1.8/lib/ruby/gems/1.8/gems/mongrel-1.1.6/bin/mongrel_rails:283
	from /opt/ruby1.8/lib/ruby/gems/1.8/bin/mongrel_rails:19:in `load'
	from /opt/ruby1.8/lib/ruby/gems/1.8/bin/mongrel_rails:19
** Daemonized, any open files are closed.  Look at tmp/pids/mongrel.5004.pid and log/mongrel.5004.log for info.
** Starting Mongrel listening at 127.0.0.1:5004
** Initiating groups for "rails":"rails".
** Changing group to "rails".
** Changing user to "rails".
** Starting Rails with production environment...
/opt/ruby1.8/lib/ruby/site_ruby/1.8/rubygems/custom_require.rb:31:in `gem_original_require': no such file to load -- /home/telpeloth/quadomaniacy2/config/environment (LoadError)
	from /opt/ruby1.8/lib/ruby/site_ruby/1.8/rubygems/custom_require.rb:31:in `require'
	from /opt/ruby1.8/lib/ruby/gems/1.8/gems/mongrel-1.1.6/bin/../lib/mongrel/rails.rb:147:in `rails'
	from /opt/ruby1.8/lib/ruby/gems/1.8/gems/mongrel-1.1.6/bin/mongrel_rails:115:in `cloaker_'
	from /opt/ruby1.8/lib/ruby/gems/1.8/gems/mongrel-1.1.6/bin/../lib/mongrel/configurator.rb:149:in `call'
	from /opt/ruby1.8/lib/ruby/gems/1.8/gems/mongrel-1.1.6/bin/../lib/mongrel/configurator.rb:149:in `listener'
	from /opt/ruby1.8/lib/ruby/gems/1.8/gems/mongrel-1.1.6/bin/mongrel_rails:101:in `cloaker_'
	from /opt/ruby1.8/lib/ruby/gems/1.8/gems/mongrel-1.1.6/bin/../lib/mongrel/configurator.rb:50:in `call'
	from /opt/ruby1.8/lib/ruby/gems/1.8/gems/mongrel-1.1.6/bin/../lib/mongrel/configurator.rb:50:in `initialize'
	from /opt/ruby1.8/lib/ruby/gems/1.8/gems/mongrel-1.1.6/bin/mongrel_rails:86:in `new'
	from /opt/ruby1.8/lib/ruby/gems/1.8/gems/mongrel-1.1.6/bin/mongrel_rails:86:in `run'
	from /opt/ruby1.8/lib/ruby/gems/1.8/gems/mongrel-1.1.6/bin/../lib/mongrel/command.rb:210:in `run'
	from /opt/ruby1.8/lib/ruby/gems/1.8/gems/mongrel-1.1.6/bin/mongrel_rails:283
	from /opt/ruby1.8/lib/ruby/gems/1.8/bin/mongrel_rails:19:in `load'
	from /opt/ruby1.8/lib/ruby/gems/1.8/bin/mongrel_rails:19
** Daemonized, any open files are closed.  Look at tmp/pids/mongrel.5004.pid and log/mongrel.5004.log for info.
** Starting Mongrel listening at 127.0.0.1:5004
** Initiating groups for "rails":"rails".
** Changing group to "rails".
** Changing user to "rails".
** Starting Rails with production environment...
/opt/ruby1.8/lib/ruby/site_ruby/1.8/rubygems/custom_require.rb:31:in `gem_original_require': no such file to load -- /home/telpeloth/quadomaniacy2/config/environment (LoadError)
	from /opt/ruby1.8/lib/ruby/site_ruby/1.8/rubygems/custom_require.rb:31:in `require'
	from /opt/ruby1.8/lib/ruby/gems/1.8/gems/mongrel-1.1.6/bin/../lib/mongrel/rails.rb:147:in `rails'
	from /opt/ruby1.8/lib/ruby/gems/1.8/gems/mongrel-1.1.6/bin/mongrel_rails:115:in `cloaker_'
	from /opt/ruby1.8/lib/ruby/gems/1.8/gems/mongrel-1.1.6/bin/../lib/mongrel/configurator.rb:149:in `call'
	from /opt/ruby1.8/lib/ruby/gems/1.8/gems/mongrel-1.1.6/bin/../lib/mongrel/configurator.rb:149:in `listener'
	from /opt/ruby1.8/lib/ruby/gems/1.8/gems/mongrel-1.1.6/bin/mongrel_rails:101:in `cloaker_'
	from /opt/ruby1.8/lib/ruby/gems/1.8/gems/mongrel-1.1.6/bin/../lib/mongrel/configurator.rb:50:in `call'
	from /opt/ruby1.8/lib/ruby/gems/1.8/gems/mongrel-1.1.6/bin/../lib/mongrel/configurator.rb:50:in `initialize'
	from /opt/ruby1.8/lib/ruby/gems/1.8/gems/mongrel-1.1.6/bin/mongrel_rails:86:in `new'
	from /opt/ruby1.8/lib/ruby/gems/1.8/gems/mongrel-1.1.6/bin/mongrel_rails:86:in `run'
	from /opt/ruby1.8/lib/ruby/gems/1.8/gems/mongrel-1.1.6/bin/../lib/mongrel/command.rb:210:in `run'
	from /opt/ruby1.8/lib/ruby/gems/1.8/gems/mongrel-1.1.6/bin/mongrel_rails:283
	from /opt/ruby1.8/lib/ruby/gems/1.8/bin/mongrel_rails:19:in `load'
	from /opt/ruby1.8/lib/ruby/gems/1.8/bin/mongrel_rails:19
** Daemonized, any open files are closed.  Look at tmp/pids/mongrel.5004.pid and log/mongrel.5004.log for info.
** Starting Mongrel listening at 127.0.0.1:5004
** Initiating groups for "rails":"rails".
** Changing group to "rails".
** Changing user to "rails".
** Starting Rails with production environment...
/usr/lib/ruby/gems/1.8/gems/activerecord-2.3.4/lib/active_record/connection_adapters/abstract/connection_specification.rb:62:in `establish_connection': production database is not configured (ActiveRecord::AdapterNotSpecified)
	from /usr/lib/ruby/gems/1.8/gems/activerecord-2.3.4/lib/active_record/connection_adapters/abstract/connection_specification.rb:55:in `establish_connection'
	from /usr/lib/ruby/gems/1.8/gems/rails-2.3.4/lib/initializer.rb:438:in `initialize_database'
	from /usr/lib/ruby/gems/1.8/gems/rails-2.3.4/lib/initializer.rb:141:in `process'
	from /usr/lib/ruby/gems/1.8/gems/rails-2.3.4/lib/initializer.rb:113:in `send'
	from /usr/lib/ruby/gems/1.8/gems/rails-2.3.4/lib/initializer.rb:113:in `run'
	from /srv/rails/quadomaniacy/config/environment.rb:13
	from /usr/lib/ruby/site_ruby/1.8/rubygems/custom_require.rb:31:in `gem_original_require'
	from /usr/lib/ruby/site_ruby/1.8/rubygems/custom_require.rb:31:in `require'
	from /usr/lib/ruby/gems/1.8/gems/mongrel-1.1.5/bin/../lib/mongrel/rails.rb:147:in `rails'
	from /usr/lib/ruby/gems/1.8/gems/mongrel-1.1.5/bin/mongrel_rails:113:in `cloaker_'
	from /usr/lib/ruby/gems/1.8/gems/mongrel-1.1.5/bin/../lib/mongrel/configurator.rb:149:in `call'
	from /usr/lib/ruby/gems/1.8/gems/mongrel-1.1.5/bin/../lib/mongrel/configurator.rb:149:in `listener'
	from /usr/lib/ruby/gems/1.8/gems/mongrel-1.1.5/bin/mongrel_rails:99:in `cloaker_'
	from /usr/lib/ruby/gems/1.8/gems/mongrel-1.1.5/bin/../lib/mongrel/configurator.rb:50:in `call'
	from /usr/lib/ruby/gems/1.8/gems/mongrel-1.1.5/bin/../lib/mongrel/configurator.rb:50:in `initialize'
	from /usr/lib/ruby/gems/1.8/gems/mongrel-1.1.5/bin/mongrel_rails:84:in `new'
	from /usr/lib/ruby/gems/1.8/gems/mongrel-1.1.5/bin/mongrel_rails:84:in `run'
	from /usr/lib/ruby/gems/1.8/gems/mongrel-1.1.5/bin/../lib/mongrel/command.rb:212:in `run'
	from /usr/lib/ruby/gems/1.8/gems/mongrel-1.1.5/bin/mongrel_rails:281
	from /usr/bin/mongrel_rails:19:in `load'
	from /usr/bin/mongrel_rails:19
** Daemonized, any open files are closed.  Look at tmp/pids/mongrel.5004.pid and log/mongrel.5004.log for info.
** Starting Mongrel listening at 127.0.0.1:5004
** Initiating groups for "rails":"rails".
** Changing group to "rails".
** Changing user to "rails".
** Starting Rails with production environment...
Rails Error: Unable to access log file. Please ensure that /srv/rails/quadomaniacy/log/production.log exists and is chmod 0666. The log level has been raised to WARN and the output directed to STDERR until the problem is fixed.
/usr/lib/ruby/1.8/logger.rb:518:in `initialize': Permission denied - /srv/rails/quadomaniacy/log/acts_as_ferret.log (Errno::EACCES)
	from /usr/lib/ruby/1.8/logger.rb:518:in `open'
	from /usr/lib/ruby/1.8/logger.rb:518:in `open_logfile'
	from /usr/lib/ruby/1.8/logger.rb:487:in `initialize'
	from /usr/lib/ruby/1.8/logger.rb:263:in `new'
	from /usr/lib/ruby/1.8/logger.rb:263:in `initialize'
	from /srv/rails/quadomaniacy/vendor/plugins/acts_as_ferret/lib/acts_as_ferret.rb:110:in `new'
	from /srv/rails/quadomaniacy/vendor/plugins/acts_as_ferret/lib/acts_as_ferret.rb:110
	from /usr/lib/ruby/site_ruby/1.8/rubygems/custom_require.rb:31:in `gem_original_require'
	from /usr/lib/ruby/site_ruby/1.8/rubygems/custom_require.rb:31:in `require'
	from /usr/lib/ruby/gems/1.8/gems/activesupport-2.3.4/lib/active_support/dependencies.rb:158:in `require'
	from /srv/rails/quadomaniacy/vendor/plugins/acts_as_ferret/init.rb:21:in `evaluate_init_rb'
	from /usr/lib/ruby/gems/1.8/gems/rails-2.3.4/lib/rails/plugin.rb:158:in `evaluate_init_rb'
	from /usr/lib/ruby/gems/1.8/gems/activesupport-2.3.4/lib/active_support/core_ext/kernel/reporting.rb:11:in `silence_warnings'
	from /usr/lib/ruby/gems/1.8/gems/rails-2.3.4/lib/rails/plugin.rb:154:in `evaluate_init_rb'
	from /usr/lib/ruby/gems/1.8/gems/rails-2.3.4/lib/rails/plugin.rb:48:in `load'
	from /usr/lib/ruby/gems/1.8/gems/rails-2.3.4/lib/rails/plugin/loader.rb:38:in `load_plugins'
	from /usr/lib/ruby/gems/1.8/gems/rails-2.3.4/lib/rails/plugin/loader.rb:37:in `each'
	from /usr/lib/ruby/gems/1.8/gems/rails-2.3.4/lib/rails/plugin/loader.rb:37:in `load_plugins'
	from /usr/lib/ruby/gems/1.8/gems/rails-2.3.4/lib/initializer.rb:369:in `load_plugins'
	from /usr/lib/ruby/gems/1.8/gems/rails-2.3.4/lib/initializer.rb:165:in `process'
	from /usr/lib/ruby/gems/1.8/gems/rails-2.3.4/lib/initializer.rb:113:in `send'
	from /usr/lib/ruby/gems/1.8/gems/rails-2.3.4/lib/initializer.rb:113:in `run'
	from /srv/rails/quadomaniacy/config/environment.rb:13
	from /usr/lib/ruby/site_ruby/1.8/rubygems/custom_require.rb:31:in `gem_original_require'
	from /usr/lib/ruby/site_ruby/1.8/rubygems/custom_require.rb:31:in `require'
	from /usr/lib/ruby/gems/1.8/gems/mongrel-1.1.5/bin/../lib/mongrel/rails.rb:147:in `rails'
	from /usr/lib/ruby/gems/1.8/gems/mongrel-1.1.5/bin/mongrel_rails:113:in `cloaker_'
	from /usr/lib/ruby/gems/1.8/gems/mongrel-1.1.5/bin/../lib/mongrel/configurator.rb:149:in `call'
	from /usr/lib/ruby/gems/1.8/gems/mongrel-1.1.5/bin/../lib/mongrel/configurator.rb:149:in `listener'
	from /usr/lib/ruby/gems/1.8/gems/mongrel-1.1.5/bin/mongrel_rails:99:in `cloaker_'
	from /usr/lib/ruby/gems/1.8/gems/mongrel-1.1.5/bin/../lib/mongrel/configurator.rb:50:in `call'
	from /usr/lib/ruby/gems/1.8/gems/mongrel-1.1.5/bin/../lib/mongrel/configurator.rb:50:in `initialize'
	from /usr/lib/ruby/gems/1.8/gems/mongrel-1.1.5/bin/mongrel_rails:84:in `new'
	from /usr/lib/ruby/gems/1.8/gems/mongrel-1.1.5/bin/mongrel_rails:84:in `run'
	from /usr/lib/ruby/gems/1.8/gems/mongrel-1.1.5/bin/../lib/mongrel/command.rb:212:in `run'
	from /usr/lib/ruby/gems/1.8/gems/mongrel-1.1.5/bin/mongrel_rails:281
	from /usr/bin/mongrel_rails:19:in `load'
	from /usr/bin/mongrel_rails:19
** Daemonized, any open files are closed.  Look at tmp/pids/mongrel.5004.pid and log/mongrel.5004.log for info.
** Starting Mongrel listening at 127.0.0.1:5004
** Initiating groups for "rails":"rails".
** Changing group to "rails".
** Changing user to "rails".
** Starting Rails with production environment...
** Rails loaded.
** Loading any Rails specific GemPlugins
** Loading config/mongrel_upload_progress.conf external config script
** Signals ready.  TERM => stop.  USR2 => restart.  INT => stop (no restart).
** Rails signals registered.  HUP => reload (without restart).  It might not work well.
** Mongrel 1.1.5 available at 127.0.0.1:5004
** Writing PID file to tmp/pids/mongrel.5004.pid
** TERM signal received.
** Daemonized, any open files are closed.  Look at tmp/pids/mongrel.5004.pid and log/mongrel.5004.log for info.
** Starting Mongrel listening at 127.0.0.1:5004
** Initiating groups for "rails":"rails".
** Changing group to "rails".
** Changing user to "rails".
** Starting Rails with production environment...
** Rails loaded.
** Loading any Rails specific GemPlugins
** Loading config/mongrel_upload_progress.conf external config script
** Signals ready.  TERM => stop.  USR2 => restart.  INT => stop (no restart).
** Rails signals registered.  HUP => reload (without restart).  It might not work well.
** Mongrel 1.1.5 available at 127.0.0.1:5004
** Writing PID file to tmp/pids/mongrel.5004.pid
** Daemonized, any open files are closed.  Look at tmp/pids/mongrel.5004.pid and log/mongrel.5004.log for info.
** Starting Mongrel listening at 127.0.0.1:5004
** Initiating groups for "rails":"rails".
** Changing group to "rails".
** Changing user to "rails".
** Starting Rails with production environment...
** Rails loaded.
** Loading any Rails specific GemPlugins
** Loading config/mongrel_upload_progress.conf external config script
** Signals ready.  TERM => stop.  USR2 => restart.  INT => stop (no restart).
** Rails signals registered.  HUP => reload (without restart).  It might not work well.
** Mongrel 1.1.5 available at 127.0.0.1:5004
** Writing PID file to tmp/pids/mongrel.5004.pid
** TERM signal received.
** Daemonized, any open files are closed.  Look at tmp/pids/mongrel.5004.pid and log/mongrel.5004.log for info.
** Starting Mongrel listening at 127.0.0.1:5004
** Initiating groups for "rails":"rails".
** Changing group to "rails".
** Changing user to "rails".
** Starting Rails with production environment...
** Rails loaded.
** Loading any Rails specific GemPlugins
** Loading config/mongrel_upload_progress.conf external config script
** Signals ready.  TERM => stop.  USR2 => restart.  INT => stop (no restart).
** Rails signals registered.  HUP => reload (without restart).  It might not work well.
** Mongrel 1.1.5 available at 127.0.0.1:5004
** Writing PID file to tmp/pids/mongrel.5004.pid
** TERM signal received.
** Daemonized, any open files are closed.  Look at tmp/pids/mongrel.5004.pid and log/mongrel.5004.log for info.
** Starting Mongrel listening at 127.0.0.1:5004
** Initiating groups for "rails":"rails".
** Changing group to "rails".
** Changing user to "rails".
** Starting Rails with production environment...
** Rails loaded.
** Loading any Rails specific GemPlugins
** Loading config/mongrel_upload_progress.conf external config script
** Signals ready.  TERM => stop.  USR2 => restart.  INT => stop (no restart).
** Rails signals registered.  HUP => reload (without restart).  It might not work well.
** Mongrel 1.1.5 available at 127.0.0.1:5004
** Writing PID file to tmp/pids/mongrel.5004.pid
** TERM signal received.
** Daemonized, any open files are closed.  Look at tmp/pids/mongrel.5004.pid and log/mongrel.5004.log for info.
** Starting Mongrel listening at 127.0.0.1:5004
** Initiating groups for "rails":"rails".
** Changing group to "rails".
** Changing user to "rails".
** Starting Rails with production environment...
** Rails loaded.
** Loading any Rails specific GemPlugins
** Loading config/mongrel_upload_progress.conf external config script
** Signals ready.  TERM => stop.  USR2 => restart.  INT => stop (no restart).
** Rails signals registered.  HUP => reload (without restart).  It might not work well.
** Mongrel 1.1.5 available at 127.0.0.1:5004
** Writing PID file to tmp/pids/mongrel.5004.pid
** TERM signal received.
** Daemonized, any open files are closed.  Look at tmp/pids/mongrel.5004.pid and log/mongrel.5004.log for info.
** Starting Mongrel listening at 127.0.0.1:5004
** Initiating groups for "rails":"rails".
** Changing group to "rails".
** Changing user to "rails".
** Starting Rails with production environment...
** Rails loaded.
** Loading any Rails specific GemPlugins
** Loading config/mongrel_upload_progress.conf external config script
** Signals ready.  TERM => stop.  USR2 => restart.  INT => stop (no restart).
** Rails signals registered.  HUP => reload (without restart).  It might not work well.
** Mongrel 1.1.5 available at 127.0.0.1:5004
** Writing PID file to tmp/pids/mongrel.5004.pid
** TERM signal received.
** Daemonized, any open files are closed.  Look at tmp/pids/mongrel.5004.pid and log/mongrel.5004.log for info.
** Starting Mongrel listening at 127.0.0.1:5004
** Initiating groups for "rails":"rails".
** Changing group to "rails".
** Changing user to "rails".
** Starting Rails with production environment...
** Rails loaded.
** Loading any Rails specific GemPlugins
** Loading config/mongrel_upload_progress.conf external config script
** Signals ready.  TERM => stop.  USR2 => restart.  INT => stop (no restart).
** Rails signals registered.  HUP => reload (without restart).  It might not work well.
** Mongrel 1.1.5 available at 127.0.0.1:5004
** Writing PID file to tmp/pids/mongrel.5004.pid
Converting file #<File:0x7f766b0ee028> sized 43046916
FFmpeg version 0.5, Copyright (c) 2000-2009 Fabrice Bellard, et al.
  configuration: --prefix=/usr --enable-gpl --enable-libmp3lame --enable-libvorbis --enable-libfaac --enable-libfaad --enable-libxvid --enable-libx264 --enable-libtheora --enable-postproc --enable-shared --enable-pthreads --enable-x11grab --enable-swscale
  libavutil     49.15. 0 / 49.15. 0
  libavcodec    52.20. 0 / 52.20. 0
  libavformat   52.31. 0 / 52.31. 0
  libavdevice   52. 1. 0 / 52. 1. 0
  libswscale     0. 7. 1 /  0. 7. 1
  libpostproc   51. 2. 0 / 51. 2. 0
  built on Apr 18 2009 20:24:32, gcc: 4.3.3
Input #0, mpeg, from 'public/images/data/2/1279743474629x.flv':
  Duration: 00:04:08.00, start: 0.220000, bitrate: 1388 kb/s
    Stream #0.0[0x1e0]: Video: mpeg1video, yuv420p, 352x288 [PAR 178:163 DAR 1958:1467], 1150 kb/s, 25 tbr, 90k tbn, 25 tbc
    Stream #0.1[0x1c0]: Audio: mp2, 44100 Hz, stereo, s16, 224 kb/s
Output #0, flv, to 'public/images/data/2/1279743474629.flv':
    Stream #0.0: Video: flv, yuv420p, 512x384 [PAR 1:1 DAR 4:3], q=2-31, 1000 kb/s, 90k tbn, 25 tbc
    Stream #0.1: Audio: libmp3lame, 44100 Hz, stereo, s16, 128 kb/s
Stream mapping:
  Stream #0.0 -> #0.0
  Stream #0.1 -> #0.1
Press [q] to stop encoding
frame=   84 fps=  0 q=3.5 size=     605kB time=3.19 bitrate=1555.7kbits/s    frame=  165 fps=164 q=5.4 size=    1137kB time=6.48 bitrate=1437.4kbits/s    frame=  245 fps=163 q=4.1 size=    1544kB time=9.67 bitrate=1308.9kbits/s    frame=  326 fps=162 q=6.1 size=    1979kB time=12.88 bitrate=1259.2kbits/s    frame=  407 fps=162 q=4.5 size=    2411kB time=16.12 bitrate=1225.3kbits/s    frame=  487 fps=162 q=4.3 size=    2832kB time=19.28 bitrate=1203.3kbits/s    frame=  565 fps=161 q=3.7 size=    3245kB time=22.44 bitrate=1184.6kbits/s    frame=  642 fps=160 q=4.9 size=    3686kB time=25.55 bitrate=1182.0kbits/s    frame=  720 fps=160 q=3.5 size=    4115kB time=28.63 bitrate=1177.4kbits/s    frame=  802 fps=160 q=4.7 size=    4556kB time=31.95 bitrate=1168.2kbits/s    frame=  884 fps=160 q=4.3 size=    5043kB time=35.27 bitrate=1171.6kbits/s    frame=  967 fps=161 q=3.4 size=    5477kB time=38.53 bitrate=1164.4kbits/s    frame= 1047 fps=161 q=3.4 size=    5923kB time=41.72 bitrate=1163.1kbits/s    frame= 1129 fps=161 q=3.8 size=    6391kB time=45.04 bitrate=1162.5kbits/s    frame= 1214 fps=161 q=3.7 size=    6894kB time=48.43 bitrate=1166.1kbits/s    frame= 1300 fps=162 q=3.4 size=    7392kB time=51.88 bitrate=1167.2kbits/s    frame= 1387 fps=163 q=3.9 size=    7857kB time=55.30 bitrate=1163.9kbits/s    frame= 1474 fps=163 q=3.6 size=    8369kB time=58.80 bitrate=1165.9kbits/s    frame= 1558 fps=164 q=3.4 size=    8832kB time=62.17 bitrate=1163.7kbits/s    frame= 1643 fps=164 q=4.4 size=    9281kB time=65.54 bitrate=1160.0kbits/s    frame= 1724 fps=164 q=5.0 size=    9729kB time=68.86 bitrate=1157.4kbits/s    frame= 1809 fps=164 q=5.1 size=   10189kB time=72.15 bitrate=1156.9kbits/s    frame= 1892 fps=164 q=7.7 size=   10702kB time=75.55 bitrate=1160.5kbits/s    frame= 1972 fps=164 q=7.1 size=   11160kB time=78.88 bitrate=1159.0kbits/s    frame= 2054 fps=164 q=5.0 size=   11595kB time=82.13 bitrate=1156.6kbits/s    frame= 2138 fps=164 q=5.5 size=   12035kB time=85.45 bitrate=1153.9kbits/s    frame= 2225 fps=164 q=3.0 size=   12486kB time=88.87 bitrate=1150.9kbits/s    frame= 2312 fps=165 q=3.3 size=   12951kB time=92.37 bitrate=1148.6kbits/s    frame= 2397 fps=165 q=3.8 size=   13443kB time=95.82 bitrate=1149.3kbits/s    frame= 2482 fps=165 q=5.7 size=   13928kB time=99.14 bitrate=1150.9kbits/s    frame= 2562 fps=165 q=4.0 size=   14375kB time=102.35 bitrate=1150.6kbits/s    frame= 2645 fps=165 q=3.8 size=   14823kB time=105.64 bitrate=1149.5kbits/s    frame= 2729 fps=165 q=1.9 size=   15276kB time=109.01 bitrate=1148.0kbits/s    frame= 2810 fps=165 q=5.6 size=   15788kB time=112.38 bitrate=1150.9kbits/s    frame= 2892 fps=165 q=7.2 size=   16283kB time=115.62 bitrate=1153.7kbits/s    frame= 2974 fps=165 q=6.2 size=   16750kB time=118.81 bitrate=1155.0kbits/s    frame= 3056 fps=165 q=9.3 size=   17205kB time=122.12 bitrate=1154.1kbits/s    frame= 3138 fps=165 q=8.7 size=   17666kB time=125.39 bitrate=1154.2kbits/s    frame= 3218 fps=165 q=6.2 size=   18092kB time=128.63 bitrate=1152.3kbits/s    frame= 3299 fps=164 q=5.8 size=   18522kB time=131.79 bitrate=1151.3kbits/s    frame= 3379 fps=164 q=5.2 size=   18954kB time=135.03 bitrate=1149.9kbits/s    frame= 3457 fps=164 q=6.6 size=   19390kB time=138.11 bitrate=1150.1kbits/s    frame= 3536 fps=164 q=6.5 size=   19843kB time=141.30 bitrate=1150.4kbits/s    frame= 3616 fps=164 q=5.7 size=   20284kB time=144.48 bitrate=1150.1kbits/s    frame= 3695 fps=164 q=4.4 size=   20715kB time=147.64 bitrate=1149.4kbits/s    frame= 3775 fps=164 q=6.1 size=   21133kB time=150.83 bitrate=1147.8kbits/s    frame= 3854 fps=163 q=5.8 size=   21582kB time=153.97 bitrate=1148.3kbits/s    frame= 3930 fps=163 q=7.7 size=   22023kB time=157.07 bitrate=1148.6kbits/s    frame= 4013 fps=163 q=2.0 size=   22441kB time=160.39 bitrate=1146.2kbits/s    frame= 4096 fps=163 q=3.0 size=   22880kB time=163.79 bitrate=1144.4kbits/s    frame= 4179 fps=163 q=5.4 size=   23323kB time=167.16 bitrate=1143.0kbits/s    frame= 4260 fps=163 q=4.6 size=   23817kB time=170.40 bitrate=1145.0kbits/s    frame= 4341 fps=163 q=4.8 size=   24267kB time=173.58 bitrate=1145.2kbits/s    frame= 4423 fps=163 q=4.1 size=   24693kB time=176.80 bitrate=1144.2kbits/s    frame= 4502 fps=163 q=4.3 size=   25143kB time=179.96 bitrate=1144.6kbits/s    frame= 4582 fps=163 q=7.6 size=   25613kB time=183.17 bitrate=1145.5kbits/s    frame= 4664 fps=163 q=4.9 size=   26075kB time=186.36 bitrate=1146.2kbits/s    frame= 4744 fps=163 q=4.8 size=   26525kB time=189.57 bitrate=1146.2kbits/s    frame= 4823 fps=163 q=9.4 size=   26992kB time=192.73 bitrate=1147.3kbits/s    frame= 4903 fps=163 q=8.6 size=   27450kB time=195.97 bitrate=1147.5kbits/s    frame= 4981 fps=163 q=6.8 size=   27864kB time=199.13 bitrate=1146.3kbits/s    frame= 5061 fps=163 q=7.4 size=   28308kB time=202.29 bitrate=1146.4kbits/s    frame= 5142 fps=163 q=9.8 size=   28743kB time=205.50 bitrate=1145.8kbits/s    frame= 5218 fps=163 q=6.8 size=   29170kB time=208.64 bitrate=1145.3kbits/s    frame= 5294 fps=162 q=9.8 size=   29618kB time=211.59 bitrate=1146.7kbits/s    frame= 5369 fps=162 q=6.5 size=   30030kB time=214.60 bitrate=1146.4kbits/s    frame= 5450 fps=162 q=8.4 size=   30496kB time=217.86 bitrate=1146.7kbits/s    frame= 5533 fps=162 q=4.6 size=   30899kB time=221.15 bitrate=1144.6kbits/s    frame= 5615 fps=162 q=6.3 size=   31352kB time=224.47 bitrate=1144.2kbits/s    frame= 5696 fps=162 q=7.4 size=   31808kB time=227.66 bitrate=1144.6kbits/s    frame= 5776 fps=162 q=6.9 size=   32274kB time=230.92 bitrate=1144.9kbits/s    frame= 5855 fps=162 q=8.4 size=   32703kB time=234.03 bitrate=1144.7kbits/s    frame= 5938 fps=162 q=7.2 size=   33160kB time=237.35 bitrate=1144.5kbits/s    frame= 6018 fps=162 q=3.5 size=   33536kB time=240.59 bitrate=1141.9kbits/s    frame= 6105 fps=162 q=2.0 size=   33884kB time=243.98 bitrate=1137.7kbits/s    frame= 6190 fps=162 q=2.0 size=   34315kB time=247.43 bitrate=1136.1kbits/s    frame= 6201 fps=162 q=2.0 Lsize=   34342kB time=248.04 bitrate=1134.2kbits/s    
video:30220kB audio:3877kB global headers:0kB muxing overhead 0.720265%
** Daemonized, any open files are closed.  Look at tmp/pids/mongrel.5004.pid and log/mongrel.5004.log for info.
** Starting Mongrel listening at 127.0.0.1:5004
** Initiating groups for "rails":"rails".
** Changing group to "rails".
** Changing user to "rails".
** Starting Rails with production environment...
** Rails loaded.
** Loading any Rails specific GemPlugins
** Loading config/mongrel_upload_progress.conf external config script
** Signals ready.  TERM => stop.  USR2 => restart.  INT => stop (no restart).
** Rails signals registered.  HUP => reload (without restart).  It might not work well.
** Mongrel 1.1.5 available at 127.0.0.1:5004
** Writing PID file to tmp/pids/mongrel.5004.pid
** Daemonized, any open files are closed.  Look at tmp/pids/mongrel.5004.pid and log/mongrel.5004.log for info.
** Starting Mongrel listening at 127.0.0.1:5004
** Initiating groups for "rails":"rails".
** Changing group to "rails".
** Changing user to "rails".
** Starting Rails with production environment...
** Rails loaded.
** Loading any Rails specific GemPlugins
** Loading config/mongrel_upload_progress.conf external config script
** Signals ready.  TERM => stop.  USR2 => restart.  INT => stop (no restart).
** Rails signals registered.  HUP => reload (without restart).  It might not work well.
** Mongrel 1.1.5 available at 127.0.0.1:5004
** Writing PID file to tmp/pids/mongrel.5004.pid
** Daemonized, any open files are closed.  Look at tmp/pids/mongrel.5004.pid and log/mongrel.5004.log for info.
** Starting Mongrel listening at 127.0.0.1:5004
** Initiating groups for "rails":"rails".
** Changing group to "rails".
** Changing user to "rails".
** Starting Rails with production environment...
** Rails loaded.
** Loading any Rails specific GemPlugins
** Loading config/mongrel_upload_progress.conf external config script
** Signals ready.  TERM => stop.  USR2 => restart.  INT => stop (no restart).
** Rails signals registered.  HUP => reload (without restart).  It might not work well.
** Mongrel 1.1.5 available at 127.0.0.1:5004
** Writing PID file to tmp/pids/mongrel.5004.pid
** Daemonized, any open files are closed.  Look at tmp/pids/mongrel.5004.pid and log/mongrel.5004.log for info.
** Starting Mongrel listening at 127.0.0.1:5004
** Initiating groups for "rails":"rails".
** Changing group to "rails".
** Changing user to "rails".
** Starting Rails with production environment...
** Rails loaded.
** Loading any Rails specific GemPlugins
** Loading config/mongrel_upload_progress.conf external config script
** Signals ready.  TERM => stop.  USR2 => restart.  INT => stop (no restart).
** Rails signals registered.  HUP => reload (without restart).  It might not work well.
** Mongrel 1.1.5 available at 127.0.0.1:5004
** Writing PID file to tmp/pids/mongrel.5004.pid
** Daemonized, any open files are closed.  Look at tmp/pids/mongrel.5004.pid and log/mongrel.5004.log for info.
** Starting Mongrel listening at 127.0.0.1:5004
** Initiating groups for "rails":"rails".
** Changing group to "rails".
** Changing user to "rails".
** Starting Rails with production environment...
** Rails loaded.
** Loading any Rails specific GemPlugins
** Loading config/mongrel_upload_progress.conf external config script
** Signals ready.  TERM => stop.  USR2 => restart.  INT => stop (no restart).
** Rails signals registered.  HUP => reload (without restart).  It might not work well.
** Mongrel 1.1.5 available at 127.0.0.1:5004
** Writing PID file to tmp/pids/mongrel.5004.pid
** Daemonized, any open files are closed.  Look at tmp/pids/mongrel.5004.pid and log/mongrel.5004.log for info.
** Starting Mongrel listening at 127.0.0.1:5004
** Initiating groups for "rails":"rails".
** Changing group to "rails".
** Changing user to "rails".
** Starting Rails with production environment...
** Rails loaded.
** Loading any Rails specific GemPlugins
** Loading config/mongrel_upload_progress.conf external config script
** Signals ready.  TERM => stop.  USR2 => restart.  INT => stop (no restart).
** Rails signals registered.  HUP => reload (without restart).  It might not work well.
** Mongrel 1.1.5 available at 127.0.0.1:5004
** Writing PID file to tmp/pids/mongrel.5004.pid
** Daemonized, any open files are closed.  Look at tmp/pids/mongrel.5004.pid and log/mongrel.5004.log for info.
** Starting Mongrel listening at 127.0.0.1:5004
** Initiating groups for "rails":"rails".
** Changing group to "rails".
** Changing user to "rails".
** Starting Rails with production environment...
** Rails loaded.
** Loading any Rails specific GemPlugins
** Loading config/mongrel_upload_progress.conf external config script
** Signals ready.  TERM => stop.  USR2 => restart.  INT => stop (no restart).
** Rails signals registered.  HUP => reload (without restart).  It might not work well.
** Mongrel 1.1.5 available at 127.0.0.1:5004
** Writing PID file to tmp/pids/mongrel.5004.pid
** Daemonized, any open files are closed.  Look at tmp/pids/mongrel.5004.pid and log/mongrel.5004.log for info.
** Starting Mongrel listening at 127.0.0.1:5004
** Initiating groups for "rails":"rails".
** Changing group to "rails".
** Changing user to "rails".
** Starting Rails with production environment...
** Rails loaded.
** Loading any Rails specific GemPlugins
** Loading config/mongrel_upload_progress.conf external config script
** Signals ready.  TERM => stop.  USR2 => restart.  INT => stop (no restart).
** Rails signals registered.  HUP => reload (without restart).  It might not work well.
** Mongrel 1.1.5 available at 127.0.0.1:5004
** Writing PID file to tmp/pids/mongrel.5004.pid
** Daemonized, any open files are closed.  Look at tmp/pids/mongrel.5004.pid and log/mongrel.5004.log for info.
** Starting Mongrel listening at 127.0.0.1:5004
** Initiating groups for "rails":"rails".
** Changing group to "rails".
** Changing user to "rails".
** Starting Rails with production environment...
** Rails loaded.
** Loading any Rails specific GemPlugins
** Loading config/mongrel_upload_progress.conf external config script
** Signals ready.  TERM => stop.  USR2 => restart.  INT => stop (no restart).
** Rails signals registered.  HUP => reload (without restart).  It might not work well.
** Mongrel 1.1.5 available at 127.0.0.1:5004
** Writing PID file to tmp/pids/mongrel.5004.pid
** Daemonized, any open files are closed.  Look at tmp/pids/mongrel.5004.pid and log/mongrel.5004.log for info.
** Starting Mongrel listening at 127.0.0.1:5004
** Initiating groups for "rails":"rails".
** Changing group to "rails".
** Changing user to "rails".
** Starting Rails with production environment...
** Rails loaded.
** Loading any Rails specific GemPlugins
** Loading config/mongrel_upload_progress.conf external config script
** Signals ready.  TERM => stop.  USR2 => restart.  INT => stop (no restart).
** Rails signals registered.  HUP => reload (without restart).  It might not work well.
** Mongrel 1.1.5 available at 127.0.0.1:5004
** Writing PID file to tmp/pids/mongrel.5004.pid
** TERM signal received.
** Daemonized, any open files are closed.  Look at tmp/pids/mongrel.5004.pid and log/mongrel.5004.log for info.
** Starting Mongrel listening at 127.0.0.1:5004
** Initiating groups for "rails":"rails".
** Changing group to "rails".
** Changing user to "rails".
** Starting Rails with production environment...
** Rails loaded.
** Loading any Rails specific GemPlugins
** Loading config/mongrel_upload_progress.conf external config script
** Signals ready.  TERM => stop.  USR2 => restart.  INT => stop (no restart).
** Rails signals registered.  HUP => reload (without restart).  It might not work well.
** Mongrel 1.1.5 available at 127.0.0.1:5004
** Writing PID file to tmp/pids/mongrel.5004.pid
** TERM signal received.
** Daemonized, any open files are closed.  Look at tmp/pids/mongrel.5004.pid and log/mongrel.5004.log for info.
** Starting Mongrel listening at 127.0.0.1:5004
** Initiating groups for "rails":"rails".
** Changing group to "rails".
** Changing user to "rails".
** Starting Rails with production environment...
** Rails loaded.
** Loading any Rails specific GemPlugins
** Loading config/mongrel_upload_progress.conf external config script
** Signals ready.  TERM => stop.  USR2 => restart.  INT => stop (no restart).
** Rails signals registered.  HUP => reload (without restart).  It might not work well.
** Mongrel 1.1.5 available at 127.0.0.1:5004
** Writing PID file to tmp/pids/mongrel.5004.pid
** TERM signal received.
** Daemonized, any open files are closed.  Look at tmp/pids/mongrel.5004.pid and log/mongrel.5004.log for info.
** Starting Mongrel listening at 127.0.0.1:5004
** Initiating groups for "rails":"rails".
** Changing group to "rails".
** Changing user to "rails".
** Starting Rails with production environment...
** Rails loaded.
** Loading any Rails specific GemPlugins
** Loading config/mongrel_upload_progress.conf external config script
** Signals ready.  TERM => stop.  USR2 => restart.  INT => stop (no restart).
** Rails signals registered.  HUP => reload (without restart).  It might not work well.
** Mongrel 1.1.5 available at 127.0.0.1:5004
** Writing PID file to tmp/pids/mongrel.5004.pid
** TERM signal received.
** Daemonized, any open files are closed.  Look at tmp/pids/mongrel.5004.pid and log/mongrel.5004.log for info.
** Starting Mongrel listening at 127.0.0.1:5004
** Initiating groups for "rails":"rails".
** Changing group to "rails".
** Changing user to "rails".
** Starting Rails with production environment...
** Rails loaded.
** Loading any Rails specific GemPlugins
** Loading config/mongrel_upload_progress.conf external config script
** Signals ready.  TERM => stop.  USR2 => restart.  INT => stop (no restart).
** Rails signals registered.  HUP => reload (without restart).  It might not work well.
** Mongrel 1.1.5 available at 127.0.0.1:5004
** Writing PID file to tmp/pids/mongrel.5004.pid
** TERM signal received.
** Daemonized, any open files are closed.  Look at tmp/pids/mongrel.5004.pid and log/mongrel.5004.log for info.
** Starting Mongrel listening at 127.0.0.1:5004
** Initiating groups for "rails":"rails".
** Changing group to "rails".
** Changing user to "rails".
** Starting Rails with production environment...
** Rails loaded.
** Loading any Rails specific GemPlugins
** Loading config/mongrel_upload_progress.conf external config script
** Signals ready.  TERM => stop.  USR2 => restart.  INT => stop (no restart).
** Rails signals registered.  HUP => reload (without restart).  It might not work well.
** Mongrel 1.1.5 available at 127.0.0.1:5004
** Writing PID file to tmp/pids/mongrel.5004.pid
** TERM signal received.
** Daemonized, any open files are closed.  Look at tmp/pids/mongrel.5004.pid and log/mongrel.5004.log for info.
** Starting Mongrel listening at 127.0.0.1:5004
** Initiating groups for "rails":"rails".
** Changing group to "rails".
** Changing user to "rails".
** Starting Rails with production environment...
** Rails loaded.
** Loading any Rails specific GemPlugins
** Loading config/mongrel_upload_progress.conf external config script
** Signals ready.  TERM => stop.  USR2 => restart.  INT => stop (no restart).
** Rails signals registered.  HUP => reload (without restart).  It might not work well.
** Mongrel 1.1.5 available at 127.0.0.1:5004
** Writing PID file to tmp/pids/mongrel.5004.pid
** TERM signal received.
** Daemonized, any open files are closed.  Look at tmp/pids/mongrel.5004.pid and log/mongrel.5004.log for info.
** Starting Mongrel listening at 127.0.0.1:5004
** Initiating groups for "rails":"rails".
** Changing group to "rails".
** Changing user to "rails".
** Starting Rails with production environment...
** Rails loaded.
** Loading any Rails specific GemPlugins
** Loading config/mongrel_upload_progress.conf external config script
** Signals ready.  TERM => stop.  USR2 => restart.  INT => stop (no restart).
** Rails signals registered.  HUP => reload (without restart).  It might not work well.
** Mongrel 1.1.5 available at 127.0.0.1:5004
** Writing PID file to tmp/pids/mongrel.5004.pid
** Daemonized, any open files are closed.  Look at tmp/pids/mongrel.5004.pid and log/mongrel.5004.log for info.
** Starting Mongrel listening at 127.0.0.1:5004
** Initiating groups for "rails":"rails".
** Changing group to "rails".
** Changing user to "rails".
** Starting Rails with production environment...
** Rails loaded.
** Loading any Rails specific GemPlugins
** Loading config/mongrel_upload_progress.conf external config script
** Signals ready.  TERM => stop.  USR2 => restart.  INT => stop (no restart).
** Rails signals registered.  HUP => reload (without restart).  It might not work well.
** Mongrel 1.1.5 available at 127.0.0.1:5004
** Writing PID file to tmp/pids/mongrel.5004.pid
** Daemonized, any open files are closed.  Look at tmp/pids/mongrel.5004.pid and log/mongrel.5004.log for info.
** Starting Mongrel listening at 127.0.0.1:5004
** Initiating groups for "rails":"rails".
** Changing group to "rails".
** Changing user to "rails".
** Starting Rails with production environment...
** Rails loaded.
** Loading any Rails specific GemPlugins
** Loading config/mongrel_upload_progress.conf external config script
** Signals ready.  TERM => stop.  USR2 => restart.  INT => stop (no restart).
** Rails signals registered.  HUP => reload (without restart).  It might not work well.
** Mongrel 1.1.5 available at 127.0.0.1:5004
** Writing PID file to tmp/pids/mongrel.5004.pid
bbb{:description=>"", :qtype=>"", :company=>""}
bbb{:description=>"", :qtype=>"", :company=>""}
bbb{:description=>"", :qtype=>"", :company=>""}
{"action"=>"dfind", "controller"=>"video"}
** Daemonized, any open files are closed.  Look at tmp/pids/mongrel.5004.pid and log/mongrel.5004.log for info.
** Starting Mongrel listening at 127.0.0.1:5004
** Initiating groups for "rails":"rails".
** Changing group to "rails".
** Changing user to "rails".
** Starting Rails with production environment...
** Rails loaded.
** Loading any Rails specific GemPlugins
** Loading config/mongrel_upload_progress.conf external config script
** Signals ready.  TERM => stop.  USR2 => restart.  INT => stop (no restart).
** Rails signals registered.  HUP => reload (without restart).  It might not work well.
** Mongrel 1.1.5 available at 127.0.0.1:5004
** Writing PID file to tmp/pids/mongrel.5004.pid
