** Daemonized, any open files are closed.  Look at tmp/pids/mongrel.5002.pid and log/mongrel.5002.log for info.
** Starting Mongrel listening at 127.0.0.1:5002
** Initiating groups for "rails":"rails".
** Changing group to "rails".
** Changing user to "rails".
** Starting Rails with production environment...
** Rails loaded.
** Loading any Rails specific GemPlugins
** Loading config/mongrel_upload_progress.conf external config script
** Signals ready.  TERM => stop.  USR2 => restart.  INT => stop (no restart).
** Rails signals registered.  HUP => reload (without restart).  It might not work well.
** Mongrel 1.1.5 available at 127.0.0.1:5002
** Writing PID file to tmp/pids/mongrel.5002.pid
** TERM signal received.
** Daemonized, any open files are closed.  Look at tmp/pids/mongrel.5002.pid and log/mongrel.5002.log for info.
** Starting Mongrel listening at 127.0.0.1:5002
** Initiating groups for "rails":"rails".
** Changing group to "rails".
** Changing user to "rails".
** Starting Rails with production environment...
** Rails loaded.
** Loading any Rails specific GemPlugins
** Loading config/mongrel_upload_progress.conf external config script
** Signals ready.  TERM => stop.  USR2 => restart.  INT => stop (no restart).
** Rails signals registered.  HUP => reload (without restart).  It might not work well.
** Mongrel 1.1.5 available at 127.0.0.1:5002
** Writing PID file to tmp/pids/mongrel.5002.pid
** TERM signal received.
** Daemonized, any open files are closed.  Look at tmp/pids/mongrel.5002.pid and log/mongrel.5002.log for info.
** Starting Mongrel listening at 127.0.0.1:5002
** Initiating groups for "rails":"rails".
** Changing group to "rails".
** Changing user to "rails".
** Starting Rails with production environment...
** Rails loaded.
** Loading any Rails specific GemPlugins
** Loading config/mongrel_upload_progress.conf external config script
** Signals ready.  TERM => stop.  USR2 => restart.  INT => stop (no restart).
** Rails signals registered.  HUP => reload (without restart).  It might not work well.
** Mongrel 1.1.5 available at 127.0.0.1:5002
** Writing PID file to tmp/pids/mongrel.5002.pid
/srv/rails/quadomaniacy/app/controllers/site_controller.rb:11: warning: Object#id will be deprecated; use Object#object_id
/srv/rails/quadomaniacy/app/controllers/site_controller.rb:17: warning: Object#id will be deprecated; use Object#object_id
** TERM signal received.
** Daemonized, any open files are closed.  Look at tmp/pids/mongrel.5002.pid and log/mongrel.5002.log for info.
** Starting Mongrel listening at 127.0.0.1:5002
** Initiating groups for "rails":"rails".
** Changing group to "rails".
** Changing user to "rails".
** Starting Rails with production environment...
** Rails loaded.
** Loading any Rails specific GemPlugins
** Loading config/mongrel_upload_progress.conf external config script
** Signals ready.  TERM => stop.  USR2 => restart.  INT => stop (no restart).
** Rails signals registered.  HUP => reload (without restart).  It might not work well.
** Mongrel 1.1.5 available at 127.0.0.1:5002
** Writing PID file to tmp/pids/mongrel.5002.pid
/srv/rails/quadomaniacy/app/controllers/site_controller.rb:11: warning: Object#id will be deprecated; use Object#object_id
/srv/rails/quadomaniacy/app/controllers/site_controller.rb:17: warning: Object#id will be deprecated; use Object#object_id
** TERM signal received.
** Daemonized, any open files are closed.  Look at tmp/pids/mongrel.5002.pid and log/mongrel.5002.log for info.
** Starting Mongrel listening at 127.0.0.1:5002
** Initiating groups for "rails":"rails".
** Changing group to "rails".
** Changing user to "rails".
** Starting Rails with production environment...
** Rails loaded.
** Loading any Rails specific GemPlugins
** Loading config/mongrel_upload_progress.conf external config script
** Signals ready.  TERM => stop.  USR2 => restart.  INT => stop (no restart).
** Rails signals registered.  HUP => reload (without restart).  It might not work well.
** Mongrel 1.1.5 available at 127.0.0.1:5002
** Writing PID file to tmp/pids/mongrel.5002.pid
/srv/rails/quadomaniacy/app/controllers/site_controller.rb:11: warning: Object#id will be deprecated; use Object#object_id
/srv/rails/quadomaniacy/app/controllers/site_controller.rb:17: warning: Object#id will be deprecated; use Object#object_id
** TERM signal received.
** Daemonized, any open files are closed.  Look at tmp/pids/mongrel.5002.pid and log/mongrel.5002.log for info.
** Starting Mongrel listening at 127.0.0.1:5002
** Initiating groups for "rails":"rails".
** Changing group to "rails".
** Changing user to "rails".
** Starting Rails with production environment...
** Rails loaded.
** Loading any Rails specific GemPlugins
** Loading config/mongrel_upload_progress.conf external config script
** Signals ready.  TERM => stop.  USR2 => restart.  INT => stop (no restart).
** Rails signals registered.  HUP => reload (without restart).  It might not work well.
** Mongrel 1.1.5 available at 127.0.0.1:5002
** Writing PID file to tmp/pids/mongrel.5002.pid
/srv/rails/quadomaniacy/app/controllers/site_controller.rb:11: warning: Object#id will be deprecated; use Object#object_id
/srv/rails/quadomaniacy/app/controllers/site_controller.rb:17: warning: Object#id will be deprecated; use Object#object_id
/srv/rails/quadomaniacy/app/controllers/site_controller.rb:11: warning: Object#id will be deprecated; use Object#object_id
/srv/rails/quadomaniacy/app/controllers/site_controller.rb:17: warning: Object#id will be deprecated; use Object#object_id
/srv/rails/quadomaniacy/app/controllers/site_controller.rb:11: warning: Object#id will be deprecated; use Object#object_id
/srv/rails/quadomaniacy/app/controllers/site_controller.rb:17: warning: Object#id will be deprecated; use Object#object_id
/srv/rails/quadomaniacy/app/controllers/site_controller.rb:11: warning: Object#id will be deprecated; use Object#object_id
/srv/rails/quadomaniacy/app/controllers/site_controller.rb:17: warning: Object#id will be deprecated; use Object#object_id
/srv/rails/quadomaniacy/app/controllers/site_controller.rb:11: warning: Object#id will be deprecated; use Object#object_id
/srv/rails/quadomaniacy/app/controllers/site_controller.rb:17: warning: Object#id will be deprecated; use Object#object_id
/srv/rails/quadomaniacy/app/controllers/site_controller.rb:11: warning: Object#id will be deprecated; use Object#object_id
/srv/rails/quadomaniacy/app/controllers/site_controller.rb:17: warning: Object#id will be deprecated; use Object#object_id
** TERM signal received.
** Daemonized, any open files are closed.  Look at tmp/pids/mongrel.5002.pid and log/mongrel.5002.log for info.
** Starting Mongrel listening at 127.0.0.1:5002
** Initiating groups for "rails":"rails".
** Changing group to "rails".
** Changing user to "rails".
** Starting Rails with production environment...
** Rails loaded.
** Loading any Rails specific GemPlugins
** Loading config/mongrel_upload_progress.conf external config script
** Signals ready.  TERM => stop.  USR2 => restart.  INT => stop (no restart).
** Rails signals registered.  HUP => reload (without restart).  It might not work well.
** Mongrel 1.1.5 available at 127.0.0.1:5002
** Writing PID file to tmp/pids/mongrel.5002.pid
** TERM signal received.
** Daemonized, any open files are closed.  Look at tmp/pids/mongrel.5002.pid and log/mongrel.5002.log for info.
** Starting Mongrel listening at 127.0.0.1:5002
** Initiating groups for "rails":"rails".
** Changing group to "rails".
** Changing user to "rails".
** Starting Rails with production environment...
** Rails loaded.
** Loading any Rails specific GemPlugins
** Loading config/mongrel_upload_progress.conf external config script
** Signals ready.  TERM => stop.  USR2 => restart.  INT => stop (no restart).
** Rails signals registered.  HUP => reload (without restart).  It might not work well.
** Mongrel 1.1.5 available at 127.0.0.1:5002
** Writing PID file to tmp/pids/mongrel.5002.pid
** TERM signal received.
** Daemonized, any open files are closed.  Look at tmp/pids/mongrel.5002.pid and log/mongrel.5002.log for info.
** Starting Mongrel listening at 127.0.0.1:5002
** Initiating groups for "rails":"rails".
** Changing group to "rails".
** Changing user to "rails".
** Starting Rails with production environment...
** Rails loaded.
** Loading any Rails specific GemPlugins
** Loading config/mongrel_upload_progress.conf external config script
** Signals ready.  TERM => stop.  USR2 => restart.  INT => stop (no restart).
** Rails signals registered.  HUP => reload (without restart).  It might not work well.
** Mongrel 1.1.5 available at 127.0.0.1:5002
** Writing PID file to tmp/pids/mongrel.5002.pid
/srv/rails/quadomaniacy/app/controllers/site_controller.rb:11: warning: Object#id will be deprecated; use Object#object_id
/srv/rails/quadomaniacy/app/controllers/site_controller.rb:17: warning: Object#id will be deprecated; use Object#object_id
** TERM signal received.
** Daemonized, any open files are closed.  Look at tmp/pids/mongrel.5002.pid and log/mongrel.5002.log for info.
** Starting Mongrel listening at 127.0.0.1:5002
** Initiating groups for "rails":"rails".
** Changing group to "rails".
** Changing user to "rails".
** Starting Rails with production environment...
** Rails loaded.
** Loading any Rails specific GemPlugins
** Loading config/mongrel_upload_progress.conf external config script
** Signals ready.  TERM => stop.  USR2 => restart.  INT => stop (no restart).
** Rails signals registered.  HUP => reload (without restart).  It might not work well.
** Mongrel 1.1.5 available at 127.0.0.1:5002
** Writing PID file to tmp/pids/mongrel.5002.pid
** TERM signal received.
** Daemonized, any open files are closed.  Look at tmp/pids/mongrel.5002.pid and log/mongrel.5002.log for info.
** Starting Mongrel listening at 127.0.0.1:5002
** Initiating groups for "rails":"rails".
** Changing group to "rails".
** Changing user to "rails".
** Starting Rails with production environment...
** Rails loaded.
** Loading any Rails specific GemPlugins
** Loading config/mongrel_upload_progress.conf external config script
** Signals ready.  TERM => stop.  USR2 => restart.  INT => stop (no restart).
** Rails signals registered.  HUP => reload (without restart).  It might not work well.
** Mongrel 1.1.5 available at 127.0.0.1:5002
** Writing PID file to tmp/pids/mongrel.5002.pid
wto kwi 27 22:14:54 +0200 2010: Error reading HTTP body: #<RuntimeError: Socket read returned insufficient data: 8472>
/usr/lib/ruby/gems/1.8/gems/mongrel-1.1.5/bin/../lib/mongrel/http_request.rb:107:in `read_socket'
/usr/lib/ruby/gems/1.8/gems/mongrel-1.1.5/bin/../lib/mongrel/http_request.rb:86:in `read_body'
/usr/lib/ruby/gems/1.8/gems/mongrel-1.1.5/bin/../lib/mongrel/http_request.rb:55:in `initialize'
/usr/lib/ruby/gems/1.8/gems/mongrel-1.1.5/bin/../lib/mongrel.rb:149:in `new'
/usr/lib/ruby/gems/1.8/gems/mongrel-1.1.5/bin/../lib/mongrel.rb:149:in `process_client'
/usr/lib/ruby/gems/1.8/gems/mongrel-1.1.5/bin/../lib/mongrel.rb:285:in `run'
/usr/lib/ruby/gems/1.8/gems/mongrel-1.1.5/bin/../lib/mongrel.rb:285:in `initialize'
/usr/lib/ruby/gems/1.8/gems/mongrel-1.1.5/bin/../lib/mongrel.rb:285:in `new'
/usr/lib/ruby/gems/1.8/gems/mongrel-1.1.5/bin/../lib/mongrel.rb:285:in `run'
/usr/lib/ruby/gems/1.8/gems/mongrel-1.1.5/bin/../lib/mongrel.rb:268:in `initialize'
/usr/lib/ruby/gems/1.8/gems/mongrel-1.1.5/bin/../lib/mongrel.rb:268:in `new'
/usr/lib/ruby/gems/1.8/gems/mongrel-1.1.5/bin/../lib/mongrel.rb:268:in `run'
/usr/lib/ruby/gems/1.8/gems/mongrel-1.1.5/bin/../lib/mongrel/configurator.rb:282:in `run'
/usr/lib/ruby/gems/1.8/gems/mongrel-1.1.5/bin/../lib/mongrel/configurator.rb:281:in `each'
/usr/lib/ruby/gems/1.8/gems/mongrel-1.1.5/bin/../lib/mongrel/configurator.rb:281:in `run'
/usr/lib/ruby/gems/1.8/gems/mongrel-1.1.5/bin/mongrel_rails:128:in `run'
/usr/lib/ruby/gems/1.8/gems/mongrel-1.1.5/bin/../lib/mongrel/command.rb:212:in `run'
/usr/lib/ruby/gems/1.8/gems/mongrel-1.1.5/bin/mongrel_rails:281
/usr/bin/mongrel_rails:19:in `load'
/usr/bin/mongrel_rails:19
wto kwi 27 22:16:06 +0200 2010: Error reading HTTP body: #<RuntimeError: Socket read returned insufficient data: 9104>
/usr/lib/ruby/gems/1.8/gems/mongrel-1.1.5/bin/../lib/mongrel/http_request.rb:107:in `read_socket'
/usr/lib/ruby/gems/1.8/gems/mongrel-1.1.5/bin/../lib/mongrel/http_request.rb:86:in `read_body'
/usr/lib/ruby/gems/1.8/gems/mongrel-1.1.5/bin/../lib/mongrel/http_request.rb:55:in `initialize'
/usr/lib/ruby/gems/1.8/gems/mongrel-1.1.5/bin/../lib/mongrel.rb:149:in `new'
/usr/lib/ruby/gems/1.8/gems/mongrel-1.1.5/bin/../lib/mongrel.rb:149:in `process_client'
/usr/lib/ruby/gems/1.8/gems/mongrel-1.1.5/bin/../lib/mongrel.rb:285:in `run'
/usr/lib/ruby/gems/1.8/gems/mongrel-1.1.5/bin/../lib/mongrel.rb:285:in `initialize'
/usr/lib/ruby/gems/1.8/gems/mongrel-1.1.5/bin/../lib/mongrel.rb:285:in `new'
/usr/lib/ruby/gems/1.8/gems/mongrel-1.1.5/bin/../lib/mongrel.rb:285:in `run'
/usr/lib/ruby/gems/1.8/gems/mongrel-1.1.5/bin/../lib/mongrel.rb:268:in `initialize'
/usr/lib/ruby/gems/1.8/gems/mongrel-1.1.5/bin/../lib/mongrel.rb:268:in `new'
/usr/lib/ruby/gems/1.8/gems/mongrel-1.1.5/bin/../lib/mongrel.rb:268:in `run'
/usr/lib/ruby/gems/1.8/gems/mongrel-1.1.5/bin/../lib/mongrel/configurator.rb:282:in `run'
/usr/lib/ruby/gems/1.8/gems/mongrel-1.1.5/bin/../lib/mongrel/configurator.rb:281:in `each'
/usr/lib/ruby/gems/1.8/gems/mongrel-1.1.5/bin/../lib/mongrel/configurator.rb:281:in `run'
/usr/lib/ruby/gems/1.8/gems/mongrel-1.1.5/bin/mongrel_rails:128:in `run'
/usr/lib/ruby/gems/1.8/gems/mongrel-1.1.5/bin/../lib/mongrel/command.rb:212:in `run'
/usr/lib/ruby/gems/1.8/gems/mongrel-1.1.5/bin/mongrel_rails:281
/usr/bin/mongrel_rails:19:in `load'
/usr/bin/mongrel_rails:19
/srv/rails/quadomaniacy/app/controllers/site_controller.rb:11: warning: Object#id will be deprecated; use Object#object_id
/srv/rails/quadomaniacy/app/controllers/site_controller.rb:17: warning: Object#id will be deprecated; use Object#object_id
/srv/rails/quadomaniacy/app/controllers/site_controller.rb:11: warning: Object#id will be deprecated; use Object#object_id
/srv/rails/quadomaniacy/app/controllers/site_controller.rb:17: warning: Object#id will be deprecated; use Object#object_id
/srv/rails/quadomaniacy/app/controllers/site_controller.rb:11: warning: Object#id will be deprecated; use Object#object_id
/srv/rails/quadomaniacy/app/controllers/site_controller.rb:17: warning: Object#id will be deprecated; use Object#object_id
/srv/rails/quadomaniacy/app/controllers/site_controller.rb:11: warning: Object#id will be deprecated; use Object#object_id
/srv/rails/quadomaniacy/app/controllers/site_controller.rb:17: warning: Object#id will be deprecated; use Object#object_id
/srv/rails/quadomaniacy/app/controllers/site_controller.rb:11: warning: Object#id will be deprecated; use Object#object_id
/srv/rails/quadomaniacy/app/controllers/site_controller.rb:17: warning: Object#id will be deprecated; use Object#object_id
/srv/rails/quadomaniacy/app/controllers/site_controller.rb:11: warning: Object#id will be deprecated; use Object#object_id
/srv/rails/quadomaniacy/app/controllers/site_controller.rb:17: warning: Object#id will be deprecated; use Object#object_id
/srv/rails/quadomaniacy/app/controllers/site_controller.rb:11: warning: Object#id will be deprecated; use Object#object_id
/srv/rails/quadomaniacy/app/controllers/site_controller.rb:17: warning: Object#id will be deprecated; use Object#object_id
/srv/rails/quadomaniacy/app/controllers/site_controller.rb:11: warning: Object#id will be deprecated; use Object#object_id
/srv/rails/quadomaniacy/app/controllers/site_controller.rb:17: warning: Object#id will be deprecated; use Object#object_id
/srv/rails/quadomaniacy/app/controllers/site_controller.rb:11: warning: Object#id will be deprecated; use Object#object_id
/srv/rails/quadomaniacy/app/controllers/site_controller.rb:17: warning: Object#id will be deprecated; use Object#object_id
/srv/rails/quadomaniacy/app/controllers/site_controller.rb:11: warning: Object#id will be deprecated; use Object#object_id
/srv/rails/quadomaniacy/app/controllers/site_controller.rb:17: warning: Object#id will be deprecated; use Object#object_id
/srv/rails/quadomaniacy/app/controllers/site_controller.rb:11: warning: Object#id will be deprecated; use Object#object_id
/srv/rails/quadomaniacy/app/controllers/site_controller.rb:17: warning: Object#id will be deprecated; use Object#object_id
$$$$#<User id: 2, login: "ozgood", email: "ozgood@o2.pl", name: "--", surname: "--", city: "Kraków", region: "małopolskie", skype: "", gg: "", phone: "", created_at: "2010-03-17 22:29:13", updated_at: "2010-05-19 12:50:47", birth: "1976-04-28", photo_id: 5, about: "Początkujący kierowca...:-)", sex: "m", crypted_password: "0e6211409ecf0a1b53fc5451bc48c5ac977463110f236575b08...", persistence_token: "e41b8851859487a3a2dc7d6f3c602ce88f60d16729a71544cb2...", perishable_token: "ewyYKwcy-nAVLyyny4ju", login_count: 33, failed_login_count: 0, last_request_at: "2010-05-19 12:50:47", current_login_at: "2010-05-19 12:42:42", last_login_at: "2010-05-17 20:23:14", current_login_ip: "83.29.164.65", last_login_ip: "77.236.0.25", active: true>
$$$$#<User id: 5, login: "underdesign", email: "agencjaunderdesign@gmail.com", name: nil, surname: nil, city: "Kraków", region: "małopolskie", skype: nil, gg: nil, phone: nil, created_at: "2010-03-29 14:43:54", updated_at: "2010-03-29 14:43:54", birth: nil, photo_id: nil, about: nil, sex: nil, crypted_password: "d731f823a3e787855ba2492c856bffaf51463a847537c308ba4...", persistence_token: "5bc3299f9d7b12c197d1a189098ab6fc058e7175c40890f800d...", perishable_token: "pdg97TnOsSm8f7CJXnM1", login_count: 0, failed_login_count: 0, last_request_at: nil, current_login_at: nil, last_login_at: nil, current_login_ip: nil, last_login_ip: nil, active: false>
/srv/rails/quadomaniacy/app/controllers/site_controller.rb:11: warning: Object#id will be deprecated; use Object#object_id
/srv/rails/quadomaniacy/app/controllers/site_controller.rb:17: warning: Object#id will be deprecated; use Object#object_id
/srv/rails/quadomaniacy/app/controllers/site_controller.rb:11: warning: Object#id will be deprecated; use Object#object_id
/srv/rails/quadomaniacy/app/controllers/site_controller.rb:17: warning: Object#id will be deprecated; use Object#object_id
$$$$#<User id: 2, login: "ozgood", email: "ozgood@o2.pl", name: "--", surname: "--", city: "Kraków", region: "małopolskie", skype: "", gg: "", phone: "", created_at: "2010-03-17 22:29:13", updated_at: "2010-05-22 16:52:41", birth: "1976-04-28", photo_id: 5, about: "Początkujący kierowca...:-)", sex: "m", crypted_password: "0e6211409ecf0a1b53fc5451bc48c5ac977463110f236575b08...", persistence_token: "e41b8851859487a3a2dc7d6f3c602ce88f60d16729a71544cb2...", perishable_token: "PYdab0-v_Ss9yKPI7hRd", login_count: 38, failed_login_count: 0, last_request_at: "2010-05-22 16:52:41", current_login_at: "2010-05-22 15:12:08", last_login_at: "2010-05-21 20:02:08", current_login_ip: "87.239.216.22", last_login_ip: "87.239.216.22", active: true>
$$$$#<User id: 5, login: "underdesign", email: "agencjaunderdesign@gmail.com", name: nil, surname: nil, city: "Kraków", region: "małopolskie", skype: nil, gg: nil, phone: nil, created_at: "2010-03-29 14:43:54", updated_at: "2010-03-29 14:43:54", birth: nil, photo_id: nil, about: nil, sex: nil, crypted_password: "d731f823a3e787855ba2492c856bffaf51463a847537c308ba4...", persistence_token: "5bc3299f9d7b12c197d1a189098ab6fc058e7175c40890f800d...", perishable_token: "pdg97TnOsSm8f7CJXnM1", login_count: 0, failed_login_count: 0, last_request_at: nil, current_login_at: nil, last_login_at: nil, current_login_ip: nil, last_login_ip: nil, active: false>
/srv/rails/quadomaniacy/app/controllers/site_controller.rb:11: warning: Object#id will be deprecated; use Object#object_id
/srv/rails/quadomaniacy/app/controllers/site_controller.rb:17: warning: Object#id will be deprecated; use Object#object_id
** Daemonized, any open files are closed.  Look at tmp/pids/mongrel.5002.pid and log/mongrel.5002.log for info.
** Starting Mongrel listening at 127.0.0.1:5002
** Initiating groups for "rails":"rails".
** Couldn't change user and group to "rails":"rails": Operation not permitted.
** Mongrel failed to start.
** Daemonized, any open files are closed.  Look at tmp/pids/mongrel.5002.pid and log/mongrel.5002.log for info.
** Starting Mongrel listening at 127.0.0.1:5002
** Initiating groups for "rails":"rails".
** Changing group to "rails".
** Changing user to "rails".
** Starting Rails with production environment...
/opt/ruby1.8/lib/ruby/site_ruby/1.8/rubygems/custom_require.rb:31:in `gem_original_require': no such file to load -- /home/telpeloth/quadomaniacy2/config/environment (LoadError)
	from /opt/ruby1.8/lib/ruby/site_ruby/1.8/rubygems/custom_require.rb:31:in `require'
	from /opt/ruby1.8/lib/ruby/gems/1.8/gems/mongrel-1.1.6/bin/../lib/mongrel/rails.rb:147:in `rails'
	from /opt/ruby1.8/lib/ruby/gems/1.8/gems/mongrel-1.1.6/bin/mongrel_rails:115:in `cloaker_'
	from /opt/ruby1.8/lib/ruby/gems/1.8/gems/mongrel-1.1.6/bin/../lib/mongrel/configurator.rb:149:in `call'
	from /opt/ruby1.8/lib/ruby/gems/1.8/gems/mongrel-1.1.6/bin/../lib/mongrel/configurator.rb:149:in `listener'
	from /opt/ruby1.8/lib/ruby/gems/1.8/gems/mongrel-1.1.6/bin/mongrel_rails:101:in `cloaker_'
	from /opt/ruby1.8/lib/ruby/gems/1.8/gems/mongrel-1.1.6/bin/../lib/mongrel/configurator.rb:50:in `call'
	from /opt/ruby1.8/lib/ruby/gems/1.8/gems/mongrel-1.1.6/bin/../lib/mongrel/configurator.rb:50:in `initialize'
	from /opt/ruby1.8/lib/ruby/gems/1.8/gems/mongrel-1.1.6/bin/mongrel_rails:86:in `new'
	from /opt/ruby1.8/lib/ruby/gems/1.8/gems/mongrel-1.1.6/bin/mongrel_rails:86:in `run'
	from /opt/ruby1.8/lib/ruby/gems/1.8/gems/mongrel-1.1.6/bin/../lib/mongrel/command.rb:210:in `run'
	from /opt/ruby1.8/lib/ruby/gems/1.8/gems/mongrel-1.1.6/bin/mongrel_rails:283
	from /opt/ruby1.8/lib/ruby/gems/1.8/bin/mongrel_rails:19:in `load'
	from /opt/ruby1.8/lib/ruby/gems/1.8/bin/mongrel_rails:19
** Daemonized, any open files are closed.  Look at tmp/pids/mongrel.5002.pid and log/mongrel.5002.log for info.
** Starting Mongrel listening at 127.0.0.1:5002
** Initiating groups for "rails":"rails".
** Changing group to "rails".
** Changing user to "rails".
** Starting Rails with production environment...
/opt/ruby1.8/lib/ruby/site_ruby/1.8/rubygems/custom_require.rb:31:in `gem_original_require': no such file to load -- /home/telpeloth/quadomaniacy2/config/environment (LoadError)
	from /opt/ruby1.8/lib/ruby/site_ruby/1.8/rubygems/custom_require.rb:31:in `require'
	from /opt/ruby1.8/lib/ruby/gems/1.8/gems/mongrel-1.1.6/bin/../lib/mongrel/rails.rb:147:in `rails'
	from /opt/ruby1.8/lib/ruby/gems/1.8/gems/mongrel-1.1.6/bin/mongrel_rails:115:in `cloaker_'
	from /opt/ruby1.8/lib/ruby/gems/1.8/gems/mongrel-1.1.6/bin/../lib/mongrel/configurator.rb:149:in `call'
	from /opt/ruby1.8/lib/ruby/gems/1.8/gems/mongrel-1.1.6/bin/../lib/mongrel/configurator.rb:149:in `listener'
	from /opt/ruby1.8/lib/ruby/gems/1.8/gems/mongrel-1.1.6/bin/mongrel_rails:101:in `cloaker_'
	from /opt/ruby1.8/lib/ruby/gems/1.8/gems/mongrel-1.1.6/bin/../lib/mongrel/configurator.rb:50:in `call'
	from /opt/ruby1.8/lib/ruby/gems/1.8/gems/mongrel-1.1.6/bin/../lib/mongrel/configurator.rb:50:in `initialize'
	from /opt/ruby1.8/lib/ruby/gems/1.8/gems/mongrel-1.1.6/bin/mongrel_rails:86:in `new'
	from /opt/ruby1.8/lib/ruby/gems/1.8/gems/mongrel-1.1.6/bin/mongrel_rails:86:in `run'
	from /opt/ruby1.8/lib/ruby/gems/1.8/gems/mongrel-1.1.6/bin/../lib/mongrel/command.rb:210:in `run'
	from /opt/ruby1.8/lib/ruby/gems/1.8/gems/mongrel-1.1.6/bin/mongrel_rails:283
	from /opt/ruby1.8/lib/ruby/gems/1.8/bin/mongrel_rails:19:in `load'
	from /opt/ruby1.8/lib/ruby/gems/1.8/bin/mongrel_rails:19
** Daemonized, any open files are closed.  Look at tmp/pids/mongrel.5002.pid and log/mongrel.5002.log for info.
** Starting Mongrel listening at 127.0.0.1:5002
** Initiating groups for "rails":"rails".
** Changing group to "rails".
** Changing user to "rails".
** Starting Rails with production environment...
/opt/ruby1.8/lib/ruby/site_ruby/1.8/rubygems/custom_require.rb:31:in `gem_original_require': no such file to load -- /home/telpeloth/quadomaniacy2/config/environment (LoadError)
	from /opt/ruby1.8/lib/ruby/site_ruby/1.8/rubygems/custom_require.rb:31:in `require'
	from /opt/ruby1.8/lib/ruby/gems/1.8/gems/mongrel-1.1.6/bin/../lib/mongrel/rails.rb:147:in `rails'
	from /opt/ruby1.8/lib/ruby/gems/1.8/gems/mongrel-1.1.6/bin/mongrel_rails:115:in `cloaker_'
	from /opt/ruby1.8/lib/ruby/gems/1.8/gems/mongrel-1.1.6/bin/../lib/mongrel/configurator.rb:149:in `call'
	from /opt/ruby1.8/lib/ruby/gems/1.8/gems/mongrel-1.1.6/bin/../lib/mongrel/configurator.rb:149:in `listener'
	from /opt/ruby1.8/lib/ruby/gems/1.8/gems/mongrel-1.1.6/bin/mongrel_rails:101:in `cloaker_'
	from /opt/ruby1.8/lib/ruby/gems/1.8/gems/mongrel-1.1.6/bin/../lib/mongrel/configurator.rb:50:in `call'
	from /opt/ruby1.8/lib/ruby/gems/1.8/gems/mongrel-1.1.6/bin/../lib/mongrel/configurator.rb:50:in `initialize'
	from /opt/ruby1.8/lib/ruby/gems/1.8/gems/mongrel-1.1.6/bin/mongrel_rails:86:in `new'
	from /opt/ruby1.8/lib/ruby/gems/1.8/gems/mongrel-1.1.6/bin/mongrel_rails:86:in `run'
	from /opt/ruby1.8/lib/ruby/gems/1.8/gems/mongrel-1.1.6/bin/../lib/mongrel/command.rb:210:in `run'
	from /opt/ruby1.8/lib/ruby/gems/1.8/gems/mongrel-1.1.6/bin/mongrel_rails:283
	from /opt/ruby1.8/lib/ruby/gems/1.8/bin/mongrel_rails:19:in `load'
	from /opt/ruby1.8/lib/ruby/gems/1.8/bin/mongrel_rails:19
** Daemonized, any open files are closed.  Look at tmp/pids/mongrel.5002.pid and log/mongrel.5002.log for info.
** Starting Mongrel listening at 127.0.0.1:5002
** Initiating groups for "rails":"rails".
** Changing group to "rails".
** Changing user to "rails".
** Starting Rails with production environment...
/opt/ruby1.8/lib/ruby/site_ruby/1.8/rubygems/custom_require.rb:31:in `gem_original_require': no such file to load -- /home/telpeloth/quadomaniacy2/config/environment (LoadError)
	from /opt/ruby1.8/lib/ruby/site_ruby/1.8/rubygems/custom_require.rb:31:in `require'
	from /opt/ruby1.8/lib/ruby/gems/1.8/gems/mongrel-1.1.6/bin/../lib/mongrel/rails.rb:147:in `rails'
	from /opt/ruby1.8/lib/ruby/gems/1.8/gems/mongrel-1.1.6/bin/mongrel_rails:115:in `cloaker_'
	from /opt/ruby1.8/lib/ruby/gems/1.8/gems/mongrel-1.1.6/bin/../lib/mongrel/configurator.rb:149:in `call'
	from /opt/ruby1.8/lib/ruby/gems/1.8/gems/mongrel-1.1.6/bin/../lib/mongrel/configurator.rb:149:in `listener'
	from /opt/ruby1.8/lib/ruby/gems/1.8/gems/mongrel-1.1.6/bin/mongrel_rails:101:in `cloaker_'
	from /opt/ruby1.8/lib/ruby/gems/1.8/gems/mongrel-1.1.6/bin/../lib/mongrel/configurator.rb:50:in `call'
	from /opt/ruby1.8/lib/ruby/gems/1.8/gems/mongrel-1.1.6/bin/../lib/mongrel/configurator.rb:50:in `initialize'
	from /opt/ruby1.8/lib/ruby/gems/1.8/gems/mongrel-1.1.6/bin/mongrel_rails:86:in `new'
	from /opt/ruby1.8/lib/ruby/gems/1.8/gems/mongrel-1.1.6/bin/mongrel_rails:86:in `run'
	from /opt/ruby1.8/lib/ruby/gems/1.8/gems/mongrel-1.1.6/bin/../lib/mongrel/command.rb:210:in `run'
	from /opt/ruby1.8/lib/ruby/gems/1.8/gems/mongrel-1.1.6/bin/mongrel_rails:283
	from /opt/ruby1.8/lib/ruby/gems/1.8/bin/mongrel_rails:19:in `load'
	from /opt/ruby1.8/lib/ruby/gems/1.8/bin/mongrel_rails:19
** Daemonized, any open files are closed.  Look at tmp/pids/mongrel.5002.pid and log/mongrel.5002.log for info.
** Starting Mongrel listening at 127.0.0.1:5002
** Initiating groups for "rails":"rails".
** Changing group to "rails".
** Changing user to "rails".
** Starting Rails with production environment...
/opt/ruby1.8/lib/ruby/site_ruby/1.8/rubygems/custom_require.rb:31:in `gem_original_require': no such file to load -- /home/telpeloth/quadomaniacy2/config/environment (LoadError)
	from /opt/ruby1.8/lib/ruby/site_ruby/1.8/rubygems/custom_require.rb:31:in `require'
	from /opt/ruby1.8/lib/ruby/gems/1.8/gems/mongrel-1.1.6/bin/../lib/mongrel/rails.rb:147:in `rails'
	from /opt/ruby1.8/lib/ruby/gems/1.8/gems/mongrel-1.1.6/bin/mongrel_rails:115:in `cloaker_'
	from /opt/ruby1.8/lib/ruby/gems/1.8/gems/mongrel-1.1.6/bin/../lib/mongrel/configurator.rb:149:in `call'
	from /opt/ruby1.8/lib/ruby/gems/1.8/gems/mongrel-1.1.6/bin/../lib/mongrel/configurator.rb:149:in `listener'
	from /opt/ruby1.8/lib/ruby/gems/1.8/gems/mongrel-1.1.6/bin/mongrel_rails:101:in `cloaker_'
	from /opt/ruby1.8/lib/ruby/gems/1.8/gems/mongrel-1.1.6/bin/../lib/mongrel/configurator.rb:50:in `call'
	from /opt/ruby1.8/lib/ruby/gems/1.8/gems/mongrel-1.1.6/bin/../lib/mongrel/configurator.rb:50:in `initialize'
	from /opt/ruby1.8/lib/ruby/gems/1.8/gems/mongrel-1.1.6/bin/mongrel_rails:86:in `new'
	from /opt/ruby1.8/lib/ruby/gems/1.8/gems/mongrel-1.1.6/bin/mongrel_rails:86:in `run'
	from /opt/ruby1.8/lib/ruby/gems/1.8/gems/mongrel-1.1.6/bin/../lib/mongrel/command.rb:210:in `run'
	from /opt/ruby1.8/lib/ruby/gems/1.8/gems/mongrel-1.1.6/bin/mongrel_rails:283
	from /opt/ruby1.8/lib/ruby/gems/1.8/bin/mongrel_rails:19:in `load'
	from /opt/ruby1.8/lib/ruby/gems/1.8/bin/mongrel_rails:19
** Daemonized, any open files are closed.  Look at tmp/pids/mongrel.5002.pid and log/mongrel.5002.log for info.
** Starting Mongrel listening at 127.0.0.1:5002
** Initiating groups for "rails":"rails".
** Changing group to "rails".
** Changing user to "rails".
** Starting Rails with production environment...
/opt/ruby1.8/lib/ruby/site_ruby/1.8/rubygems/custom_require.rb:31:in `gem_original_require': no such file to load -- /home/telpeloth/quadomaniacy2/config/environment (LoadError)
	from /opt/ruby1.8/lib/ruby/site_ruby/1.8/rubygems/custom_require.rb:31:in `require'
	from /opt/ruby1.8/lib/ruby/gems/1.8/gems/mongrel-1.1.6/bin/../lib/mongrel/rails.rb:147:in `rails'
	from /opt/ruby1.8/lib/ruby/gems/1.8/gems/mongrel-1.1.6/bin/mongrel_rails:115:in `cloaker_'
	from /opt/ruby1.8/lib/ruby/gems/1.8/gems/mongrel-1.1.6/bin/../lib/mongrel/configurator.rb:149:in `call'
	from /opt/ruby1.8/lib/ruby/gems/1.8/gems/mongrel-1.1.6/bin/../lib/mongrel/configurator.rb:149:in `listener'
	from /opt/ruby1.8/lib/ruby/gems/1.8/gems/mongrel-1.1.6/bin/mongrel_rails:101:in `cloaker_'
	from /opt/ruby1.8/lib/ruby/gems/1.8/gems/mongrel-1.1.6/bin/../lib/mongrel/configurator.rb:50:in `call'
	from /opt/ruby1.8/lib/ruby/gems/1.8/gems/mongrel-1.1.6/bin/../lib/mongrel/configurator.rb:50:in `initialize'
	from /opt/ruby1.8/lib/ruby/gems/1.8/gems/mongrel-1.1.6/bin/mongrel_rails:86:in `new'
	from /opt/ruby1.8/lib/ruby/gems/1.8/gems/mongrel-1.1.6/bin/mongrel_rails:86:in `run'
	from /opt/ruby1.8/lib/ruby/gems/1.8/gems/mongrel-1.1.6/bin/../lib/mongrel/command.rb:210:in `run'
	from /opt/ruby1.8/lib/ruby/gems/1.8/gems/mongrel-1.1.6/bin/mongrel_rails:283
	from /opt/ruby1.8/lib/ruby/gems/1.8/bin/mongrel_rails:19:in `load'
	from /opt/ruby1.8/lib/ruby/gems/1.8/bin/mongrel_rails:19
** Daemonized, any open files are closed.  Look at tmp/pids/mongrel.5002.pid and log/mongrel.5002.log for info.
** Starting Mongrel listening at 127.0.0.1:5002
** Initiating groups for "rails":"rails".
** Changing group to "rails".
** Changing user to "rails".
** Starting Rails with production environment...
/opt/ruby1.8/lib/ruby/site_ruby/1.8/rubygems/custom_require.rb:31:in `gem_original_require': no such file to load -- /home/telpeloth/quadomaniacy2/config/environment (LoadError)
	from /opt/ruby1.8/lib/ruby/site_ruby/1.8/rubygems/custom_require.rb:31:in `require'
	from /opt/ruby1.8/lib/ruby/gems/1.8/gems/mongrel-1.1.6/bin/../lib/mongrel/rails.rb:147:in `rails'
	from /opt/ruby1.8/lib/ruby/gems/1.8/gems/mongrel-1.1.6/bin/mongrel_rails:115:in `cloaker_'
	from /opt/ruby1.8/lib/ruby/gems/1.8/gems/mongrel-1.1.6/bin/../lib/mongrel/configurator.rb:149:in `call'
	from /opt/ruby1.8/lib/ruby/gems/1.8/gems/mongrel-1.1.6/bin/../lib/mongrel/configurator.rb:149:in `listener'
	from /opt/ruby1.8/lib/ruby/gems/1.8/gems/mongrel-1.1.6/bin/mongrel_rails:101:in `cloaker_'
	from /opt/ruby1.8/lib/ruby/gems/1.8/gems/mongrel-1.1.6/bin/../lib/mongrel/configurator.rb:50:in `call'
	from /opt/ruby1.8/lib/ruby/gems/1.8/gems/mongrel-1.1.6/bin/../lib/mongrel/configurator.rb:50:in `initialize'
	from /opt/ruby1.8/lib/ruby/gems/1.8/gems/mongrel-1.1.6/bin/mongrel_rails:86:in `new'
	from /opt/ruby1.8/lib/ruby/gems/1.8/gems/mongrel-1.1.6/bin/mongrel_rails:86:in `run'
	from /opt/ruby1.8/lib/ruby/gems/1.8/gems/mongrel-1.1.6/bin/../lib/mongrel/command.rb:210:in `run'
	from /opt/ruby1.8/lib/ruby/gems/1.8/gems/mongrel-1.1.6/bin/mongrel_rails:283
	from /opt/ruby1.8/lib/ruby/gems/1.8/bin/mongrel_rails:19:in `load'
	from /opt/ruby1.8/lib/ruby/gems/1.8/bin/mongrel_rails:19
** Daemonized, any open files are closed.  Look at tmp/pids/mongrel.5002.pid and log/mongrel.5002.log for info.
** Starting Mongrel listening at 127.0.0.1:5002
** Initiating groups for "rails":"rails".
** Changing group to "rails".
** Changing user to "rails".
** Starting Rails with production environment...
/usr/lib/ruby/gems/1.8/gems/activerecord-2.3.4/lib/active_record/connection_adapters/abstract/connection_specification.rb:62:in `establish_connection': production database is not configured (ActiveRecord::AdapterNotSpecified)
	from /usr/lib/ruby/gems/1.8/gems/activerecord-2.3.4/lib/active_record/connection_adapters/abstract/connection_specification.rb:55:in `establish_connection'
	from /usr/lib/ruby/gems/1.8/gems/rails-2.3.4/lib/initializer.rb:438:in `initialize_database'
	from /usr/lib/ruby/gems/1.8/gems/rails-2.3.4/lib/initializer.rb:141:in `process'
	from /usr/lib/ruby/gems/1.8/gems/rails-2.3.4/lib/initializer.rb:113:in `send'
	from /usr/lib/ruby/gems/1.8/gems/rails-2.3.4/lib/initializer.rb:113:in `run'
	from /srv/rails/quadomaniacy/config/environment.rb:13
	from /usr/lib/ruby/site_ruby/1.8/rubygems/custom_require.rb:31:in `gem_original_require'
	from /usr/lib/ruby/site_ruby/1.8/rubygems/custom_require.rb:31:in `require'
	from /usr/lib/ruby/gems/1.8/gems/mongrel-1.1.5/bin/../lib/mongrel/rails.rb:147:in `rails'
	from /usr/lib/ruby/gems/1.8/gems/mongrel-1.1.5/bin/mongrel_rails:113:in `cloaker_'
	from /usr/lib/ruby/gems/1.8/gems/mongrel-1.1.5/bin/../lib/mongrel/configurator.rb:149:in `call'
	from /usr/lib/ruby/gems/1.8/gems/mongrel-1.1.5/bin/../lib/mongrel/configurator.rb:149:in `listener'
	from /usr/lib/ruby/gems/1.8/gems/mongrel-1.1.5/bin/mongrel_rails:99:in `cloaker_'
	from /usr/lib/ruby/gems/1.8/gems/mongrel-1.1.5/bin/../lib/mongrel/configurator.rb:50:in `call'
	from /usr/lib/ruby/gems/1.8/gems/mongrel-1.1.5/bin/../lib/mongrel/configurator.rb:50:in `initialize'
	from /usr/lib/ruby/gems/1.8/gems/mongrel-1.1.5/bin/mongrel_rails:84:in `new'
	from /usr/lib/ruby/gems/1.8/gems/mongrel-1.1.5/bin/mongrel_rails:84:in `run'
	from /usr/lib/ruby/gems/1.8/gems/mongrel-1.1.5/bin/../lib/mongrel/command.rb:212:in `run'
	from /usr/lib/ruby/gems/1.8/gems/mongrel-1.1.5/bin/mongrel_rails:281
	from /usr/bin/mongrel_rails:19:in `load'
	from /usr/bin/mongrel_rails:19
** Daemonized, any open files are closed.  Look at tmp/pids/mongrel.5002.pid and log/mongrel.5002.log for info.
** Starting Mongrel listening at 127.0.0.1:5002
** Initiating groups for "rails":"rails".
** Changing group to "rails".
** Changing user to "rails".
** Starting Rails with production environment...
Rails Error: Unable to access log file. Please ensure that /srv/rails/quadomaniacy/log/production.log exists and is chmod 0666. The log level has been raised to WARN and the output directed to STDERR until the problem is fixed.
/usr/lib/ruby/1.8/logger.rb:518:in `initialize': Permission denied - /srv/rails/quadomaniacy/log/acts_as_ferret.log (Errno::EACCES)
	from /usr/lib/ruby/1.8/logger.rb:518:in `open'
	from /usr/lib/ruby/1.8/logger.rb:518:in `open_logfile'
	from /usr/lib/ruby/1.8/logger.rb:487:in `initialize'
	from /usr/lib/ruby/1.8/logger.rb:263:in `new'
	from /usr/lib/ruby/1.8/logger.rb:263:in `initialize'
	from /srv/rails/quadomaniacy/vendor/plugins/acts_as_ferret/lib/acts_as_ferret.rb:110:in `new'
	from /srv/rails/quadomaniacy/vendor/plugins/acts_as_ferret/lib/acts_as_ferret.rb:110
	from /usr/lib/ruby/site_ruby/1.8/rubygems/custom_require.rb:31:in `gem_original_require'
	from /usr/lib/ruby/site_ruby/1.8/rubygems/custom_require.rb:31:in `require'
	from /usr/lib/ruby/gems/1.8/gems/activesupport-2.3.4/lib/active_support/dependencies.rb:158:in `require'
	from /srv/rails/quadomaniacy/vendor/plugins/acts_as_ferret/init.rb:21:in `evaluate_init_rb'
	from /usr/lib/ruby/gems/1.8/gems/rails-2.3.4/lib/rails/plugin.rb:158:in `evaluate_init_rb'
	from /usr/lib/ruby/gems/1.8/gems/activesupport-2.3.4/lib/active_support/core_ext/kernel/reporting.rb:11:in `silence_warnings'
	from /usr/lib/ruby/gems/1.8/gems/rails-2.3.4/lib/rails/plugin.rb:154:in `evaluate_init_rb'
	from /usr/lib/ruby/gems/1.8/gems/rails-2.3.4/lib/rails/plugin.rb:48:in `load'
	from /usr/lib/ruby/gems/1.8/gems/rails-2.3.4/lib/rails/plugin/loader.rb:38:in `load_plugins'
	from /usr/lib/ruby/gems/1.8/gems/rails-2.3.4/lib/rails/plugin/loader.rb:37:in `each'
	from /usr/lib/ruby/gems/1.8/gems/rails-2.3.4/lib/rails/plugin/loader.rb:37:in `load_plugins'
	from /usr/lib/ruby/gems/1.8/gems/rails-2.3.4/lib/initializer.rb:369:in `load_plugins'
	from /usr/lib/ruby/gems/1.8/gems/rails-2.3.4/lib/initializer.rb:165:in `process'
	from /usr/lib/ruby/gems/1.8/gems/rails-2.3.4/lib/initializer.rb:113:in `send'
	from /usr/lib/ruby/gems/1.8/gems/rails-2.3.4/lib/initializer.rb:113:in `run'
	from /srv/rails/quadomaniacy/config/environment.rb:13
	from /usr/lib/ruby/site_ruby/1.8/rubygems/custom_require.rb:31:in `gem_original_require'
	from /usr/lib/ruby/site_ruby/1.8/rubygems/custom_require.rb:31:in `require'
	from /usr/lib/ruby/gems/1.8/gems/mongrel-1.1.5/bin/../lib/mongrel/rails.rb:147:in `rails'
	from /usr/lib/ruby/gems/1.8/gems/mongrel-1.1.5/bin/mongrel_rails:113:in `cloaker_'
	from /usr/lib/ruby/gems/1.8/gems/mongrel-1.1.5/bin/../lib/mongrel/configurator.rb:149:in `call'
	from /usr/lib/ruby/gems/1.8/gems/mongrel-1.1.5/bin/../lib/mongrel/configurator.rb:149:in `listener'
	from /usr/lib/ruby/gems/1.8/gems/mongrel-1.1.5/bin/mongrel_rails:99:in `cloaker_'
	from /usr/lib/ruby/gems/1.8/gems/mongrel-1.1.5/bin/../lib/mongrel/configurator.rb:50:in `call'
	from /usr/lib/ruby/gems/1.8/gems/mongrel-1.1.5/bin/../lib/mongrel/configurator.rb:50:in `initialize'
	from /usr/lib/ruby/gems/1.8/gems/mongrel-1.1.5/bin/mongrel_rails:84:in `new'
	from /usr/lib/ruby/gems/1.8/gems/mongrel-1.1.5/bin/mongrel_rails:84:in `run'
	from /usr/lib/ruby/gems/1.8/gems/mongrel-1.1.5/bin/../lib/mongrel/command.rb:212:in `run'
	from /usr/lib/ruby/gems/1.8/gems/mongrel-1.1.5/bin/mongrel_rails:281
	from /usr/bin/mongrel_rails:19:in `load'
	from /usr/bin/mongrel_rails:19
** Daemonized, any open files are closed.  Look at tmp/pids/mongrel.5002.pid and log/mongrel.5002.log for info.
** Starting Mongrel listening at 127.0.0.1:5002
** Initiating groups for "rails":"rails".
** Changing group to "rails".
** Changing user to "rails".
** Starting Rails with production environment...
** Rails loaded.
** Loading any Rails specific GemPlugins
** Loading config/mongrel_upload_progress.conf external config script
** Signals ready.  TERM => stop.  USR2 => restart.  INT => stop (no restart).
** Rails signals registered.  HUP => reload (without restart).  It might not work well.
** Mongrel 1.1.5 available at 127.0.0.1:5002
** Writing PID file to tmp/pids/mongrel.5002.pid
** TERM signal received.
** Daemonized, any open files are closed.  Look at tmp/pids/mongrel.5002.pid and log/mongrel.5002.log for info.
** Starting Mongrel listening at 127.0.0.1:5002
** Initiating groups for "rails":"rails".
** Changing group to "rails".
** Changing user to "rails".
** Starting Rails with production environment...
** Rails loaded.
** Loading any Rails specific GemPlugins
** Loading config/mongrel_upload_progress.conf external config script
** Signals ready.  TERM => stop.  USR2 => restart.  INT => stop (no restart).
** Rails signals registered.  HUP => reload (without restart).  It might not work well.
** Mongrel 1.1.5 available at 127.0.0.1:5002
** Writing PID file to tmp/pids/mongrel.5002.pid
** Daemonized, any open files are closed.  Look at tmp/pids/mongrel.5002.pid and log/mongrel.5002.log for info.
** Starting Mongrel listening at 127.0.0.1:5002
** Initiating groups for "rails":"rails".
** Changing group to "rails".
** Changing user to "rails".
** Starting Rails with production environment...
** Rails loaded.
** Loading any Rails specific GemPlugins
** Loading config/mongrel_upload_progress.conf external config script
** Signals ready.  TERM => stop.  USR2 => restart.  INT => stop (no restart).
** Rails signals registered.  HUP => reload (without restart).  It might not work well.
** Mongrel 1.1.5 available at 127.0.0.1:5002
** Writing PID file to tmp/pids/mongrel.5002.pid
** TERM signal received.
** Daemonized, any open files are closed.  Look at tmp/pids/mongrel.5002.pid and log/mongrel.5002.log for info.
** Starting Mongrel listening at 127.0.0.1:5002
** Initiating groups for "rails":"rails".
** Changing group to "rails".
** Changing user to "rails".
** Starting Rails with production environment...
** Rails loaded.
** Loading any Rails specific GemPlugins
** Loading config/mongrel_upload_progress.conf external config script
** Signals ready.  TERM => stop.  USR2 => restart.  INT => stop (no restart).
** Rails signals registered.  HUP => reload (without restart).  It might not work well.
** Mongrel 1.1.5 available at 127.0.0.1:5002
** Writing PID file to tmp/pids/mongrel.5002.pid
** TERM signal received.
** Daemonized, any open files are closed.  Look at tmp/pids/mongrel.5002.pid and log/mongrel.5002.log for info.
** Starting Mongrel listening at 127.0.0.1:5002
** Initiating groups for "rails":"rails".
** Changing group to "rails".
** Changing user to "rails".
** Starting Rails with production environment...
** Rails loaded.
** Loading any Rails specific GemPlugins
** Loading config/mongrel_upload_progress.conf external config script
** Signals ready.  TERM => stop.  USR2 => restart.  INT => stop (no restart).
** Rails signals registered.  HUP => reload (without restart).  It might not work well.
** Mongrel 1.1.5 available at 127.0.0.1:5002
** Writing PID file to tmp/pids/mongrel.5002.pid
** TERM signal received.
** Daemonized, any open files are closed.  Look at tmp/pids/mongrel.5002.pid and log/mongrel.5002.log for info.
** Starting Mongrel listening at 127.0.0.1:5002
** Initiating groups for "rails":"rails".
** Changing group to "rails".
** Changing user to "rails".
** Starting Rails with production environment...
** Rails loaded.
** Loading any Rails specific GemPlugins
** Loading config/mongrel_upload_progress.conf external config script
** Signals ready.  TERM => stop.  USR2 => restart.  INT => stop (no restart).
** Rails signals registered.  HUP => reload (without restart).  It might not work well.
** Mongrel 1.1.5 available at 127.0.0.1:5002
** Writing PID file to tmp/pids/mongrel.5002.pid
** TERM signal received.
** Daemonized, any open files are closed.  Look at tmp/pids/mongrel.5002.pid and log/mongrel.5002.log for info.
** Starting Mongrel listening at 127.0.0.1:5002
** Initiating groups for "rails":"rails".
** Changing group to "rails".
** Changing user to "rails".
** Starting Rails with production environment...
** Rails loaded.
** Loading any Rails specific GemPlugins
** Loading config/mongrel_upload_progress.conf external config script
** Signals ready.  TERM => stop.  USR2 => restart.  INT => stop (no restart).
** Rails signals registered.  HUP => reload (without restart).  It might not work well.
** Mongrel 1.1.5 available at 127.0.0.1:5002
** Writing PID file to tmp/pids/mongrel.5002.pid
** TERM signal received.
** Daemonized, any open files are closed.  Look at tmp/pids/mongrel.5002.pid and log/mongrel.5002.log for info.
** Starting Mongrel listening at 127.0.0.1:5002
** Initiating groups for "rails":"rails".
** Changing group to "rails".
** Changing user to "rails".
** Starting Rails with production environment...
** Rails loaded.
** Loading any Rails specific GemPlugins
** Loading config/mongrel_upload_progress.conf external config script
** Signals ready.  TERM => stop.  USR2 => restart.  INT => stop (no restart).
** Rails signals registered.  HUP => reload (without restart).  It might not work well.
** Mongrel 1.1.5 available at 127.0.0.1:5002
** Writing PID file to tmp/pids/mongrel.5002.pid
{"action"=>"dfind", "controller"=>"video"}
** Daemonized, any open files are closed.  Look at tmp/pids/mongrel.5002.pid and log/mongrel.5002.log for info.
** Starting Mongrel listening at 127.0.0.1:5002
** Initiating groups for "rails":"rails".
** Changing group to "rails".
** Changing user to "rails".
** Starting Rails with production environment...
** Rails loaded.
** Loading any Rails specific GemPlugins
** Loading config/mongrel_upload_progress.conf external config script
** Signals ready.  TERM => stop.  USR2 => restart.  INT => stop (no restart).
** Rails signals registered.  HUP => reload (without restart).  It might not work well.
** Mongrel 1.1.5 available at 127.0.0.1:5002
** Writing PID file to tmp/pids/mongrel.5002.pid
** Daemonized, any open files are closed.  Look at tmp/pids/mongrel.5002.pid and log/mongrel.5002.log for info.
** Starting Mongrel listening at 127.0.0.1:5002
** Initiating groups for "rails":"rails".
** Changing group to "rails".
** Changing user to "rails".
** Starting Rails with production environment...
** Rails loaded.
** Loading any Rails specific GemPlugins
** Loading config/mongrel_upload_progress.conf external config script
** Signals ready.  TERM => stop.  USR2 => restart.  INT => stop (no restart).
** Rails signals registered.  HUP => reload (without restart).  It might not work well.
** Mongrel 1.1.5 available at 127.0.0.1:5002
** Writing PID file to tmp/pids/mongrel.5002.pid
** Daemonized, any open files are closed.  Look at tmp/pids/mongrel.5002.pid and log/mongrel.5002.log for info.
** Starting Mongrel listening at 127.0.0.1:5002
** Initiating groups for "rails":"rails".
** Changing group to "rails".
** Changing user to "rails".
** Starting Rails with production environment...
** Rails loaded.
** Loading any Rails specific GemPlugins
** Loading config/mongrel_upload_progress.conf external config script
** Signals ready.  TERM => stop.  USR2 => restart.  INT => stop (no restart).
** Rails signals registered.  HUP => reload (without restart).  It might not work well.
** Mongrel 1.1.5 available at 127.0.0.1:5002
** Writing PID file to tmp/pids/mongrel.5002.pid
** Daemonized, any open files are closed.  Look at tmp/pids/mongrel.5002.pid and log/mongrel.5002.log for info.
** Starting Mongrel listening at 127.0.0.1:5002
** Initiating groups for "rails":"rails".
** Changing group to "rails".
** Changing user to "rails".
** Starting Rails with production environment...
** Rails loaded.
** Loading any Rails specific GemPlugins
** Loading config/mongrel_upload_progress.conf external config script
** Signals ready.  TERM => stop.  USR2 => restart.  INT => stop (no restart).
** Rails signals registered.  HUP => reload (without restart).  It might not work well.
** Mongrel 1.1.5 available at 127.0.0.1:5002
** Writing PID file to tmp/pids/mongrel.5002.pid
** Daemonized, any open files are closed.  Look at tmp/pids/mongrel.5002.pid and log/mongrel.5002.log for info.
** Starting Mongrel listening at 127.0.0.1:5002
** Initiating groups for "rails":"rails".
** Changing group to "rails".
** Changing user to "rails".
** Starting Rails with production environment...
** Rails loaded.
** Loading any Rails specific GemPlugins
** Loading config/mongrel_upload_progress.conf external config script
** Signals ready.  TERM => stop.  USR2 => restart.  INT => stop (no restart).
** Rails signals registered.  HUP => reload (without restart).  It might not work well.
** Mongrel 1.1.5 available at 127.0.0.1:5002
** Writing PID file to tmp/pids/mongrel.5002.pid
** Daemonized, any open files are closed.  Look at tmp/pids/mongrel.5002.pid and log/mongrel.5002.log for info.
** Starting Mongrel listening at 127.0.0.1:5002
** Initiating groups for "rails":"rails".
** Changing group to "rails".
** Changing user to "rails".
** Starting Rails with production environment...
** Rails loaded.
** Loading any Rails specific GemPlugins
** Loading config/mongrel_upload_progress.conf external config script
** Signals ready.  TERM => stop.  USR2 => restart.  INT => stop (no restart).
** Rails signals registered.  HUP => reload (without restart).  It might not work well.
** Mongrel 1.1.5 available at 127.0.0.1:5002
** Writing PID file to tmp/pids/mongrel.5002.pid
** Daemonized, any open files are closed.  Look at tmp/pids/mongrel.5002.pid and log/mongrel.5002.log for info.
** Starting Mongrel listening at 127.0.0.1:5002
** Initiating groups for "rails":"rails".
** Changing group to "rails".
** Changing user to "rails".
** Starting Rails with production environment...
** Rails loaded.
** Loading any Rails specific GemPlugins
** Loading config/mongrel_upload_progress.conf external config script
** Signals ready.  TERM => stop.  USR2 => restart.  INT => stop (no restart).
** Rails signals registered.  HUP => reload (without restart).  It might not work well.
** Mongrel 1.1.5 available at 127.0.0.1:5002
** Writing PID file to tmp/pids/mongrel.5002.pid
** Daemonized, any open files are closed.  Look at tmp/pids/mongrel.5002.pid and log/mongrel.5002.log for info.
** Starting Mongrel listening at 127.0.0.1:5002
** Initiating groups for "rails":"rails".
** Changing group to "rails".
** Changing user to "rails".
** Starting Rails with production environment...
** Rails loaded.
** Loading any Rails specific GemPlugins
** Loading config/mongrel_upload_progress.conf external config script
** Signals ready.  TERM => stop.  USR2 => restart.  INT => stop (no restart).
** Rails signals registered.  HUP => reload (without restart).  It might not work well.
** Mongrel 1.1.5 available at 127.0.0.1:5002
** Writing PID file to tmp/pids/mongrel.5002.pid
** Daemonized, any open files are closed.  Look at tmp/pids/mongrel.5002.pid and log/mongrel.5002.log for info.
** Starting Mongrel listening at 127.0.0.1:5002
** Initiating groups for "rails":"rails".
** Changing group to "rails".
** Changing user to "rails".
** Starting Rails with production environment...
** Rails loaded.
** Loading any Rails specific GemPlugins
** Loading config/mongrel_upload_progress.conf external config script
** Signals ready.  TERM => stop.  USR2 => restart.  INT => stop (no restart).
** Rails signals registered.  HUP => reload (without restart).  It might not work well.
** Mongrel 1.1.5 available at 127.0.0.1:5002
** Writing PID file to tmp/pids/mongrel.5002.pid
** Daemonized, any open files are closed.  Look at tmp/pids/mongrel.5002.pid and log/mongrel.5002.log for info.
** Starting Mongrel listening at 127.0.0.1:5002
** Initiating groups for "rails":"rails".
** Changing group to "rails".
** Changing user to "rails".
** Starting Rails with production environment...
** Rails loaded.
** Loading any Rails specific GemPlugins
** Loading config/mongrel_upload_progress.conf external config script
** Signals ready.  TERM => stop.  USR2 => restart.  INT => stop (no restart).
** Rails signals registered.  HUP => reload (without restart).  It might not work well.
** Mongrel 1.1.5 available at 127.0.0.1:5002
** Writing PID file to tmp/pids/mongrel.5002.pid
** TERM signal received.
** Daemonized, any open files are closed.  Look at tmp/pids/mongrel.5002.pid and log/mongrel.5002.log for info.
** Starting Mongrel listening at 127.0.0.1:5002
** Initiating groups for "rails":"rails".
** Changing group to "rails".
** Changing user to "rails".
** Starting Rails with production environment...
** Rails loaded.
** Loading any Rails specific GemPlugins
** Loading config/mongrel_upload_progress.conf external config script
** Signals ready.  TERM => stop.  USR2 => restart.  INT => stop (no restart).
** Rails signals registered.  HUP => reload (without restart).  It might not work well.
** Mongrel 1.1.5 available at 127.0.0.1:5002
** Writing PID file to tmp/pids/mongrel.5002.pid
** TERM signal received.
** Daemonized, any open files are closed.  Look at tmp/pids/mongrel.5002.pid and log/mongrel.5002.log for info.
** Starting Mongrel listening at 127.0.0.1:5002
** Initiating groups for "rails":"rails".
** Changing group to "rails".
** Changing user to "rails".
** Starting Rails with production environment...
** Rails loaded.
** Loading any Rails specific GemPlugins
** Loading config/mongrel_upload_progress.conf external config script
** Signals ready.  TERM => stop.  USR2 => restart.  INT => stop (no restart).
** Rails signals registered.  HUP => reload (without restart).  It might not work well.
** Mongrel 1.1.5 available at 127.0.0.1:5002
** Writing PID file to tmp/pids/mongrel.5002.pid
** TERM signal received.
** Daemonized, any open files are closed.  Look at tmp/pids/mongrel.5002.pid and log/mongrel.5002.log for info.
** Starting Mongrel listening at 127.0.0.1:5002
** Initiating groups for "rails":"rails".
** Changing group to "rails".
** Changing user to "rails".
** Starting Rails with production environment...
** Rails loaded.
** Loading any Rails specific GemPlugins
** Loading config/mongrel_upload_progress.conf external config script
** Signals ready.  TERM => stop.  USR2 => restart.  INT => stop (no restart).
** Rails signals registered.  HUP => reload (without restart).  It might not work well.
** Mongrel 1.1.5 available at 127.0.0.1:5002
** Writing PID file to tmp/pids/mongrel.5002.pid
** TERM signal received.
** Daemonized, any open files are closed.  Look at tmp/pids/mongrel.5002.pid and log/mongrel.5002.log for info.
** Starting Mongrel listening at 127.0.0.1:5002
** Initiating groups for "rails":"rails".
** Changing group to "rails".
** Changing user to "rails".
** Starting Rails with production environment...
** Rails loaded.
** Loading any Rails specific GemPlugins
** Loading config/mongrel_upload_progress.conf external config script
** Signals ready.  TERM => stop.  USR2 => restart.  INT => stop (no restart).
** Rails signals registered.  HUP => reload (without restart).  It might not work well.
** Mongrel 1.1.5 available at 127.0.0.1:5002
** Writing PID file to tmp/pids/mongrel.5002.pid
** TERM signal received.
** Daemonized, any open files are closed.  Look at tmp/pids/mongrel.5002.pid and log/mongrel.5002.log for info.
** Starting Mongrel listening at 127.0.0.1:5002
** Initiating groups for "rails":"rails".
** Changing group to "rails".
** Changing user to "rails".
** Starting Rails with production environment...
** Rails loaded.
** Loading any Rails specific GemPlugins
** Loading config/mongrel_upload_progress.conf external config script
** Signals ready.  TERM => stop.  USR2 => restart.  INT => stop (no restart).
** Rails signals registered.  HUP => reload (without restart).  It might not work well.
** Mongrel 1.1.5 available at 127.0.0.1:5002
** Writing PID file to tmp/pids/mongrel.5002.pid
** TERM signal received.
** Daemonized, any open files are closed.  Look at tmp/pids/mongrel.5002.pid and log/mongrel.5002.log for info.
** Starting Mongrel listening at 127.0.0.1:5002
** Initiating groups for "rails":"rails".
** Changing group to "rails".
** Changing user to "rails".
** Starting Rails with production environment...
** Rails loaded.
** Loading any Rails specific GemPlugins
** Loading config/mongrel_upload_progress.conf external config script
** Signals ready.  TERM => stop.  USR2 => restart.  INT => stop (no restart).
** Rails signals registered.  HUP => reload (without restart).  It might not work well.
** Mongrel 1.1.5 available at 127.0.0.1:5002
** Writing PID file to tmp/pids/mongrel.5002.pid
** TERM signal received.
** Daemonized, any open files are closed.  Look at tmp/pids/mongrel.5002.pid and log/mongrel.5002.log for info.
** Starting Mongrel listening at 127.0.0.1:5002
** Initiating groups for "rails":"rails".
** Changing group to "rails".
** Changing user to "rails".
** Starting Rails with production environment...
** Rails loaded.
** Loading any Rails specific GemPlugins
** Loading config/mongrel_upload_progress.conf external config script
** Signals ready.  TERM => stop.  USR2 => restart.  INT => stop (no restart).
** Rails signals registered.  HUP => reload (without restart).  It might not work well.
** Mongrel 1.1.5 available at 127.0.0.1:5002
** Writing PID file to tmp/pids/mongrel.5002.pid
** Daemonized, any open files are closed.  Look at tmp/pids/mongrel.5002.pid and log/mongrel.5002.log for info.
** Starting Mongrel listening at 127.0.0.1:5002
** Initiating groups for "rails":"rails".
** Changing group to "rails".
** Changing user to "rails".
** Starting Rails with production environment...
** Rails loaded.
** Loading any Rails specific GemPlugins
** Loading config/mongrel_upload_progress.conf external config script
** Signals ready.  TERM => stop.  USR2 => restart.  INT => stop (no restart).
** Rails signals registered.  HUP => reload (without restart).  It might not work well.
** Mongrel 1.1.5 available at 127.0.0.1:5002
** Writing PID file to tmp/pids/mongrel.5002.pid
** Daemonized, any open files are closed.  Look at tmp/pids/mongrel.5002.pid and log/mongrel.5002.log for info.
** Starting Mongrel listening at 127.0.0.1:5002
** Initiating groups for "rails":"rails".
** Changing group to "rails".
** Changing user to "rails".
** Starting Rails with production environment...
** Rails loaded.
** Loading any Rails specific GemPlugins
** Loading config/mongrel_upload_progress.conf external config script
** Signals ready.  TERM => stop.  USR2 => restart.  INT => stop (no restart).
** Rails signals registered.  HUP => reload (without restart).  It might not work well.
** Mongrel 1.1.5 available at 127.0.0.1:5002
** Writing PID file to tmp/pids/mongrel.5002.pid
bbb{:description=>"", :qtype=>"", :company=>""}
bbb{:description=>"test", :qtype=>"TR123", :company=>"Cectek"}
123123
** Daemonized, any open files are closed.  Look at tmp/pids/mongrel.5002.pid and log/mongrel.5002.log for info.
** Starting Mongrel listening at 127.0.0.1:5002
** Initiating groups for "rails":"rails".
** Changing group to "rails".
** Changing user to "rails".
** Starting Rails with production environment...
** Rails loaded.
** Loading any Rails specific GemPlugins
** Loading config/mongrel_upload_progress.conf external config script
** Signals ready.  TERM => stop.  USR2 => restart.  INT => stop (no restart).
** Rails signals registered.  HUP => reload (without restart).  It might not work well.
** Mongrel 1.1.5 available at 127.0.0.1:5002
** Writing PID file to tmp/pids/mongrel.5002.pid
tutaj!
tutaj!
tutaj!
tutaj!
tutaj!
