** Daemonized, any open files are closed.  Look at tmp/pids/mongrel.5003.pid and log/mongrel.5003.log for info.
** Starting Mongrel listening at 127.0.0.1:5003
** Initiating groups for "rails":"rails".
** Changing group to "rails".
** Changing user to "rails".
** Starting Rails with production environment...
** Rails loaded.
** Loading any Rails specific GemPlugins
** Loading config/mongrel_upload_progress.conf external config script
** Signals ready.  TERM => stop.  USR2 => restart.  INT => stop (no restart).
** Rails signals registered.  HUP => reload (without restart).  It might not work well.
** Mongrel 1.1.5 available at 127.0.0.1:5003
** Writing PID file to tmp/pids/mongrel.5003.pid
** TERM signal received.
** Daemonized, any open files are closed.  Look at tmp/pids/mongrel.5003.pid and log/mongrel.5003.log for info.
** Starting Mongrel listening at 127.0.0.1:5003
** Initiating groups for "rails":"rails".
** Changing group to "rails".
** Changing user to "rails".
** Starting Rails with production environment...
** Rails loaded.
** Loading any Rails specific GemPlugins
** Loading config/mongrel_upload_progress.conf external config script
** Signals ready.  TERM => stop.  USR2 => restart.  INT => stop (no restart).
** Rails signals registered.  HUP => reload (without restart).  It might not work well.
** Mongrel 1.1.5 available at 127.0.0.1:5003
** Writing PID file to tmp/pids/mongrel.5003.pid
** TERM signal received.
** Daemonized, any open files are closed.  Look at tmp/pids/mongrel.5003.pid and log/mongrel.5003.log for info.
** Starting Mongrel listening at 127.0.0.1:5003
** Initiating groups for "rails":"rails".
** Changing group to "rails".
** Changing user to "rails".
** Starting Rails with production environment...
** Rails loaded.
** Loading any Rails specific GemPlugins
** Loading config/mongrel_upload_progress.conf external config script
** Signals ready.  TERM => stop.  USR2 => restart.  INT => stop (no restart).
** Rails signals registered.  HUP => reload (without restart).  It might not work well.
** Mongrel 1.1.5 available at 127.0.0.1:5003
** Writing PID file to tmp/pids/mongrel.5003.pid
/srv/rails/quadomaniacy/app/controllers/site_controller.rb:11: warning: Object#id will be deprecated; use Object#object_id
/srv/rails/quadomaniacy/app/controllers/site_controller.rb:17: warning: Object#id will be deprecated; use Object#object_id
/srv/rails/quadomaniacy/app/controllers/site_controller.rb:11: warning: Object#id will be deprecated; use Object#object_id
/srv/rails/quadomaniacy/app/controllers/site_controller.rb:17: warning: Object#id will be deprecated; use Object#object_id
** TERM signal received.
** Daemonized, any open files are closed.  Look at tmp/pids/mongrel.5003.pid and log/mongrel.5003.log for info.
** Starting Mongrel listening at 127.0.0.1:5003
** Initiating groups for "rails":"rails".
** Changing group to "rails".
** Changing user to "rails".
** Starting Rails with production environment...
** Rails loaded.
** Loading any Rails specific GemPlugins
** Loading config/mongrel_upload_progress.conf external config script
** Signals ready.  TERM => stop.  USR2 => restart.  INT => stop (no restart).
** Rails signals registered.  HUP => reload (without restart).  It might not work well.
** Mongrel 1.1.5 available at 127.0.0.1:5003
** Writing PID file to tmp/pids/mongrel.5003.pid
/srv/rails/quadomaniacy/app/controllers/site_controller.rb:11: warning: Object#id will be deprecated; use Object#object_id
/srv/rails/quadomaniacy/app/controllers/site_controller.rb:17: warning: Object#id will be deprecated; use Object#object_id
** TERM signal received.
** Daemonized, any open files are closed.  Look at tmp/pids/mongrel.5003.pid and log/mongrel.5003.log for info.
** Starting Mongrel listening at 127.0.0.1:5003
** Initiating groups for "rails":"rails".
** Changing group to "rails".
** Changing user to "rails".
** Starting Rails with production environment...
** Rails loaded.
** Loading any Rails specific GemPlugins
** Loading config/mongrel_upload_progress.conf external config script
** Signals ready.  TERM => stop.  USR2 => restart.  INT => stop (no restart).
** Rails signals registered.  HUP => reload (without restart).  It might not work well.
** Mongrel 1.1.5 available at 127.0.0.1:5003
** Writing PID file to tmp/pids/mongrel.5003.pid
/srv/rails/quadomaniacy/app/controllers/site_controller.rb:11: warning: Object#id will be deprecated; use Object#object_id
/srv/rails/quadomaniacy/app/controllers/site_controller.rb:17: warning: Object#id will be deprecated; use Object#object_id
** TERM signal received.
** Daemonized, any open files are closed.  Look at tmp/pids/mongrel.5003.pid and log/mongrel.5003.log for info.
** Starting Mongrel listening at 127.0.0.1:5003
** Initiating groups for "rails":"rails".
** Changing group to "rails".
** Changing user to "rails".
** Starting Rails with production environment...
** Rails loaded.
** Loading any Rails specific GemPlugins
** Loading config/mongrel_upload_progress.conf external config script
** Signals ready.  TERM => stop.  USR2 => restart.  INT => stop (no restart).
** Rails signals registered.  HUP => reload (without restart).  It might not work well.
** Mongrel 1.1.5 available at 127.0.0.1:5003
** Writing PID file to tmp/pids/mongrel.5003.pid
/srv/rails/quadomaniacy/app/controllers/site_controller.rb:11: warning: Object#id will be deprecated; use Object#object_id
/srv/rails/quadomaniacy/app/controllers/site_controller.rb:17: warning: Object#id will be deprecated; use Object#object_id
/srv/rails/quadomaniacy/app/controllers/site_controller.rb:11: warning: Object#id will be deprecated; use Object#object_id
/srv/rails/quadomaniacy/app/controllers/site_controller.rb:17: warning: Object#id will be deprecated; use Object#object_id
/srv/rails/quadomaniacy/app/controllers/site_controller.rb:11: warning: Object#id will be deprecated; use Object#object_id
/srv/rails/quadomaniacy/app/controllers/site_controller.rb:17: warning: Object#id will be deprecated; use Object#object_id
/srv/rails/quadomaniacy/app/controllers/site_controller.rb:11: warning: Object#id will be deprecated; use Object#object_id
/srv/rails/quadomaniacy/app/controllers/site_controller.rb:17: warning: Object#id will be deprecated; use Object#object_id
/srv/rails/quadomaniacy/app/controllers/site_controller.rb:11: warning: Object#id will be deprecated; use Object#object_id
/srv/rails/quadomaniacy/app/controllers/site_controller.rb:17: warning: Object#id will be deprecated; use Object#object_id
/srv/rails/quadomaniacy/app/controllers/site_controller.rb:11: warning: Object#id will be deprecated; use Object#object_id
/srv/rails/quadomaniacy/app/controllers/site_controller.rb:17: warning: Object#id will be deprecated; use Object#object_id
/srv/rails/quadomaniacy/app/controllers/site_controller.rb:11: warning: Object#id will be deprecated; use Object#object_id
/srv/rails/quadomaniacy/app/controllers/site_controller.rb:17: warning: Object#id will be deprecated; use Object#object_id
** TERM signal received.
** Daemonized, any open files are closed.  Look at tmp/pids/mongrel.5003.pid and log/mongrel.5003.log for info.
** Starting Mongrel listening at 127.0.0.1:5003
** Initiating groups for "rails":"rails".
** Changing group to "rails".
** Changing user to "rails".
** Starting Rails with production environment...
** Rails loaded.
** Loading any Rails specific GemPlugins
** Loading config/mongrel_upload_progress.conf external config script
** Signals ready.  TERM => stop.  USR2 => restart.  INT => stop (no restart).
** Rails signals registered.  HUP => reload (without restart).  It might not work well.
** Mongrel 1.1.5 available at 127.0.0.1:5003
** Writing PID file to tmp/pids/mongrel.5003.pid
/srv/rails/quadomaniacy/app/controllers/site_controller.rb:11: warning: Object#id will be deprecated; use Object#object_id
/srv/rails/quadomaniacy/app/controllers/site_controller.rb:17: warning: Object#id will be deprecated; use Object#object_id
** TERM signal received.
** Daemonized, any open files are closed.  Look at tmp/pids/mongrel.5003.pid and log/mongrel.5003.log for info.
** Starting Mongrel listening at 127.0.0.1:5003
** Initiating groups for "rails":"rails".
** Changing group to "rails".
** Changing user to "rails".
** Starting Rails with production environment...
** Rails loaded.
** Loading any Rails specific GemPlugins
** Loading config/mongrel_upload_progress.conf external config script
** Signals ready.  TERM => stop.  USR2 => restart.  INT => stop (no restart).
** Rails signals registered.  HUP => reload (without restart).  It might not work well.
** Mongrel 1.1.5 available at 127.0.0.1:5003
** Writing PID file to tmp/pids/mongrel.5003.pid
** TERM signal received.
** Daemonized, any open files are closed.  Look at tmp/pids/mongrel.5003.pid and log/mongrel.5003.log for info.
** Starting Mongrel listening at 127.0.0.1:5003
** Initiating groups for "rails":"rails".
** Changing group to "rails".
** Changing user to "rails".
** Starting Rails with production environment...
** Rails loaded.
** Loading any Rails specific GemPlugins
** Loading config/mongrel_upload_progress.conf external config script
** Signals ready.  TERM => stop.  USR2 => restart.  INT => stop (no restart).
** Rails signals registered.  HUP => reload (without restart).  It might not work well.
** Mongrel 1.1.5 available at 127.0.0.1:5003
** Writing PID file to tmp/pids/mongrel.5003.pid
** TERM signal received.
** Daemonized, any open files are closed.  Look at tmp/pids/mongrel.5003.pid and log/mongrel.5003.log for info.
** Starting Mongrel listening at 127.0.0.1:5003
** Initiating groups for "rails":"rails".
** Changing group to "rails".
** Changing user to "rails".
** Starting Rails with production environment...
** Rails loaded.
** Loading any Rails specific GemPlugins
** Loading config/mongrel_upload_progress.conf external config script
** Signals ready.  TERM => stop.  USR2 => restart.  INT => stop (no restart).
** Rails signals registered.  HUP => reload (without restart).  It might not work well.
** Mongrel 1.1.5 available at 127.0.0.1:5003
** Writing PID file to tmp/pids/mongrel.5003.pid
** TERM signal received.
** Daemonized, any open files are closed.  Look at tmp/pids/mongrel.5003.pid and log/mongrel.5003.log for info.
** Starting Mongrel listening at 127.0.0.1:5003
** Initiating groups for "rails":"rails".
** Changing group to "rails".
** Changing user to "rails".
** Starting Rails with production environment...
** Rails loaded.
** Loading any Rails specific GemPlugins
** Loading config/mongrel_upload_progress.conf external config script
** Signals ready.  TERM => stop.  USR2 => restart.  INT => stop (no restart).
** Rails signals registered.  HUP => reload (without restart).  It might not work well.
** Mongrel 1.1.5 available at 127.0.0.1:5003
** Writing PID file to tmp/pids/mongrel.5003.pid
wto kwi 27 22:10:04 +0200 2010: Read error: #<DRb::DRbConnError: druby://127.0.0.1:2999 - #<Errno::ECONNREFUSED: Połączenie odrzucone - connect(2)>>
/usr/lib/ruby/1.8/drb/drb.rb:736:in `open'
/usr/lib/ruby/1.8/drb/drb.rb:729:in `each'
/usr/lib/ruby/1.8/drb/drb.rb:729:in `open'
/usr/lib/ruby/1.8/drb/drb.rb:1196:in `initialize'
/usr/lib/ruby/1.8/drb/drb.rb:1176:in `new'
/usr/lib/ruby/1.8/drb/drb.rb:1176:in `open'
/usr/lib/ruby/1.8/drb/drb.rb:1092:in `method_missing'
/usr/lib/ruby/1.8/drb/drb.rb:1110:in `with_friend'
/usr/lib/ruby/1.8/drb/drb.rb:1091:in `method_missing'
/usr/lib/ruby/gems/1.8/gems/mongrel_upload_progress-0.2.2/lib/mongrel_upload_progress/init.rb:42:in `send'
/usr/lib/ruby/gems/1.8/gems/mongrel_upload_progress-0.2.2/lib/mongrel_upload_progress/init.rb:42:in `upload_notify'
/usr/lib/ruby/gems/1.8/gems/mongrel_upload_progress-0.2.2/lib/mongrel_upload_progress/init.rb:22:in `request_begins'
/usr/lib/ruby/gems/1.8/gems/mongrel-1.1.5/bin/../lib/mongrel/http_request.rb:34:in `initialize'
/usr/lib/ruby/gems/1.8/gems/mongrel-1.1.5/bin/../lib/mongrel/http_request.rb:33:in `each'
/usr/lib/ruby/gems/1.8/gems/mongrel-1.1.5/bin/../lib/mongrel/http_request.rb:33:in `initialize'
/usr/lib/ruby/gems/1.8/gems/mongrel-1.1.5/bin/../lib/mongrel.rb:149:in `new'
/usr/lib/ruby/gems/1.8/gems/mongrel-1.1.5/bin/../lib/mongrel.rb:149:in `process_client'
/usr/lib/ruby/gems/1.8/gems/mongrel-1.1.5/bin/../lib/mongrel.rb:285:in `run'
/usr/lib/ruby/gems/1.8/gems/mongrel-1.1.5/bin/../lib/mongrel.rb:285:in `initialize'
/usr/lib/ruby/gems/1.8/gems/mongrel-1.1.5/bin/../lib/mongrel.rb:285:in `new'
/usr/lib/ruby/gems/1.8/gems/mongrel-1.1.5/bin/../lib/mongrel.rb:285:in `run'
/usr/lib/ruby/gems/1.8/gems/mongrel-1.1.5/bin/../lib/mongrel.rb:268:in `initialize'
/usr/lib/ruby/gems/1.8/gems/mongrel-1.1.5/bin/../lib/mongrel.rb:268:in `new'
/usr/lib/ruby/gems/1.8/gems/mongrel-1.1.5/bin/../lib/mongrel.rb:268:in `run'
/usr/lib/ruby/gems/1.8/gems/mongrel-1.1.5/bin/../lib/mongrel/configurator.rb:282:in `run'
/usr/lib/ruby/gems/1.8/gems/mongrel-1.1.5/bin/../lib/mongrel/configurator.rb:281:in `each'
/usr/lib/ruby/gems/1.8/gems/mongrel-1.1.5/bin/../lib/mongrel/configurator.rb:281:in `run'
/usr/lib/ruby/gems/1.8/gems/mongrel-1.1.5/bin/mongrel_rails:128:in `run'
/usr/lib/ruby/gems/1.8/gems/mongrel-1.1.5/bin/../lib/mongrel/command.rb:212:in `run'
/usr/lib/ruby/gems/1.8/gems/mongrel-1.1.5/bin/mongrel_rails:281
/usr/bin/mongrel_rails:19:in `load'
/usr/bin/mongrel_rails:19
$$$$#<User id: 2, login: "ozgood", email: "ozgood@o2.pl", name: "--", surname: "--", city: "Kraków", region: "małopolskie", skype: "", gg: "", phone: "", created_at: "2010-03-17 22:29:13", updated_at: "2010-04-27 22:21:50", birth: "1976-04-28", photo_id: 5, about: "Początkujący kierowca...:-)", sex: "m", crypted_password: "0e6211409ecf0a1b53fc5451bc48c5ac977463110f236575b08...", persistence_token: "e41b8851859487a3a2dc7d6f3c602ce88f60d16729a71544cb2...", perishable_token: "-5458GTPBhXvhKdsj6yI", login_count: 23, failed_login_count: 0, last_request_at: "2010-04-27 22:21:50", current_login_at: "2010-04-27 22:20:39", last_login_at: "2010-04-27 22:01:55", current_login_ip: "91.213.255.156", last_login_ip: "91.213.255.156", active: true>
$$$$#<User id: 5, login: "underdesign", email: "agencjaunderdesign@gmail.com", name: nil, surname: nil, city: "Kraków", region: "małopolskie", skype: nil, gg: nil, phone: nil, created_at: "2010-03-29 14:43:54", updated_at: "2010-03-29 14:43:54", birth: nil, photo_id: nil, about: nil, sex: nil, crypted_password: "d731f823a3e787855ba2492c856bffaf51463a847537c308ba4...", persistence_token: "5bc3299f9d7b12c197d1a189098ab6fc058e7175c40890f800d...", perishable_token: "pdg97TnOsSm8f7CJXnM1", login_count: 0, failed_login_count: 0, last_request_at: nil, current_login_at: nil, last_login_at: nil, current_login_ip: nil, last_login_ip: nil, active: false>
/srv/rails/quadomaniacy/app/controllers/site_controller.rb:11: warning: Object#id will be deprecated; use Object#object_id
/srv/rails/quadomaniacy/app/controllers/site_controller.rb:17: warning: Object#id will be deprecated; use Object#object_id
/srv/rails/quadomaniacy/app/controllers/site_controller.rb:11: warning: Object#id will be deprecated; use Object#object_id
/srv/rails/quadomaniacy/app/controllers/site_controller.rb:17: warning: Object#id will be deprecated; use Object#object_id
/srv/rails/quadomaniacy/app/controllers/site_controller.rb:11: warning: Object#id will be deprecated; use Object#object_id
/srv/rails/quadomaniacy/app/controllers/site_controller.rb:17: warning: Object#id will be deprecated; use Object#object_id
/srv/rails/quadomaniacy/app/controllers/site_controller.rb:11: warning: Object#id will be deprecated; use Object#object_id
/srv/rails/quadomaniacy/app/controllers/site_controller.rb:17: warning: Object#id will be deprecated; use Object#object_id
/srv/rails/quadomaniacy/app/controllers/site_controller.rb:11: warning: Object#id will be deprecated; use Object#object_id
/srv/rails/quadomaniacy/app/controllers/site_controller.rb:17: warning: Object#id will be deprecated; use Object#object_id
/srv/rails/quadomaniacy/app/controllers/site_controller.rb:11: warning: Object#id will be deprecated; use Object#object_id
/srv/rails/quadomaniacy/app/controllers/site_controller.rb:17: warning: Object#id will be deprecated; use Object#object_id
/srv/rails/quadomaniacy/app/controllers/site_controller.rb:11: warning: Object#id will be deprecated; use Object#object_id
/srv/rails/quadomaniacy/app/controllers/site_controller.rb:17: warning: Object#id will be deprecated; use Object#object_id
/srv/rails/quadomaniacy/app/controllers/site_controller.rb:11: warning: Object#id will be deprecated; use Object#object_id
/srv/rails/quadomaniacy/app/controllers/site_controller.rb:17: warning: Object#id will be deprecated; use Object#object_id
/srv/rails/quadomaniacy/app/controllers/site_controller.rb:11: warning: Object#id will be deprecated; use Object#object_id
/srv/rails/quadomaniacy/app/controllers/site_controller.rb:17: warning: Object#id will be deprecated; use Object#object_id
/srv/rails/quadomaniacy/app/controllers/site_controller.rb:11: warning: Object#id will be deprecated; use Object#object_id
/srv/rails/quadomaniacy/app/controllers/site_controller.rb:17: warning: Object#id will be deprecated; use Object#object_id
/srv/rails/quadomaniacy/app/controllers/site_controller.rb:11: warning: Object#id will be deprecated; use Object#object_id
/srv/rails/quadomaniacy/app/controllers/site_controller.rb:17: warning: Object#id will be deprecated; use Object#object_id
$$$$#<User id: 2, login: "ozgood", email: "ozgood@o2.pl", name: "--", surname: "--", city: "Kraków", region: "małopolskie", skype: "", gg: "", phone: "", created_at: "2010-03-17 22:29:13", updated_at: "2010-05-21 18:32:42", birth: "1976-04-28", photo_id: 5, about: "Początkujący kierowca...:-)", sex: "m", crypted_password: "0e6211409ecf0a1b53fc5451bc48c5ac977463110f236575b08...", persistence_token: "e41b8851859487a3a2dc7d6f3c602ce88f60d16729a71544cb2...", perishable_token: "y9UUT-DgOfZ_YsaLhOcR", login_count: 35, failed_login_count: 0, last_request_at: "2010-05-21 18:32:42", current_login_at: "2010-05-21 18:29:55", last_login_at: "2010-05-20 13:46:56", current_login_ip: "87.239.216.22", last_login_ip: "83.29.161.15", active: true>
$$$$#<User id: 5, login: "underdesign", email: "agencjaunderdesign@gmail.com", name: nil, surname: nil, city: "Kraków", region: "małopolskie", skype: nil, gg: nil, phone: nil, created_at: "2010-03-29 14:43:54", updated_at: "2010-03-29 14:43:54", birth: nil, photo_id: nil, about: nil, sex: nil, crypted_password: "d731f823a3e787855ba2492c856bffaf51463a847537c308ba4...", persistence_token: "5bc3299f9d7b12c197d1a189098ab6fc058e7175c40890f800d...", perishable_token: "pdg97TnOsSm8f7CJXnM1", login_count: 0, failed_login_count: 0, last_request_at: nil, current_login_at: nil, last_login_at: nil, current_login_ip: nil, last_login_ip: nil, active: false>
/srv/rails/quadomaniacy/app/controllers/site_controller.rb:11: warning: Object#id will be deprecated; use Object#object_id
/srv/rails/quadomaniacy/app/controllers/site_controller.rb:17: warning: Object#id will be deprecated; use Object#object_id
** Daemonized, any open files are closed.  Look at tmp/pids/mongrel.5003.pid and log/mongrel.5003.log for info.
** Starting Mongrel listening at 127.0.0.1:5003
** Initiating groups for "rails":"rails".
** Couldn't change user and group to "rails":"rails": Operation not permitted.
** Mongrel failed to start.
** Daemonized, any open files are closed.  Look at tmp/pids/mongrel.5003.pid and log/mongrel.5003.log for info.
** Starting Mongrel listening at 127.0.0.1:5003
** Initiating groups for "rails":"rails".
** Changing group to "rails".
** Changing user to "rails".
** Starting Rails with production environment...
/opt/ruby1.8/lib/ruby/site_ruby/1.8/rubygems/custom_require.rb:31:in `gem_original_require': no such file to load -- /home/telpeloth/quadomaniacy2/config/environment (LoadError)
	from /opt/ruby1.8/lib/ruby/site_ruby/1.8/rubygems/custom_require.rb:31:in `require'
	from /opt/ruby1.8/lib/ruby/gems/1.8/gems/mongrel-1.1.6/bin/../lib/mongrel/rails.rb:147:in `rails'
	from /opt/ruby1.8/lib/ruby/gems/1.8/gems/mongrel-1.1.6/bin/mongrel_rails:115:in `cloaker_'
	from /opt/ruby1.8/lib/ruby/gems/1.8/gems/mongrel-1.1.6/bin/../lib/mongrel/configurator.rb:149:in `call'
	from /opt/ruby1.8/lib/ruby/gems/1.8/gems/mongrel-1.1.6/bin/../lib/mongrel/configurator.rb:149:in `listener'
	from /opt/ruby1.8/lib/ruby/gems/1.8/gems/mongrel-1.1.6/bin/mongrel_rails:101:in `cloaker_'
	from /opt/ruby1.8/lib/ruby/gems/1.8/gems/mongrel-1.1.6/bin/../lib/mongrel/configurator.rb:50:in `call'
	from /opt/ruby1.8/lib/ruby/gems/1.8/gems/mongrel-1.1.6/bin/../lib/mongrel/configurator.rb:50:in `initialize'
	from /opt/ruby1.8/lib/ruby/gems/1.8/gems/mongrel-1.1.6/bin/mongrel_rails:86:in `new'
	from /opt/ruby1.8/lib/ruby/gems/1.8/gems/mongrel-1.1.6/bin/mongrel_rails:86:in `run'
	from /opt/ruby1.8/lib/ruby/gems/1.8/gems/mongrel-1.1.6/bin/../lib/mongrel/command.rb:210:in `run'
	from /opt/ruby1.8/lib/ruby/gems/1.8/gems/mongrel-1.1.6/bin/mongrel_rails:283
	from /opt/ruby1.8/lib/ruby/gems/1.8/bin/mongrel_rails:19:in `load'
	from /opt/ruby1.8/lib/ruby/gems/1.8/bin/mongrel_rails:19
** Daemonized, any open files are closed.  Look at tmp/pids/mongrel.5003.pid and log/mongrel.5003.log for info.
** Starting Mongrel listening at 127.0.0.1:5003
** Initiating groups for "rails":"rails".
** Changing group to "rails".
** Changing user to "rails".
** Starting Rails with production environment...
/opt/ruby1.8/lib/ruby/site_ruby/1.8/rubygems/custom_require.rb:31:in `gem_original_require': no such file to load -- /home/telpeloth/quadomaniacy2/config/environment (LoadError)
	from /opt/ruby1.8/lib/ruby/site_ruby/1.8/rubygems/custom_require.rb:31:in `require'
	from /opt/ruby1.8/lib/ruby/gems/1.8/gems/mongrel-1.1.6/bin/../lib/mongrel/rails.rb:147:in `rails'
	from /opt/ruby1.8/lib/ruby/gems/1.8/gems/mongrel-1.1.6/bin/mongrel_rails:115:in `cloaker_'
	from /opt/ruby1.8/lib/ruby/gems/1.8/gems/mongrel-1.1.6/bin/../lib/mongrel/configurator.rb:149:in `call'
	from /opt/ruby1.8/lib/ruby/gems/1.8/gems/mongrel-1.1.6/bin/../lib/mongrel/configurator.rb:149:in `listener'
	from /opt/ruby1.8/lib/ruby/gems/1.8/gems/mongrel-1.1.6/bin/mongrel_rails:101:in `cloaker_'
	from /opt/ruby1.8/lib/ruby/gems/1.8/gems/mongrel-1.1.6/bin/../lib/mongrel/configurator.rb:50:in `call'
	from /opt/ruby1.8/lib/ruby/gems/1.8/gems/mongrel-1.1.6/bin/../lib/mongrel/configurator.rb:50:in `initialize'
	from /opt/ruby1.8/lib/ruby/gems/1.8/gems/mongrel-1.1.6/bin/mongrel_rails:86:in `new'
	from /opt/ruby1.8/lib/ruby/gems/1.8/gems/mongrel-1.1.6/bin/mongrel_rails:86:in `run'
	from /opt/ruby1.8/lib/ruby/gems/1.8/gems/mongrel-1.1.6/bin/../lib/mongrel/command.rb:210:in `run'
	from /opt/ruby1.8/lib/ruby/gems/1.8/gems/mongrel-1.1.6/bin/mongrel_rails:283
	from /opt/ruby1.8/lib/ruby/gems/1.8/bin/mongrel_rails:19:in `load'
	from /opt/ruby1.8/lib/ruby/gems/1.8/bin/mongrel_rails:19
** Daemonized, any open files are closed.  Look at tmp/pids/mongrel.5003.pid and log/mongrel.5003.log for info.
** Starting Mongrel listening at 127.0.0.1:5003
** Initiating groups for "rails":"rails".
** Changing group to "rails".
** Changing user to "rails".
** Starting Rails with production environment...
/opt/ruby1.8/lib/ruby/site_ruby/1.8/rubygems/custom_require.rb:31:in `gem_original_require': no such file to load -- /home/telpeloth/quadomaniacy2/config/environment (LoadError)
	from /opt/ruby1.8/lib/ruby/site_ruby/1.8/rubygems/custom_require.rb:31:in `require'
	from /opt/ruby1.8/lib/ruby/gems/1.8/gems/mongrel-1.1.6/bin/../lib/mongrel/rails.rb:147:in `rails'
	from /opt/ruby1.8/lib/ruby/gems/1.8/gems/mongrel-1.1.6/bin/mongrel_rails:115:in `cloaker_'
	from /opt/ruby1.8/lib/ruby/gems/1.8/gems/mongrel-1.1.6/bin/../lib/mongrel/configurator.rb:149:in `call'
	from /opt/ruby1.8/lib/ruby/gems/1.8/gems/mongrel-1.1.6/bin/../lib/mongrel/configurator.rb:149:in `listener'
	from /opt/ruby1.8/lib/ruby/gems/1.8/gems/mongrel-1.1.6/bin/mongrel_rails:101:in `cloaker_'
	from /opt/ruby1.8/lib/ruby/gems/1.8/gems/mongrel-1.1.6/bin/../lib/mongrel/configurator.rb:50:in `call'
	from /opt/ruby1.8/lib/ruby/gems/1.8/gems/mongrel-1.1.6/bin/../lib/mongrel/configurator.rb:50:in `initialize'
	from /opt/ruby1.8/lib/ruby/gems/1.8/gems/mongrel-1.1.6/bin/mongrel_rails:86:in `new'
	from /opt/ruby1.8/lib/ruby/gems/1.8/gems/mongrel-1.1.6/bin/mongrel_rails:86:in `run'
	from /opt/ruby1.8/lib/ruby/gems/1.8/gems/mongrel-1.1.6/bin/../lib/mongrel/command.rb:210:in `run'
	from /opt/ruby1.8/lib/ruby/gems/1.8/gems/mongrel-1.1.6/bin/mongrel_rails:283
	from /opt/ruby1.8/lib/ruby/gems/1.8/bin/mongrel_rails:19:in `load'
	from /opt/ruby1.8/lib/ruby/gems/1.8/bin/mongrel_rails:19
** Daemonized, any open files are closed.  Look at tmp/pids/mongrel.5003.pid and log/mongrel.5003.log for info.
** Starting Mongrel listening at 127.0.0.1:5003
** Initiating groups for "rails":"rails".
** Changing group to "rails".
** Changing user to "rails".
** Starting Rails with production environment...
/opt/ruby1.8/lib/ruby/site_ruby/1.8/rubygems/custom_require.rb:31:in `gem_original_require': no such file to load -- /home/telpeloth/quadomaniacy2/config/environment (LoadError)
	from /opt/ruby1.8/lib/ruby/site_ruby/1.8/rubygems/custom_require.rb:31:in `require'
	from /opt/ruby1.8/lib/ruby/gems/1.8/gems/mongrel-1.1.6/bin/../lib/mongrel/rails.rb:147:in `rails'
	from /opt/ruby1.8/lib/ruby/gems/1.8/gems/mongrel-1.1.6/bin/mongrel_rails:115:in `cloaker_'
	from /opt/ruby1.8/lib/ruby/gems/1.8/gems/mongrel-1.1.6/bin/../lib/mongrel/configurator.rb:149:in `call'
	from /opt/ruby1.8/lib/ruby/gems/1.8/gems/mongrel-1.1.6/bin/../lib/mongrel/configurator.rb:149:in `listener'
	from /opt/ruby1.8/lib/ruby/gems/1.8/gems/mongrel-1.1.6/bin/mongrel_rails:101:in `cloaker_'
	from /opt/ruby1.8/lib/ruby/gems/1.8/gems/mongrel-1.1.6/bin/../lib/mongrel/configurator.rb:50:in `call'
	from /opt/ruby1.8/lib/ruby/gems/1.8/gems/mongrel-1.1.6/bin/../lib/mongrel/configurator.rb:50:in `initialize'
	from /opt/ruby1.8/lib/ruby/gems/1.8/gems/mongrel-1.1.6/bin/mongrel_rails:86:in `new'
	from /opt/ruby1.8/lib/ruby/gems/1.8/gems/mongrel-1.1.6/bin/mongrel_rails:86:in `run'
	from /opt/ruby1.8/lib/ruby/gems/1.8/gems/mongrel-1.1.6/bin/../lib/mongrel/command.rb:210:in `run'
	from /opt/ruby1.8/lib/ruby/gems/1.8/gems/mongrel-1.1.6/bin/mongrel_rails:283
	from /opt/ruby1.8/lib/ruby/gems/1.8/bin/mongrel_rails:19:in `load'
	from /opt/ruby1.8/lib/ruby/gems/1.8/bin/mongrel_rails:19
** Daemonized, any open files are closed.  Look at tmp/pids/mongrel.5003.pid and log/mongrel.5003.log for info.
** Starting Mongrel listening at 127.0.0.1:5003
** Initiating groups for "rails":"rails".
** Changing group to "rails".
** Changing user to "rails".
** Starting Rails with production environment...
/opt/ruby1.8/lib/ruby/site_ruby/1.8/rubygems/custom_require.rb:31:in `gem_original_require': no such file to load -- /home/telpeloth/quadomaniacy2/config/environment (LoadError)
	from /opt/ruby1.8/lib/ruby/site_ruby/1.8/rubygems/custom_require.rb:31:in `require'
	from /opt/ruby1.8/lib/ruby/gems/1.8/gems/mongrel-1.1.6/bin/../lib/mongrel/rails.rb:147:in `rails'
	from /opt/ruby1.8/lib/ruby/gems/1.8/gems/mongrel-1.1.6/bin/mongrel_rails:115:in `cloaker_'
	from /opt/ruby1.8/lib/ruby/gems/1.8/gems/mongrel-1.1.6/bin/../lib/mongrel/configurator.rb:149:in `call'
	from /opt/ruby1.8/lib/ruby/gems/1.8/gems/mongrel-1.1.6/bin/../lib/mongrel/configurator.rb:149:in `listener'
	from /opt/ruby1.8/lib/ruby/gems/1.8/gems/mongrel-1.1.6/bin/mongrel_rails:101:in `cloaker_'
	from /opt/ruby1.8/lib/ruby/gems/1.8/gems/mongrel-1.1.6/bin/../lib/mongrel/configurator.rb:50:in `call'
	from /opt/ruby1.8/lib/ruby/gems/1.8/gems/mongrel-1.1.6/bin/../lib/mongrel/configurator.rb:50:in `initialize'
	from /opt/ruby1.8/lib/ruby/gems/1.8/gems/mongrel-1.1.6/bin/mongrel_rails:86:in `new'
	from /opt/ruby1.8/lib/ruby/gems/1.8/gems/mongrel-1.1.6/bin/mongrel_rails:86:in `run'
	from /opt/ruby1.8/lib/ruby/gems/1.8/gems/mongrel-1.1.6/bin/../lib/mongrel/command.rb:210:in `run'
	from /opt/ruby1.8/lib/ruby/gems/1.8/gems/mongrel-1.1.6/bin/mongrel_rails:283
	from /opt/ruby1.8/lib/ruby/gems/1.8/bin/mongrel_rails:19:in `load'
	from /opt/ruby1.8/lib/ruby/gems/1.8/bin/mongrel_rails:19
** Daemonized, any open files are closed.  Look at tmp/pids/mongrel.5003.pid and log/mongrel.5003.log for info.
** Starting Mongrel listening at 127.0.0.1:5003
** Initiating groups for "rails":"rails".
** Changing group to "rails".
** Changing user to "rails".
** Starting Rails with production environment...
/opt/ruby1.8/lib/ruby/site_ruby/1.8/rubygems/custom_require.rb:31:in `gem_original_require': no such file to load -- /home/telpeloth/quadomaniacy2/config/environment (LoadError)
	from /opt/ruby1.8/lib/ruby/site_ruby/1.8/rubygems/custom_require.rb:31:in `require'
	from /opt/ruby1.8/lib/ruby/gems/1.8/gems/mongrel-1.1.6/bin/../lib/mongrel/rails.rb:147:in `rails'
	from /opt/ruby1.8/lib/ruby/gems/1.8/gems/mongrel-1.1.6/bin/mongrel_rails:115:in `cloaker_'
	from /opt/ruby1.8/lib/ruby/gems/1.8/gems/mongrel-1.1.6/bin/../lib/mongrel/configurator.rb:149:in `call'
	from /opt/ruby1.8/lib/ruby/gems/1.8/gems/mongrel-1.1.6/bin/../lib/mongrel/configurator.rb:149:in `listener'
	from /opt/ruby1.8/lib/ruby/gems/1.8/gems/mongrel-1.1.6/bin/mongrel_rails:101:in `cloaker_'
	from /opt/ruby1.8/lib/ruby/gems/1.8/gems/mongrel-1.1.6/bin/../lib/mongrel/configurator.rb:50:in `call'
	from /opt/ruby1.8/lib/ruby/gems/1.8/gems/mongrel-1.1.6/bin/../lib/mongrel/configurator.rb:50:in `initialize'
	from /opt/ruby1.8/lib/ruby/gems/1.8/gems/mongrel-1.1.6/bin/mongrel_rails:86:in `new'
	from /opt/ruby1.8/lib/ruby/gems/1.8/gems/mongrel-1.1.6/bin/mongrel_rails:86:in `run'
	from /opt/ruby1.8/lib/ruby/gems/1.8/gems/mongrel-1.1.6/bin/../lib/mongrel/command.rb:210:in `run'
	from /opt/ruby1.8/lib/ruby/gems/1.8/gems/mongrel-1.1.6/bin/mongrel_rails:283
	from /opt/ruby1.8/lib/ruby/gems/1.8/bin/mongrel_rails:19:in `load'
	from /opt/ruby1.8/lib/ruby/gems/1.8/bin/mongrel_rails:19
** Daemonized, any open files are closed.  Look at tmp/pids/mongrel.5003.pid and log/mongrel.5003.log for info.
** Starting Mongrel listening at 127.0.0.1:5003
** Initiating groups for "rails":"rails".
** Changing group to "rails".
** Changing user to "rails".
** Starting Rails with production environment...
/opt/ruby1.8/lib/ruby/site_ruby/1.8/rubygems/custom_require.rb:31:in `gem_original_require': no such file to load -- /home/telpeloth/quadomaniacy2/config/environment (LoadError)
	from /opt/ruby1.8/lib/ruby/site_ruby/1.8/rubygems/custom_require.rb:31:in `require'
	from /opt/ruby1.8/lib/ruby/gems/1.8/gems/mongrel-1.1.6/bin/../lib/mongrel/rails.rb:147:in `rails'
	from /opt/ruby1.8/lib/ruby/gems/1.8/gems/mongrel-1.1.6/bin/mongrel_rails:115:in `cloaker_'
	from /opt/ruby1.8/lib/ruby/gems/1.8/gems/mongrel-1.1.6/bin/../lib/mongrel/configurator.rb:149:in `call'
	from /opt/ruby1.8/lib/ruby/gems/1.8/gems/mongrel-1.1.6/bin/../lib/mongrel/configurator.rb:149:in `listener'
	from /opt/ruby1.8/lib/ruby/gems/1.8/gems/mongrel-1.1.6/bin/mongrel_rails:101:in `cloaker_'
	from /opt/ruby1.8/lib/ruby/gems/1.8/gems/mongrel-1.1.6/bin/../lib/mongrel/configurator.rb:50:in `call'
	from /opt/ruby1.8/lib/ruby/gems/1.8/gems/mongrel-1.1.6/bin/../lib/mongrel/configurator.rb:50:in `initialize'
	from /opt/ruby1.8/lib/ruby/gems/1.8/gems/mongrel-1.1.6/bin/mongrel_rails:86:in `new'
	from /opt/ruby1.8/lib/ruby/gems/1.8/gems/mongrel-1.1.6/bin/mongrel_rails:86:in `run'
	from /opt/ruby1.8/lib/ruby/gems/1.8/gems/mongrel-1.1.6/bin/../lib/mongrel/command.rb:210:in `run'
	from /opt/ruby1.8/lib/ruby/gems/1.8/gems/mongrel-1.1.6/bin/mongrel_rails:283
	from /opt/ruby1.8/lib/ruby/gems/1.8/bin/mongrel_rails:19:in `load'
	from /opt/ruby1.8/lib/ruby/gems/1.8/bin/mongrel_rails:19
** Daemonized, any open files are closed.  Look at tmp/pids/mongrel.5003.pid and log/mongrel.5003.log for info.
** Starting Mongrel listening at 127.0.0.1:5003
** Initiating groups for "rails":"rails".
** Changing group to "rails".
** Changing user to "rails".
** Starting Rails with production environment...
/usr/lib/ruby/gems/1.8/gems/activerecord-2.3.4/lib/active_record/connection_adapters/abstract/connection_specification.rb:62:in `establish_connection': production database is not configured (ActiveRecord::AdapterNotSpecified)
	from /usr/lib/ruby/gems/1.8/gems/activerecord-2.3.4/lib/active_record/connection_adapters/abstract/connection_specification.rb:55:in `establish_connection'
	from /usr/lib/ruby/gems/1.8/gems/rails-2.3.4/lib/initializer.rb:438:in `initialize_database'
	from /usr/lib/ruby/gems/1.8/gems/rails-2.3.4/lib/initializer.rb:141:in `process'
	from /usr/lib/ruby/gems/1.8/gems/rails-2.3.4/lib/initializer.rb:113:in `send'
	from /usr/lib/ruby/gems/1.8/gems/rails-2.3.4/lib/initializer.rb:113:in `run'
	from /srv/rails/quadomaniacy/config/environment.rb:13
	from /usr/lib/ruby/site_ruby/1.8/rubygems/custom_require.rb:31:in `gem_original_require'
	from /usr/lib/ruby/site_ruby/1.8/rubygems/custom_require.rb:31:in `require'
	from /usr/lib/ruby/gems/1.8/gems/mongrel-1.1.5/bin/../lib/mongrel/rails.rb:147:in `rails'
	from /usr/lib/ruby/gems/1.8/gems/mongrel-1.1.5/bin/mongrel_rails:113:in `cloaker_'
	from /usr/lib/ruby/gems/1.8/gems/mongrel-1.1.5/bin/../lib/mongrel/configurator.rb:149:in `call'
	from /usr/lib/ruby/gems/1.8/gems/mongrel-1.1.5/bin/../lib/mongrel/configurator.rb:149:in `listener'
	from /usr/lib/ruby/gems/1.8/gems/mongrel-1.1.5/bin/mongrel_rails:99:in `cloaker_'
	from /usr/lib/ruby/gems/1.8/gems/mongrel-1.1.5/bin/../lib/mongrel/configurator.rb:50:in `call'
	from /usr/lib/ruby/gems/1.8/gems/mongrel-1.1.5/bin/../lib/mongrel/configurator.rb:50:in `initialize'
	from /usr/lib/ruby/gems/1.8/gems/mongrel-1.1.5/bin/mongrel_rails:84:in `new'
	from /usr/lib/ruby/gems/1.8/gems/mongrel-1.1.5/bin/mongrel_rails:84:in `run'
	from /usr/lib/ruby/gems/1.8/gems/mongrel-1.1.5/bin/../lib/mongrel/command.rb:212:in `run'
	from /usr/lib/ruby/gems/1.8/gems/mongrel-1.1.5/bin/mongrel_rails:281
	from /usr/bin/mongrel_rails:19:in `load'
	from /usr/bin/mongrel_rails:19
** Daemonized, any open files are closed.  Look at tmp/pids/mongrel.5003.pid and log/mongrel.5003.log for info.
** Starting Mongrel listening at 127.0.0.1:5003
** Initiating groups for "rails":"rails".
** Changing group to "rails".
** Changing user to "rails".
** Starting Rails with production environment...
Rails Error: Unable to access log file. Please ensure that /srv/rails/quadomaniacy/log/production.log exists and is chmod 0666. The log level has been raised to WARN and the output directed to STDERR until the problem is fixed.
/usr/lib/ruby/1.8/logger.rb:518:in `initialize': Permission denied - /srv/rails/quadomaniacy/log/acts_as_ferret.log (Errno::EACCES)
	from /usr/lib/ruby/1.8/logger.rb:518:in `open'
	from /usr/lib/ruby/1.8/logger.rb:518:in `open_logfile'
	from /usr/lib/ruby/1.8/logger.rb:487:in `initialize'
	from /usr/lib/ruby/1.8/logger.rb:263:in `new'
	from /usr/lib/ruby/1.8/logger.rb:263:in `initialize'
	from /srv/rails/quadomaniacy/vendor/plugins/acts_as_ferret/lib/acts_as_ferret.rb:110:in `new'
	from /srv/rails/quadomaniacy/vendor/plugins/acts_as_ferret/lib/acts_as_ferret.rb:110
	from /usr/lib/ruby/site_ruby/1.8/rubygems/custom_require.rb:31:in `gem_original_require'
	from /usr/lib/ruby/site_ruby/1.8/rubygems/custom_require.rb:31:in `require'
	from /usr/lib/ruby/gems/1.8/gems/activesupport-2.3.4/lib/active_support/dependencies.rb:158:in `require'
	from /srv/rails/quadomaniacy/vendor/plugins/acts_as_ferret/init.rb:21:in `evaluate_init_rb'
	from /usr/lib/ruby/gems/1.8/gems/rails-2.3.4/lib/rails/plugin.rb:158:in `evaluate_init_rb'
	from /usr/lib/ruby/gems/1.8/gems/activesupport-2.3.4/lib/active_support/core_ext/kernel/reporting.rb:11:in `silence_warnings'
	from /usr/lib/ruby/gems/1.8/gems/rails-2.3.4/lib/rails/plugin.rb:154:in `evaluate_init_rb'
	from /usr/lib/ruby/gems/1.8/gems/rails-2.3.4/lib/rails/plugin.rb:48:in `load'
	from /usr/lib/ruby/gems/1.8/gems/rails-2.3.4/lib/rails/plugin/loader.rb:38:in `load_plugins'
	from /usr/lib/ruby/gems/1.8/gems/rails-2.3.4/lib/rails/plugin/loader.rb:37:in `each'
	from /usr/lib/ruby/gems/1.8/gems/rails-2.3.4/lib/rails/plugin/loader.rb:37:in `load_plugins'
	from /usr/lib/ruby/gems/1.8/gems/rails-2.3.4/lib/initializer.rb:369:in `load_plugins'
	from /usr/lib/ruby/gems/1.8/gems/rails-2.3.4/lib/initializer.rb:165:in `process'
	from /usr/lib/ruby/gems/1.8/gems/rails-2.3.4/lib/initializer.rb:113:in `send'
	from /usr/lib/ruby/gems/1.8/gems/rails-2.3.4/lib/initializer.rb:113:in `run'
	from /srv/rails/quadomaniacy/config/environment.rb:13
	from /usr/lib/ruby/site_ruby/1.8/rubygems/custom_require.rb:31:in `gem_original_require'
	from /usr/lib/ruby/site_ruby/1.8/rubygems/custom_require.rb:31:in `require'
	from /usr/lib/ruby/gems/1.8/gems/mongrel-1.1.5/bin/../lib/mongrel/rails.rb:147:in `rails'
	from /usr/lib/ruby/gems/1.8/gems/mongrel-1.1.5/bin/mongrel_rails:113:in `cloaker_'
	from /usr/lib/ruby/gems/1.8/gems/mongrel-1.1.5/bin/../lib/mongrel/configurator.rb:149:in `call'
	from /usr/lib/ruby/gems/1.8/gems/mongrel-1.1.5/bin/../lib/mongrel/configurator.rb:149:in `listener'
	from /usr/lib/ruby/gems/1.8/gems/mongrel-1.1.5/bin/mongrel_rails:99:in `cloaker_'
	from /usr/lib/ruby/gems/1.8/gems/mongrel-1.1.5/bin/../lib/mongrel/configurator.rb:50:in `call'
	from /usr/lib/ruby/gems/1.8/gems/mongrel-1.1.5/bin/../lib/mongrel/configurator.rb:50:in `initialize'
	from /usr/lib/ruby/gems/1.8/gems/mongrel-1.1.5/bin/mongrel_rails:84:in `new'
	from /usr/lib/ruby/gems/1.8/gems/mongrel-1.1.5/bin/mongrel_rails:84:in `run'
	from /usr/lib/ruby/gems/1.8/gems/mongrel-1.1.5/bin/../lib/mongrel/command.rb:212:in `run'
	from /usr/lib/ruby/gems/1.8/gems/mongrel-1.1.5/bin/mongrel_rails:281
	from /usr/bin/mongrel_rails:19:in `load'
	from /usr/bin/mongrel_rails:19
** Daemonized, any open files are closed.  Look at tmp/pids/mongrel.5003.pid and log/mongrel.5003.log for info.
** Starting Mongrel listening at 127.0.0.1:5003
** Initiating groups for "rails":"rails".
** Changing group to "rails".
** Changing user to "rails".
** Starting Rails with production environment...
** Rails loaded.
** Loading any Rails specific GemPlugins
** Loading config/mongrel_upload_progress.conf external config script
** Signals ready.  TERM => stop.  USR2 => restart.  INT => stop (no restart).
** Rails signals registered.  HUP => reload (without restart).  It might not work well.
** Mongrel 1.1.5 available at 127.0.0.1:5003
** Writing PID file to tmp/pids/mongrel.5003.pid
** TERM signal received.
** Daemonized, any open files are closed.  Look at tmp/pids/mongrel.5003.pid and log/mongrel.5003.log for info.
** Starting Mongrel listening at 127.0.0.1:5003
** Initiating groups for "rails":"rails".
** Changing group to "rails".
** Changing user to "rails".
** Starting Rails with production environment...
** Rails loaded.
** Loading any Rails specific GemPlugins
** Loading config/mongrel_upload_progress.conf external config script
** Signals ready.  TERM => stop.  USR2 => restart.  INT => stop (no restart).
** Rails signals registered.  HUP => reload (without restart).  It might not work well.
** Mongrel 1.1.5 available at 127.0.0.1:5003
** Writing PID file to tmp/pids/mongrel.5003.pid
** Daemonized, any open files are closed.  Look at tmp/pids/mongrel.5003.pid and log/mongrel.5003.log for info.
** Starting Mongrel listening at 127.0.0.1:5003
** Initiating groups for "rails":"rails".
** Changing group to "rails".
** Changing user to "rails".
** Starting Rails with production environment...
** Rails loaded.
** Loading any Rails specific GemPlugins
** Loading config/mongrel_upload_progress.conf external config script
** Signals ready.  TERM => stop.  USR2 => restart.  INT => stop (no restart).
** Rails signals registered.  HUP => reload (without restart).  It might not work well.
** Mongrel 1.1.5 available at 127.0.0.1:5003
** Writing PID file to tmp/pids/mongrel.5003.pid
** TERM signal received.
** Daemonized, any open files are closed.  Look at tmp/pids/mongrel.5003.pid and log/mongrel.5003.log for info.
** Starting Mongrel listening at 127.0.0.1:5003
** Initiating groups for "rails":"rails".
** Changing group to "rails".
** Changing user to "rails".
** Starting Rails with production environment...
** Rails loaded.
** Loading any Rails specific GemPlugins
** Loading config/mongrel_upload_progress.conf external config script
** Signals ready.  TERM => stop.  USR2 => restart.  INT => stop (no restart).
** Rails signals registered.  HUP => reload (without restart).  It might not work well.
** Mongrel 1.1.5 available at 127.0.0.1:5003
** Writing PID file to tmp/pids/mongrel.5003.pid
** TERM signal received.
** Daemonized, any open files are closed.  Look at tmp/pids/mongrel.5003.pid and log/mongrel.5003.log for info.
** Starting Mongrel listening at 127.0.0.1:5003
** Initiating groups for "rails":"rails".
** Changing group to "rails".
** Changing user to "rails".
** Starting Rails with production environment...
** Rails loaded.
** Loading any Rails specific GemPlugins
** Loading config/mongrel_upload_progress.conf external config script
** Signals ready.  TERM => stop.  USR2 => restart.  INT => stop (no restart).
** Rails signals registered.  HUP => reload (without restart).  It might not work well.
** Mongrel 1.1.5 available at 127.0.0.1:5003
** Writing PID file to tmp/pids/mongrel.5003.pid
** TERM signal received.
** Daemonized, any open files are closed.  Look at tmp/pids/mongrel.5003.pid and log/mongrel.5003.log for info.
** Starting Mongrel listening at 127.0.0.1:5003
** Initiating groups for "rails":"rails".
** Changing group to "rails".
** Changing user to "rails".
** Starting Rails with production environment...
** Rails loaded.
** Loading any Rails specific GemPlugins
** Loading config/mongrel_upload_progress.conf external config script
** Signals ready.  TERM => stop.  USR2 => restart.  INT => stop (no restart).
** Rails signals registered.  HUP => reload (without restart).  It might not work well.
** Mongrel 1.1.5 available at 127.0.0.1:5003
** Writing PID file to tmp/pids/mongrel.5003.pid
** TERM signal received.
** Daemonized, any open files are closed.  Look at tmp/pids/mongrel.5003.pid and log/mongrel.5003.log for info.
** Starting Mongrel listening at 127.0.0.1:5003
** Initiating groups for "rails":"rails".
** Changing group to "rails".
** Changing user to "rails".
** Starting Rails with production environment...
** Rails loaded.
** Loading any Rails specific GemPlugins
** Loading config/mongrel_upload_progress.conf external config script
** Signals ready.  TERM => stop.  USR2 => restart.  INT => stop (no restart).
** Rails signals registered.  HUP => reload (without restart).  It might not work well.
** Mongrel 1.1.5 available at 127.0.0.1:5003
** Writing PID file to tmp/pids/mongrel.5003.pid
** TERM signal received.
** Daemonized, any open files are closed.  Look at tmp/pids/mongrel.5003.pid and log/mongrel.5003.log for info.
** Starting Mongrel listening at 127.0.0.1:5003
** Initiating groups for "rails":"rails".
** Changing group to "rails".
** Changing user to "rails".
** Starting Rails with production environment...
** Rails loaded.
** Loading any Rails specific GemPlugins
** Loading config/mongrel_upload_progress.conf external config script
** Signals ready.  TERM => stop.  USR2 => restart.  INT => stop (no restart).
** Rails signals registered.  HUP => reload (without restart).  It might not work well.
** Mongrel 1.1.5 available at 127.0.0.1:5003
** Writing PID file to tmp/pids/mongrel.5003.pid
{"action"=>"dfind", "controller"=>"video", "marks"=>"asc"}
** Daemonized, any open files are closed.  Look at tmp/pids/mongrel.5003.pid and log/mongrel.5003.log for info.
** Starting Mongrel listening at 127.0.0.1:5003
** Initiating groups for "rails":"rails".
** Changing group to "rails".
** Changing user to "rails".
** Starting Rails with production environment...
** Rails loaded.
** Loading any Rails specific GemPlugins
** Loading config/mongrel_upload_progress.conf external config script
** Signals ready.  TERM => stop.  USR2 => restart.  INT => stop (no restart).
** Rails signals registered.  HUP => reload (without restart).  It might not work well.
** Mongrel 1.1.5 available at 127.0.0.1:5003
** Writing PID file to tmp/pids/mongrel.5003.pid
** Daemonized, any open files are closed.  Look at tmp/pids/mongrel.5003.pid and log/mongrel.5003.log for info.
** Starting Mongrel listening at 127.0.0.1:5003
** Initiating groups for "rails":"rails".
** Changing group to "rails".
** Changing user to "rails".
** Starting Rails with production environment...
** Rails loaded.
** Loading any Rails specific GemPlugins
** Loading config/mongrel_upload_progress.conf external config script
** Signals ready.  TERM => stop.  USR2 => restart.  INT => stop (no restart).
** Rails signals registered.  HUP => reload (without restart).  It might not work well.
** Mongrel 1.1.5 available at 127.0.0.1:5003
** Writing PID file to tmp/pids/mongrel.5003.pid
** Daemonized, any open files are closed.  Look at tmp/pids/mongrel.5003.pid and log/mongrel.5003.log for info.
** Starting Mongrel listening at 127.0.0.1:5003
** Initiating groups for "rails":"rails".
** Changing group to "rails".
** Changing user to "rails".
** Starting Rails with production environment...
** Rails loaded.
** Loading any Rails specific GemPlugins
** Loading config/mongrel_upload_progress.conf external config script
** Signals ready.  TERM => stop.  USR2 => restart.  INT => stop (no restart).
** Rails signals registered.  HUP => reload (without restart).  It might not work well.
** Mongrel 1.1.5 available at 127.0.0.1:5003
** Writing PID file to tmp/pids/mongrel.5003.pid
** Daemonized, any open files are closed.  Look at tmp/pids/mongrel.5003.pid and log/mongrel.5003.log for info.
** Starting Mongrel listening at 127.0.0.1:5003
** Initiating groups for "rails":"rails".
** Changing group to "rails".
** Changing user to "rails".
** Starting Rails with production environment...
** Rails loaded.
** Loading any Rails specific GemPlugins
** Loading config/mongrel_upload_progress.conf external config script
** Signals ready.  TERM => stop.  USR2 => restart.  INT => stop (no restart).
** Rails signals registered.  HUP => reload (without restart).  It might not work well.
** Mongrel 1.1.5 available at 127.0.0.1:5003
** Writing PID file to tmp/pids/mongrel.5003.pid
** Daemonized, any open files are closed.  Look at tmp/pids/mongrel.5003.pid and log/mongrel.5003.log for info.
** Starting Mongrel listening at 127.0.0.1:5003
** Initiating groups for "rails":"rails".
** Changing group to "rails".
** Changing user to "rails".
** Starting Rails with production environment...
** Rails loaded.
** Loading any Rails specific GemPlugins
** Loading config/mongrel_upload_progress.conf external config script
** Signals ready.  TERM => stop.  USR2 => restart.  INT => stop (no restart).
** Rails signals registered.  HUP => reload (without restart).  It might not work well.
** Mongrel 1.1.5 available at 127.0.0.1:5003
** Writing PID file to tmp/pids/mongrel.5003.pid
** Daemonized, any open files are closed.  Look at tmp/pids/mongrel.5003.pid and log/mongrel.5003.log for info.
** Starting Mongrel listening at 127.0.0.1:5003
** Initiating groups for "rails":"rails".
** Changing group to "rails".
** Changing user to "rails".
** Starting Rails with production environment...
** Rails loaded.
** Loading any Rails specific GemPlugins
** Loading config/mongrel_upload_progress.conf external config script
** Signals ready.  TERM => stop.  USR2 => restart.  INT => stop (no restart).
** Rails signals registered.  HUP => reload (without restart).  It might not work well.
** Mongrel 1.1.5 available at 127.0.0.1:5003
** Writing PID file to tmp/pids/mongrel.5003.pid
** Daemonized, any open files are closed.  Look at tmp/pids/mongrel.5003.pid and log/mongrel.5003.log for info.
** Starting Mongrel listening at 127.0.0.1:5003
** Initiating groups for "rails":"rails".
** Changing group to "rails".
** Changing user to "rails".
** Starting Rails with production environment...
** Rails loaded.
** Loading any Rails specific GemPlugins
** Loading config/mongrel_upload_progress.conf external config script
** Signals ready.  TERM => stop.  USR2 => restart.  INT => stop (no restart).
** Rails signals registered.  HUP => reload (without restart).  It might not work well.
** Mongrel 1.1.5 available at 127.0.0.1:5003
** Writing PID file to tmp/pids/mongrel.5003.pid
** Daemonized, any open files are closed.  Look at tmp/pids/mongrel.5003.pid and log/mongrel.5003.log for info.
** Starting Mongrel listening at 127.0.0.1:5003
** Initiating groups for "rails":"rails".
** Changing group to "rails".
** Changing user to "rails".
** Starting Rails with production environment...
** Rails loaded.
** Loading any Rails specific GemPlugins
** Loading config/mongrel_upload_progress.conf external config script
** Signals ready.  TERM => stop.  USR2 => restart.  INT => stop (no restart).
** Rails signals registered.  HUP => reload (without restart).  It might not work well.
** Mongrel 1.1.5 available at 127.0.0.1:5003
** Writing PID file to tmp/pids/mongrel.5003.pid
** Daemonized, any open files are closed.  Look at tmp/pids/mongrel.5003.pid and log/mongrel.5003.log for info.
** Starting Mongrel listening at 127.0.0.1:5003
** Initiating groups for "rails":"rails".
** Changing group to "rails".
** Changing user to "rails".
** Starting Rails with production environment...
** Rails loaded.
** Loading any Rails specific GemPlugins
** Loading config/mongrel_upload_progress.conf external config script
** Signals ready.  TERM => stop.  USR2 => restart.  INT => stop (no restart).
** Rails signals registered.  HUP => reload (without restart).  It might not work well.
** Mongrel 1.1.5 available at 127.0.0.1:5003
** Writing PID file to tmp/pids/mongrel.5003.pid
** Daemonized, any open files are closed.  Look at tmp/pids/mongrel.5003.pid and log/mongrel.5003.log for info.
** Starting Mongrel listening at 127.0.0.1:5003
** Initiating groups for "rails":"rails".
** Changing group to "rails".
** Changing user to "rails".
** Starting Rails with production environment...
** Rails loaded.
** Loading any Rails specific GemPlugins
** Loading config/mongrel_upload_progress.conf external config script
** Signals ready.  TERM => stop.  USR2 => restart.  INT => stop (no restart).
** Rails signals registered.  HUP => reload (without restart).  It might not work well.
** Mongrel 1.1.5 available at 127.0.0.1:5003
** Writing PID file to tmp/pids/mongrel.5003.pid
** TERM signal received.
** Daemonized, any open files are closed.  Look at tmp/pids/mongrel.5003.pid and log/mongrel.5003.log for info.
** Starting Mongrel listening at 127.0.0.1:5003
** Initiating groups for "rails":"rails".
** Changing group to "rails".
** Changing user to "rails".
** Starting Rails with production environment...
** Rails loaded.
** Loading any Rails specific GemPlugins
** Loading config/mongrel_upload_progress.conf external config script
** Signals ready.  TERM => stop.  USR2 => restart.  INT => stop (no restart).
** Rails signals registered.  HUP => reload (without restart).  It might not work well.
** Mongrel 1.1.5 available at 127.0.0.1:5003
** Writing PID file to tmp/pids/mongrel.5003.pid
** TERM signal received.
** Daemonized, any open files are closed.  Look at tmp/pids/mongrel.5003.pid and log/mongrel.5003.log for info.
** Starting Mongrel listening at 127.0.0.1:5003
** Initiating groups for "rails":"rails".
** Changing group to "rails".
** Changing user to "rails".
** Starting Rails with production environment...
** Rails loaded.
** Loading any Rails specific GemPlugins
** Loading config/mongrel_upload_progress.conf external config script
** Signals ready.  TERM => stop.  USR2 => restart.  INT => stop (no restart).
** Rails signals registered.  HUP => reload (without restart).  It might not work well.
** Mongrel 1.1.5 available at 127.0.0.1:5003
** Writing PID file to tmp/pids/mongrel.5003.pid
** TERM signal received.
** Daemonized, any open files are closed.  Look at tmp/pids/mongrel.5003.pid and log/mongrel.5003.log for info.
** Starting Mongrel listening at 127.0.0.1:5003
** Initiating groups for "rails":"rails".
** Changing group to "rails".
** Changing user to "rails".
** Starting Rails with production environment...
** Rails loaded.
** Loading any Rails specific GemPlugins
** Loading config/mongrel_upload_progress.conf external config script
** Signals ready.  TERM => stop.  USR2 => restart.  INT => stop (no restart).
** Rails signals registered.  HUP => reload (without restart).  It might not work well.
** Mongrel 1.1.5 available at 127.0.0.1:5003
** Writing PID file to tmp/pids/mongrel.5003.pid
** TERM signal received.
** Daemonized, any open files are closed.  Look at tmp/pids/mongrel.5003.pid and log/mongrel.5003.log for info.
** Starting Mongrel listening at 127.0.0.1:5003
** Initiating groups for "rails":"rails".
** Changing group to "rails".
** Changing user to "rails".
** Starting Rails with production environment...
** Rails loaded.
** Loading any Rails specific GemPlugins
** Loading config/mongrel_upload_progress.conf external config script
** Signals ready.  TERM => stop.  USR2 => restart.  INT => stop (no restart).
** Rails signals registered.  HUP => reload (without restart).  It might not work well.
** Mongrel 1.1.5 available at 127.0.0.1:5003
** Writing PID file to tmp/pids/mongrel.5003.pid
** TERM signal received.
** Daemonized, any open files are closed.  Look at tmp/pids/mongrel.5003.pid and log/mongrel.5003.log for info.
** Starting Mongrel listening at 127.0.0.1:5003
** Initiating groups for "rails":"rails".
** Changing group to "rails".
** Changing user to "rails".
** Starting Rails with production environment...
** Rails loaded.
** Loading any Rails specific GemPlugins
** Loading config/mongrel_upload_progress.conf external config script
** Signals ready.  TERM => stop.  USR2 => restart.  INT => stop (no restart).
** Rails signals registered.  HUP => reload (without restart).  It might not work well.
** Mongrel 1.1.5 available at 127.0.0.1:5003
** Writing PID file to tmp/pids/mongrel.5003.pid
** TERM signal received.
** Daemonized, any open files are closed.  Look at tmp/pids/mongrel.5003.pid and log/mongrel.5003.log for info.
** Starting Mongrel listening at 127.0.0.1:5003
** Initiating groups for "rails":"rails".
** Changing group to "rails".
** Changing user to "rails".
** Starting Rails with production environment...
** Rails loaded.
** Loading any Rails specific GemPlugins
** Loading config/mongrel_upload_progress.conf external config script
** Signals ready.  TERM => stop.  USR2 => restart.  INT => stop (no restart).
** Rails signals registered.  HUP => reload (without restart).  It might not work well.
** Mongrel 1.1.5 available at 127.0.0.1:5003
** Writing PID file to tmp/pids/mongrel.5003.pid
** TERM signal received.
** Daemonized, any open files are closed.  Look at tmp/pids/mongrel.5003.pid and log/mongrel.5003.log for info.
** Starting Mongrel listening at 127.0.0.1:5003
** Initiating groups for "rails":"rails".
** Changing group to "rails".
** Changing user to "rails".
** Starting Rails with production environment...
** Rails loaded.
** Loading any Rails specific GemPlugins
** Loading config/mongrel_upload_progress.conf external config script
** Signals ready.  TERM => stop.  USR2 => restart.  INT => stop (no restart).
** Rails signals registered.  HUP => reload (without restart).  It might not work well.
** Mongrel 1.1.5 available at 127.0.0.1:5003
** Writing PID file to tmp/pids/mongrel.5003.pid
** Daemonized, any open files are closed.  Look at tmp/pids/mongrel.5003.pid and log/mongrel.5003.log for info.
** Starting Mongrel listening at 127.0.0.1:5003
** Initiating groups for "rails":"rails".
** Changing group to "rails".
** Changing user to "rails".
** Starting Rails with production environment...
** Rails loaded.
** Loading any Rails specific GemPlugins
** Loading config/mongrel_upload_progress.conf external config script
** Signals ready.  TERM => stop.  USR2 => restart.  INT => stop (no restart).
** Rails signals registered.  HUP => reload (without restart).  It might not work well.
** Mongrel 1.1.5 available at 127.0.0.1:5003
** Writing PID file to tmp/pids/mongrel.5003.pid
** Daemonized, any open files are closed.  Look at tmp/pids/mongrel.5003.pid and log/mongrel.5003.log for info.
** Starting Mongrel listening at 127.0.0.1:5003
** Initiating groups for "rails":"rails".
** Changing group to "rails".
** Changing user to "rails".
** Starting Rails with production environment...
** Rails loaded.
** Loading any Rails specific GemPlugins
** Loading config/mongrel_upload_progress.conf external config script
** Signals ready.  TERM => stop.  USR2 => restart.  INT => stop (no restart).
** Rails signals registered.  HUP => reload (without restart).  It might not work well.
** Mongrel 1.1.5 available at 127.0.0.1:5003
** Writing PID file to tmp/pids/mongrel.5003.pid
** Daemonized, any open files are closed.  Look at tmp/pids/mongrel.5003.pid and log/mongrel.5003.log for info.
** Starting Mongrel listening at 127.0.0.1:5003
** Initiating groups for "rails":"rails".
** Changing group to "rails".
** Changing user to "rails".
** Starting Rails with production environment...
** Rails loaded.
** Loading any Rails specific GemPlugins
** Loading config/mongrel_upload_progress.conf external config script
** Signals ready.  TERM => stop.  USR2 => restart.  INT => stop (no restart).
** Rails signals registered.  HUP => reload (without restart).  It might not work well.
** Mongrel 1.1.5 available at 127.0.0.1:5003
** Writing PID file to tmp/pids/mongrel.5003.pid
Converting file #<File:0x7fc504c26958> sized 6922470
FFmpeg version 0.5, Copyright (c) 2000-2009 Fabrice Bellard, et al.
  configuration: --prefix=/usr --enable-gpl --enable-libmp3lame --enable-libvorbis --enable-libfaac --enable-libfaad --enable-libxvid --enable-libx264 --enable-libtheora --enable-postproc --enable-shared --enable-pthreads --enable-x11grab --enable-swscale
  libavutil     49.15. 0 / 49.15. 0
  libavcodec    52.20. 0 / 52.20. 0
  libavformat   52.31. 0 / 52.31. 0
  libavdevice   52. 1. 0 / 52. 1. 0
  libswscale     0. 7. 1 /  0. 7. 1
  libpostproc   51. 2. 0 / 51. 2. 0
  built on Apr 18 2009 20:24:32, gcc: 4.3.3

Seems stream 0 codec frame rate differs from container frame rate: 1200.00 (1200/1) -> 30.00 (30/1)
Input #0, mov,mp4,m4a,3gp,3g2,mj2, from 'public/images/data/2/1282770534961x.flv':
  Duration: 00:00:14.79, start: 0.000000, bitrate: 3744 kb/s
    Stream #0.0(und): Video: h264, yuv420p, 640x480, 30 tbr, 600 tbn, 1200 tbc
    Stream #0.1(und): Audio: aac, 44100 Hz, mono, s16
Output #0, flv, to 'public/images/data/2/1282770534961.flv':
    Stream #0.0(und): Video: flv, yuv420p, 512x384, q=2-31, 1000 kb/s, 90k tbn, 30 tbc
    Stream #0.1(und): Audio: libmp3lame, 44100 Hz, mono, s16, 128 kb/s
Stream mapping:
  Stream #0.0 -> #0.0
  Stream #0.1 -> #0.1
Press [q] to stop encoding
frame=   52 fps=  0 q=4.3 size=     372kB time=1.73 bitrate=1758.0kbits/s    frame=  109 fps=109 q=3.6 size=     658kB time=3.63 bitrate=1483.5kbits/s    frame=  165 fps=110 q=5.2 size=     915kB time=5.50 bitrate=1362.1kbits/s    frame=  218 fps=109 q=6.8 size=    1177kB time=7.27 bitrate=1327.2kbits/s    frame=  271 fps=108 q=6.8 size=    1440kB time=9.03 bitrate=1305.9kbits/s    frame=  324 fps=107 q=8.8 size=    1694kB time=10.80 bitrate=1284.7kbits/s    frame=  374 fps=106 q=8.7 size=    1936kB time=12.47 bitrate=1272.3kbits/s    [aac @ 0x1970b50]SSR not implemented. Update your FFmpeg version to the newest one from SVN. If the problem still occurs, it means that your file has a feature which has not been implemented.If you want to help, upload a sample of this file to ftp://upload.ffmpeg.org/MPlayer/incoming/ and contact the ffmpeg-devel mailing list.
Error while decoding stream #0.1
frame=  425 fps=106 q=9.8 size=    2178kB time=14.17 bitrate=1259.2kbits/s    frame=  443 fps=106 q=10.5 Lsize=    2256kB time=14.77 bitrate=1251.5kbits/s    
video:2009kB audio:231kB global headers:0kB muxing overhead 0.716728%
