** Daemonized, any open files are closed.  Look at tmp/pids/mongrel.5001.pid and log/mongrel.5001.log for info.
** Starting Mongrel listening at 127.0.0.1:5001
** Initiating groups for "rails":"rails".
** Changing group to "rails".
** Changing user to "rails".
** Starting Rails with production environment...
** Rails loaded.
** Loading any Rails specific GemPlugins
** Loading config/mongrel_upload_progress.conf external config script
** Signals ready.  TERM => stop.  USR2 => restart.  INT => stop (no restart).
** Rails signals registered.  HUP => reload (without restart).  It might not work well.
** Mongrel 1.1.5 available at 127.0.0.1:5001
** Writing PID file to tmp/pids/mongrel.5001.pid
** TERM signal received.
** Daemonized, any open files are closed.  Look at tmp/pids/mongrel.5001.pid and log/mongrel.5001.log for info.
** Starting Mongrel listening at 127.0.0.1:5001
** Initiating groups for "rails":"rails".
** Changing group to "rails".
** Changing user to "rails".
** Starting Rails with production environment...
** Rails loaded.
** Loading any Rails specific GemPlugins
** Loading config/mongrel_upload_progress.conf external config script
** Signals ready.  TERM => stop.  USR2 => restart.  INT => stop (no restart).
** Rails signals registered.  HUP => reload (without restart).  It might not work well.
** Mongrel 1.1.5 available at 127.0.0.1:5001
** Writing PID file to tmp/pids/mongrel.5001.pid
** TERM signal received.
** Daemonized, any open files are closed.  Look at tmp/pids/mongrel.5001.pid and log/mongrel.5001.log for info.
** Starting Mongrel listening at 127.0.0.1:5001
** Initiating groups for "rails":"rails".
** Changing group to "rails".
** Changing user to "rails".
** Starting Rails with production environment...
** Rails loaded.
** Loading any Rails specific GemPlugins
** Loading config/mongrel_upload_progress.conf external config script
** Signals ready.  TERM => stop.  USR2 => restart.  INT => stop (no restart).
** Rails signals registered.  HUP => reload (without restart).  It might not work well.
** Mongrel 1.1.5 available at 127.0.0.1:5001
** Writing PID file to tmp/pids/mongrel.5001.pid
/srv/rails/quadomaniacy/app/controllers/site_controller.rb:11: warning: Object#id will be deprecated; use Object#object_id
/srv/rails/quadomaniacy/app/controllers/site_controller.rb:17: warning: Object#id will be deprecated; use Object#object_id
/srv/rails/quadomaniacy/app/controllers/site_controller.rb:11: warning: Object#id will be deprecated; use Object#object_id
/srv/rails/quadomaniacy/app/controllers/site_controller.rb:17: warning: Object#id will be deprecated; use Object#object_id
/srv/rails/quadomaniacy/app/controllers/site_controller.rb:11: warning: Object#id will be deprecated; use Object#object_id
/srv/rails/quadomaniacy/app/controllers/site_controller.rb:17: warning: Object#id will be deprecated; use Object#object_id
** TERM signal received.
** Daemonized, any open files are closed.  Look at tmp/pids/mongrel.5001.pid and log/mongrel.5001.log for info.
** Starting Mongrel listening at 127.0.0.1:5001
** Initiating groups for "rails":"rails".
** Changing group to "rails".
** Changing user to "rails".
** Starting Rails with production environment...
** Rails loaded.
** Loading any Rails specific GemPlugins
** Loading config/mongrel_upload_progress.conf external config script
** Signals ready.  TERM => stop.  USR2 => restart.  INT => stop (no restart).
** Rails signals registered.  HUP => reload (without restart).  It might not work well.
** Mongrel 1.1.5 available at 127.0.0.1:5001
** Writing PID file to tmp/pids/mongrel.5001.pid
** TERM signal received.
** Daemonized, any open files are closed.  Look at tmp/pids/mongrel.5001.pid and log/mongrel.5001.log for info.
** Starting Mongrel listening at 127.0.0.1:5001
** Initiating groups for "rails":"rails".
** Changing group to "rails".
** Changing user to "rails".
** Starting Rails with production environment...
** Rails loaded.
** Loading any Rails specific GemPlugins
** Loading config/mongrel_upload_progress.conf external config script
** Signals ready.  TERM => stop.  USR2 => restart.  INT => stop (no restart).
** Rails signals registered.  HUP => reload (without restart).  It might not work well.
** Mongrel 1.1.5 available at 127.0.0.1:5001
** Writing PID file to tmp/pids/mongrel.5001.pid
/srv/rails/quadomaniacy/app/controllers/site_controller.rb:11: warning: Object#id will be deprecated; use Object#object_id
/srv/rails/quadomaniacy/app/controllers/site_controller.rb:17: warning: Object#id will be deprecated; use Object#object_id
/srv/rails/quadomaniacy/app/controllers/site_controller.rb:11: warning: Object#id will be deprecated; use Object#object_id
/srv/rails/quadomaniacy/app/controllers/site_controller.rb:17: warning: Object#id will be deprecated; use Object#object_id
** TERM signal received.
** Daemonized, any open files are closed.  Look at tmp/pids/mongrel.5001.pid and log/mongrel.5001.log for info.
** Starting Mongrel listening at 127.0.0.1:5001
** Initiating groups for "rails":"rails".
** Changing group to "rails".
** Changing user to "rails".
** Starting Rails with production environment...
** Rails loaded.
** Loading any Rails specific GemPlugins
** Loading config/mongrel_upload_progress.conf external config script
** Signals ready.  TERM => stop.  USR2 => restart.  INT => stop (no restart).
** Rails signals registered.  HUP => reload (without restart).  It might not work well.
** Mongrel 1.1.5 available at 127.0.0.1:5001
** Writing PID file to tmp/pids/mongrel.5001.pid
/srv/rails/quadomaniacy/app/controllers/site_controller.rb:11: warning: Object#id will be deprecated; use Object#object_id
/srv/rails/quadomaniacy/app/controllers/site_controller.rb:17: warning: Object#id will be deprecated; use Object#object_id
/srv/rails/quadomaniacy/app/controllers/site_controller.rb:11: warning: Object#id will be deprecated; use Object#object_id
/srv/rails/quadomaniacy/app/controllers/site_controller.rb:17: warning: Object#id will be deprecated; use Object#object_id
/srv/rails/quadomaniacy/app/controllers/site_controller.rb:11: warning: Object#id will be deprecated; use Object#object_id
/srv/rails/quadomaniacy/app/controllers/site_controller.rb:17: warning: Object#id will be deprecated; use Object#object_id
/srv/rails/quadomaniacy/app/controllers/site_controller.rb:11: warning: Object#id will be deprecated; use Object#object_id
/srv/rails/quadomaniacy/app/controllers/site_controller.rb:17: warning: Object#id will be deprecated; use Object#object_id
/srv/rails/quadomaniacy/app/controllers/site_controller.rb:11: warning: Object#id will be deprecated; use Object#object_id
/srv/rails/quadomaniacy/app/controllers/site_controller.rb:17: warning: Object#id will be deprecated; use Object#object_id
/srv/rails/quadomaniacy/app/controllers/site_controller.rb:11: warning: Object#id will be deprecated; use Object#object_id
/srv/rails/quadomaniacy/app/controllers/site_controller.rb:17: warning: Object#id will be deprecated; use Object#object_id
/srv/rails/quadomaniacy/app/controllers/site_controller.rb:11: warning: Object#id will be deprecated; use Object#object_id
/srv/rails/quadomaniacy/app/controllers/site_controller.rb:17: warning: Object#id will be deprecated; use Object#object_id
** TERM signal received.
** Daemonized, any open files are closed.  Look at tmp/pids/mongrel.5001.pid and log/mongrel.5001.log for info.
** Starting Mongrel listening at 127.0.0.1:5001
** Initiating groups for "rails":"rails".
** Changing group to "rails".
** Changing user to "rails".
** Starting Rails with production environment...
** Rails loaded.
** Loading any Rails specific GemPlugins
** Loading config/mongrel_upload_progress.conf external config script
** Signals ready.  TERM => stop.  USR2 => restart.  INT => stop (no restart).
** Rails signals registered.  HUP => reload (without restart).  It might not work well.
** Mongrel 1.1.5 available at 127.0.0.1:5001
** Writing PID file to tmp/pids/mongrel.5001.pid
/srv/rails/quadomaniacy/app/controllers/site_controller.rb:11: warning: Object#id will be deprecated; use Object#object_id
/srv/rails/quadomaniacy/app/controllers/site_controller.rb:17: warning: Object#id will be deprecated; use Object#object_id
** TERM signal received.
** Daemonized, any open files are closed.  Look at tmp/pids/mongrel.5001.pid and log/mongrel.5001.log for info.
** Starting Mongrel listening at 127.0.0.1:5001
** Initiating groups for "rails":"rails".
** Changing group to "rails".
** Changing user to "rails".
** Starting Rails with production environment...
** Rails loaded.
** Loading any Rails specific GemPlugins
** Loading config/mongrel_upload_progress.conf external config script
** Signals ready.  TERM => stop.  USR2 => restart.  INT => stop (no restart).
** Rails signals registered.  HUP => reload (without restart).  It might not work well.
** Mongrel 1.1.5 available at 127.0.0.1:5001
** Writing PID file to tmp/pids/mongrel.5001.pid
** TERM signal received.
** Daemonized, any open files are closed.  Look at tmp/pids/mongrel.5001.pid and log/mongrel.5001.log for info.
** Starting Mongrel listening at 127.0.0.1:5001
** Initiating groups for "rails":"rails".
** Changing group to "rails".
** Changing user to "rails".
** Starting Rails with production environment...
** Rails loaded.
** Loading any Rails specific GemPlugins
** Loading config/mongrel_upload_progress.conf external config script
** Signals ready.  TERM => stop.  USR2 => restart.  INT => stop (no restart).
** Rails signals registered.  HUP => reload (without restart).  It might not work well.
** Mongrel 1.1.5 available at 127.0.0.1:5001
** Writing PID file to tmp/pids/mongrel.5001.pid
/srv/rails/quadomaniacy/app/controllers/site_controller.rb:11: warning: Object#id will be deprecated; use Object#object_id
/srv/rails/quadomaniacy/app/controllers/site_controller.rb:17: warning: Object#id will be deprecated; use Object#object_id
/srv/rails/quadomaniacy/app/controllers/site_controller.rb:11: warning: Object#id will be deprecated; use Object#object_id
/srv/rails/quadomaniacy/app/controllers/site_controller.rb:17: warning: Object#id will be deprecated; use Object#object_id
** TERM signal received.
** Daemonized, any open files are closed.  Look at tmp/pids/mongrel.5001.pid and log/mongrel.5001.log for info.
** Starting Mongrel listening at 127.0.0.1:5001
** Initiating groups for "rails":"rails".
** Changing group to "rails".
** Changing user to "rails".
** Starting Rails with production environment...
** Rails loaded.
** Loading any Rails specific GemPlugins
** Loading config/mongrel_upload_progress.conf external config script
** Signals ready.  TERM => stop.  USR2 => restart.  INT => stop (no restart).
** Rails signals registered.  HUP => reload (without restart).  It might not work well.
** Mongrel 1.1.5 available at 127.0.0.1:5001
** Writing PID file to tmp/pids/mongrel.5001.pid
** TERM signal received.
** Daemonized, any open files are closed.  Look at tmp/pids/mongrel.5001.pid and log/mongrel.5001.log for info.
** Starting Mongrel listening at 127.0.0.1:5001
** Initiating groups for "rails":"rails".
** Changing group to "rails".
** Changing user to "rails".
** Starting Rails with production environment...
** Rails loaded.
** Loading any Rails specific GemPlugins
** Loading config/mongrel_upload_progress.conf external config script
** Signals ready.  TERM => stop.  USR2 => restart.  INT => stop (no restart).
** Rails signals registered.  HUP => reload (without restart).  It might not work well.
** Mongrel 1.1.5 available at 127.0.0.1:5001
** Writing PID file to tmp/pids/mongrel.5001.pid
wto kwi 27 22:13:38 +0200 2010: Error reading HTTP body: #<RuntimeError: Socket read returned insufficient data: 9807>
/usr/lib/ruby/gems/1.8/gems/mongrel-1.1.5/bin/../lib/mongrel/http_request.rb:107:in `read_socket'
/usr/lib/ruby/gems/1.8/gems/mongrel-1.1.5/bin/../lib/mongrel/http_request.rb:86:in `read_body'
/usr/lib/ruby/gems/1.8/gems/mongrel-1.1.5/bin/../lib/mongrel/http_request.rb:55:in `initialize'
/usr/lib/ruby/gems/1.8/gems/mongrel-1.1.5/bin/../lib/mongrel.rb:149:in `new'
/usr/lib/ruby/gems/1.8/gems/mongrel-1.1.5/bin/../lib/mongrel.rb:149:in `process_client'
/usr/lib/ruby/gems/1.8/gems/mongrel-1.1.5/bin/../lib/mongrel.rb:285:in `run'
/usr/lib/ruby/gems/1.8/gems/mongrel-1.1.5/bin/../lib/mongrel.rb:285:in `initialize'
/usr/lib/ruby/gems/1.8/gems/mongrel-1.1.5/bin/../lib/mongrel.rb:285:in `new'
/usr/lib/ruby/gems/1.8/gems/mongrel-1.1.5/bin/../lib/mongrel.rb:285:in `run'
/usr/lib/ruby/gems/1.8/gems/mongrel-1.1.5/bin/../lib/mongrel.rb:268:in `initialize'
/usr/lib/ruby/gems/1.8/gems/mongrel-1.1.5/bin/../lib/mongrel.rb:268:in `new'
/usr/lib/ruby/gems/1.8/gems/mongrel-1.1.5/bin/../lib/mongrel.rb:268:in `run'
/usr/lib/ruby/gems/1.8/gems/mongrel-1.1.5/bin/../lib/mongrel/configurator.rb:282:in `run'
/usr/lib/ruby/gems/1.8/gems/mongrel-1.1.5/bin/../lib/mongrel/configurator.rb:281:in `each'
/usr/lib/ruby/gems/1.8/gems/mongrel-1.1.5/bin/../lib/mongrel/configurator.rb:281:in `run'
/usr/lib/ruby/gems/1.8/gems/mongrel-1.1.5/bin/mongrel_rails:128:in `run'
/usr/lib/ruby/gems/1.8/gems/mongrel-1.1.5/bin/../lib/mongrel/command.rb:212:in `run'
/usr/lib/ruby/gems/1.8/gems/mongrel-1.1.5/bin/mongrel_rails:281
/usr/bin/mongrel_rails:19:in `load'
/usr/bin/mongrel_rails:19
wto kwi 27 22:14:07 +0200 2010: Read error: #<DRb::DRbConnError: druby://127.0.0.1:2999 - #<Errno::ECONNREFUSED: Połączenie odrzucone - connect(2)>>
/usr/lib/ruby/1.8/drb/drb.rb:736:in `open'
/usr/lib/ruby/1.8/drb/drb.rb:729:in `each'
/usr/lib/ruby/1.8/drb/drb.rb:729:in `open'
/usr/lib/ruby/1.8/drb/drb.rb:1196:in `initialize'
/usr/lib/ruby/1.8/drb/drb.rb:1176:in `new'
/usr/lib/ruby/1.8/drb/drb.rb:1176:in `open'
/usr/lib/ruby/1.8/drb/drb.rb:1092:in `method_missing'
/usr/lib/ruby/1.8/drb/drb.rb:1110:in `with_friend'
/usr/lib/ruby/1.8/drb/drb.rb:1091:in `method_missing'
/usr/lib/ruby/gems/1.8/gems/mongrel_upload_progress-0.2.2/lib/mongrel_upload_progress/init.rb:42:in `send'
/usr/lib/ruby/gems/1.8/gems/mongrel_upload_progress-0.2.2/lib/mongrel_upload_progress/init.rb:42:in `upload_notify'
/usr/lib/ruby/gems/1.8/gems/mongrel_upload_progress-0.2.2/lib/mongrel_upload_progress/init.rb:22:in `request_begins'
/usr/lib/ruby/gems/1.8/gems/mongrel-1.1.5/bin/../lib/mongrel/http_request.rb:34:in `initialize'
/usr/lib/ruby/gems/1.8/gems/mongrel-1.1.5/bin/../lib/mongrel/http_request.rb:33:in `each'
/usr/lib/ruby/gems/1.8/gems/mongrel-1.1.5/bin/../lib/mongrel/http_request.rb:33:in `initialize'
/usr/lib/ruby/gems/1.8/gems/mongrel-1.1.5/bin/../lib/mongrel.rb:149:in `new'
/usr/lib/ruby/gems/1.8/gems/mongrel-1.1.5/bin/../lib/mongrel.rb:149:in `process_client'
/usr/lib/ruby/gems/1.8/gems/mongrel-1.1.5/bin/../lib/mongrel.rb:285:in `run'
/usr/lib/ruby/gems/1.8/gems/mongrel-1.1.5/bin/../lib/mongrel.rb:285:in `initialize'
/usr/lib/ruby/gems/1.8/gems/mongrel-1.1.5/bin/../lib/mongrel.rb:285:in `new'
/usr/lib/ruby/gems/1.8/gems/mongrel-1.1.5/bin/../lib/mongrel.rb:285:in `run'
/usr/lib/ruby/gems/1.8/gems/mongrel-1.1.5/bin/../lib/mongrel.rb:268:in `initialize'
/usr/lib/ruby/gems/1.8/gems/mongrel-1.1.5/bin/../lib/mongrel.rb:268:in `new'
/usr/lib/ruby/gems/1.8/gems/mongrel-1.1.5/bin/../lib/mongrel.rb:268:in `run'
/usr/lib/ruby/gems/1.8/gems/mongrel-1.1.5/bin/../lib/mongrel/configurator.rb:282:in `run'
/usr/lib/ruby/gems/1.8/gems/mongrel-1.1.5/bin/../lib/mongrel/configurator.rb:281:in `each'
/usr/lib/ruby/gems/1.8/gems/mongrel-1.1.5/bin/../lib/mongrel/configurator.rb:281:in `run'
/usr/lib/ruby/gems/1.8/gems/mongrel-1.1.5/bin/mongrel_rails:128:in `run'
/usr/lib/ruby/gems/1.8/gems/mongrel-1.1.5/bin/../lib/mongrel/command.rb:212:in `run'
/usr/lib/ruby/gems/1.8/gems/mongrel-1.1.5/bin/mongrel_rails:281
/usr/bin/mongrel_rails:19:in `load'
/usr/bin/mongrel_rails:19
Converting file #<File:0x7ff9ab2d16d8> sized 2135709
FFmpeg version 0.5, Copyright (c) 2000-2009 Fabrice Bellard, et al.
  configuration: --prefix=/usr --enable-gpl --enable-libmp3lame --enable-libvorbis --enable-libfaac --enable-libfaad --enable-libxvid --enable-libx264 --enable-libtheora --enable-postproc --enable-shared --enable-pthreads --enable-x11grab --enable-swscale
  libavutil     49.15. 0 / 49.15. 0
  libavcodec    52.20. 0 / 52.20. 0
  libavformat   52.31. 0 / 52.31. 0
  libavdevice   52. 1. 0 / 52. 1. 0
  libswscale     0. 7. 1 /  0. 7. 1
  libpostproc   51. 2. 0 / 51. 2. 0
  built on Apr 18 2009 20:24:32, gcc: 4.3.3

Seems stream 1 codec frame rate differs from container frame rate: 1000.00 (1000/1) -> 30.00 (30/1)
Input #0, asf, from 'public/images/data/1/1272399367803x.flv':
  Duration: 00:00:28.98, start: 4.000000, bitrate: 589 kb/s
    Stream #0.0: Audio: wmav2, 44100 Hz, stereo, s16, 64 kb/s
    Stream #0.1: Video: wmv3, yuv420p, 320x240, 473 kb/s, 30 tbr, 1k tbn, 1k tbc
Output #0, flv, to 'public/images/data/1/1272399367803.flv':
    Stream #0.0: Video: flv, yuv420p, 512x384, q=2-31, 1000 kb/s, 90k tbn, 30 tbc
    Stream #0.1: Audio: libmp3lame, 44100 Hz, stereo, s16, 128 kb/s
Stream mapping:
  Stream #0.1 -> #0.0
  Stream #0.0 -> #0.1
Press [q] to stop encoding
frame=   92 fps=  0 q=5.8 size=     328kB time=1.62 bitrate=1660.2kbits/s    frame=  182 fps=180 q=4.8 size=     799kB time=4.54 bitrate=1440.9kbits/s    frame=  271 fps=179 q=5.6 size=    1164kB time=7.16 bitrate=1332.1kbits/s    frame=  360 fps=179 q=3.1 size=    1610kB time=10.45 bitrate=1262.5kbits/s    frame=  453 fps=180 q=4.8 size=    2006kB time=13.48 bitrate=1219.1kbits/s    frame=  544 fps=180 q=7.3 size=    2454kB time=16.67 bitrate=1206.0kbits/s    frame=  634 fps=180 q=8.2 size=    2859kB time=19.57 bitrate=1197.0kbits/s    frame=  724 fps=180 q=6.1 size=    3285kB time=22.67 bitrate=1187.0kbits/s    frame=  820 fps=181 q=3.6 size=    3789kB time=26.04 bitrate=1191.9kbits/s    frame=  902 fps=180 q=4.3 Lsize=    4377kB time=30.07 bitrate=1192.4kbits/s    
video:3873kB audio:471kB global headers:0kB muxing overhead 0.746521%
/srv/rails/quadomaniacy/app/controllers/site_controller.rb:11: warning: Object#id will be deprecated; use Object#object_id
/srv/rails/quadomaniacy/app/controllers/site_controller.rb:17: warning: Object#id will be deprecated; use Object#object_id
/srv/rails/quadomaniacy/app/controllers/site_controller.rb:11: warning: Object#id will be deprecated; use Object#object_id
/srv/rails/quadomaniacy/app/controllers/site_controller.rb:17: warning: Object#id will be deprecated; use Object#object_id
bbb{:description=>"", :qtype=>"", :company=>""}
/srv/rails/quadomaniacy/app/controllers/site_controller.rb:11: warning: Object#id will be deprecated; use Object#object_id
/srv/rails/quadomaniacy/app/controllers/site_controller.rb:17: warning: Object#id will be deprecated; use Object#object_id
/srv/rails/quadomaniacy/app/controllers/site_controller.rb:11: warning: Object#id will be deprecated; use Object#object_id
/srv/rails/quadomaniacy/app/controllers/site_controller.rb:17: warning: Object#id will be deprecated; use Object#object_id
/srv/rails/quadomaniacy/app/controllers/site_controller.rb:11: warning: Object#id will be deprecated; use Object#object_id
/srv/rails/quadomaniacy/app/controllers/site_controller.rb:17: warning: Object#id will be deprecated; use Object#object_id
/srv/rails/quadomaniacy/app/controllers/site_controller.rb:11: warning: Object#id will be deprecated; use Object#object_id
/srv/rails/quadomaniacy/app/controllers/site_controller.rb:17: warning: Object#id will be deprecated; use Object#object_id
/srv/rails/quadomaniacy/app/controllers/site_controller.rb:11: warning: Object#id will be deprecated; use Object#object_id
/srv/rails/quadomaniacy/app/controllers/site_controller.rb:17: warning: Object#id will be deprecated; use Object#object_id
/srv/rails/quadomaniacy/app/controllers/site_controller.rb:11: warning: Object#id will be deprecated; use Object#object_id
/srv/rails/quadomaniacy/app/controllers/site_controller.rb:17: warning: Object#id will be deprecated; use Object#object_id
/srv/rails/quadomaniacy/app/controllers/site_controller.rb:11: warning: Object#id will be deprecated; use Object#object_id
/srv/rails/quadomaniacy/app/controllers/site_controller.rb:17: warning: Object#id will be deprecated; use Object#object_id
/srv/rails/quadomaniacy/app/controllers/site_controller.rb:11: warning: Object#id will be deprecated; use Object#object_id
/srv/rails/quadomaniacy/app/controllers/site_controller.rb:17: warning: Object#id will be deprecated; use Object#object_id
bbb{:description=>"", :qtype=>"", :company=>""}
/srv/rails/quadomaniacy/app/controllers/site_controller.rb:11: warning: Object#id will be deprecated; use Object#object_id
/srv/rails/quadomaniacy/app/controllers/site_controller.rb:17: warning: Object#id will be deprecated; use Object#object_id
/srv/rails/quadomaniacy/app/controllers/site_controller.rb:11: warning: Object#id will be deprecated; use Object#object_id
/srv/rails/quadomaniacy/app/controllers/site_controller.rb:17: warning: Object#id will be deprecated; use Object#object_id
** Daemonized, any open files are closed.  Look at tmp/pids/mongrel.5001.pid and log/mongrel.5001.log for info.
** Starting Mongrel listening at 127.0.0.1:5001
** Initiating groups for "rails":"rails".
** Couldn't change user and group to "rails":"rails": Operation not permitted.
** Mongrel failed to start.
** Daemonized, any open files are closed.  Look at tmp/pids/mongrel.5001.pid and log/mongrel.5001.log for info.
** Starting Mongrel listening at 127.0.0.1:5001
** Initiating groups for "rails":"rails".
** Changing group to "rails".
** Changing user to "rails".
** Starting Rails with production environment...
/opt/ruby1.8/lib/ruby/site_ruby/1.8/rubygems/custom_require.rb:31:in `gem_original_require': no such file to load -- /home/telpeloth/quadomaniacy2/config/environment (LoadError)
	from /opt/ruby1.8/lib/ruby/site_ruby/1.8/rubygems/custom_require.rb:31:in `require'
	from /opt/ruby1.8/lib/ruby/gems/1.8/gems/mongrel-1.1.6/bin/../lib/mongrel/rails.rb:147:in `rails'
	from /opt/ruby1.8/lib/ruby/gems/1.8/gems/mongrel-1.1.6/bin/mongrel_rails:115:in `cloaker_'
	from /opt/ruby1.8/lib/ruby/gems/1.8/gems/mongrel-1.1.6/bin/../lib/mongrel/configurator.rb:149:in `call'
	from /opt/ruby1.8/lib/ruby/gems/1.8/gems/mongrel-1.1.6/bin/../lib/mongrel/configurator.rb:149:in `listener'
	from /opt/ruby1.8/lib/ruby/gems/1.8/gems/mongrel-1.1.6/bin/mongrel_rails:101:in `cloaker_'
	from /opt/ruby1.8/lib/ruby/gems/1.8/gems/mongrel-1.1.6/bin/../lib/mongrel/configurator.rb:50:in `call'
	from /opt/ruby1.8/lib/ruby/gems/1.8/gems/mongrel-1.1.6/bin/../lib/mongrel/configurator.rb:50:in `initialize'
	from /opt/ruby1.8/lib/ruby/gems/1.8/gems/mongrel-1.1.6/bin/mongrel_rails:86:in `new'
	from /opt/ruby1.8/lib/ruby/gems/1.8/gems/mongrel-1.1.6/bin/mongrel_rails:86:in `run'
	from /opt/ruby1.8/lib/ruby/gems/1.8/gems/mongrel-1.1.6/bin/../lib/mongrel/command.rb:210:in `run'
	from /opt/ruby1.8/lib/ruby/gems/1.8/gems/mongrel-1.1.6/bin/mongrel_rails:283
	from /opt/ruby1.8/lib/ruby/gems/1.8/bin/mongrel_rails:19:in `load'
	from /opt/ruby1.8/lib/ruby/gems/1.8/bin/mongrel_rails:19
** Daemonized, any open files are closed.  Look at tmp/pids/mongrel.5001.pid and log/mongrel.5001.log for info.
** Starting Mongrel listening at 127.0.0.1:5001
** Initiating groups for "rails":"rails".
** Changing group to "rails".
** Changing user to "rails".
** Starting Rails with production environment...
/opt/ruby1.8/lib/ruby/site_ruby/1.8/rubygems/custom_require.rb:31:in `gem_original_require': no such file to load -- /home/telpeloth/quadomaniacy2/config/environment (LoadError)
	from /opt/ruby1.8/lib/ruby/site_ruby/1.8/rubygems/custom_require.rb:31:in `require'
	from /opt/ruby1.8/lib/ruby/gems/1.8/gems/mongrel-1.1.6/bin/../lib/mongrel/rails.rb:147:in `rails'
	from /opt/ruby1.8/lib/ruby/gems/1.8/gems/mongrel-1.1.6/bin/mongrel_rails:115:in `cloaker_'
	from /opt/ruby1.8/lib/ruby/gems/1.8/gems/mongrel-1.1.6/bin/../lib/mongrel/configurator.rb:149:in `call'
	from /opt/ruby1.8/lib/ruby/gems/1.8/gems/mongrel-1.1.6/bin/../lib/mongrel/configurator.rb:149:in `listener'
	from /opt/ruby1.8/lib/ruby/gems/1.8/gems/mongrel-1.1.6/bin/mongrel_rails:101:in `cloaker_'
	from /opt/ruby1.8/lib/ruby/gems/1.8/gems/mongrel-1.1.6/bin/../lib/mongrel/configurator.rb:50:in `call'
	from /opt/ruby1.8/lib/ruby/gems/1.8/gems/mongrel-1.1.6/bin/../lib/mongrel/configurator.rb:50:in `initialize'
	from /opt/ruby1.8/lib/ruby/gems/1.8/gems/mongrel-1.1.6/bin/mongrel_rails:86:in `new'
	from /opt/ruby1.8/lib/ruby/gems/1.8/gems/mongrel-1.1.6/bin/mongrel_rails:86:in `run'
	from /opt/ruby1.8/lib/ruby/gems/1.8/gems/mongrel-1.1.6/bin/../lib/mongrel/command.rb:210:in `run'
	from /opt/ruby1.8/lib/ruby/gems/1.8/gems/mongrel-1.1.6/bin/mongrel_rails:283
	from /opt/ruby1.8/lib/ruby/gems/1.8/bin/mongrel_rails:19:in `load'
	from /opt/ruby1.8/lib/ruby/gems/1.8/bin/mongrel_rails:19
** Daemonized, any open files are closed.  Look at tmp/pids/mongrel.5001.pid and log/mongrel.5001.log for info.
** Starting Mongrel listening at 127.0.0.1:5001
** Initiating groups for "rails":"rails".
** Changing group to "rails".
** Changing user to "rails".
** Starting Rails with production environment...
/opt/ruby1.8/lib/ruby/site_ruby/1.8/rubygems/custom_require.rb:31:in `gem_original_require': no such file to load -- /home/telpeloth/quadomaniacy2/config/environment (LoadError)
	from /opt/ruby1.8/lib/ruby/site_ruby/1.8/rubygems/custom_require.rb:31:in `require'
	from /opt/ruby1.8/lib/ruby/gems/1.8/gems/mongrel-1.1.6/bin/../lib/mongrel/rails.rb:147:in `rails'
	from /opt/ruby1.8/lib/ruby/gems/1.8/gems/mongrel-1.1.6/bin/mongrel_rails:115:in `cloaker_'
	from /opt/ruby1.8/lib/ruby/gems/1.8/gems/mongrel-1.1.6/bin/../lib/mongrel/configurator.rb:149:in `call'
	from /opt/ruby1.8/lib/ruby/gems/1.8/gems/mongrel-1.1.6/bin/../lib/mongrel/configurator.rb:149:in `listener'
	from /opt/ruby1.8/lib/ruby/gems/1.8/gems/mongrel-1.1.6/bin/mongrel_rails:101:in `cloaker_'
	from /opt/ruby1.8/lib/ruby/gems/1.8/gems/mongrel-1.1.6/bin/../lib/mongrel/configurator.rb:50:in `call'
	from /opt/ruby1.8/lib/ruby/gems/1.8/gems/mongrel-1.1.6/bin/../lib/mongrel/configurator.rb:50:in `initialize'
	from /opt/ruby1.8/lib/ruby/gems/1.8/gems/mongrel-1.1.6/bin/mongrel_rails:86:in `new'
	from /opt/ruby1.8/lib/ruby/gems/1.8/gems/mongrel-1.1.6/bin/mongrel_rails:86:in `run'
	from /opt/ruby1.8/lib/ruby/gems/1.8/gems/mongrel-1.1.6/bin/../lib/mongrel/command.rb:210:in `run'
	from /opt/ruby1.8/lib/ruby/gems/1.8/gems/mongrel-1.1.6/bin/mongrel_rails:283
	from /opt/ruby1.8/lib/ruby/gems/1.8/bin/mongrel_rails:19:in `load'
	from /opt/ruby1.8/lib/ruby/gems/1.8/bin/mongrel_rails:19
** Daemonized, any open files are closed.  Look at tmp/pids/mongrel.5001.pid and log/mongrel.5001.log for info.
** Starting Mongrel listening at 127.0.0.1:5001
** Initiating groups for "rails":"rails".
** Changing group to "rails".
** Changing user to "rails".
** Starting Rails with production environment...
/opt/ruby1.8/lib/ruby/site_ruby/1.8/rubygems/custom_require.rb:31:in `gem_original_require': no such file to load -- /home/telpeloth/quadomaniacy2/config/environment (LoadError)
	from /opt/ruby1.8/lib/ruby/site_ruby/1.8/rubygems/custom_require.rb:31:in `require'
	from /opt/ruby1.8/lib/ruby/gems/1.8/gems/mongrel-1.1.6/bin/../lib/mongrel/rails.rb:147:in `rails'
	from /opt/ruby1.8/lib/ruby/gems/1.8/gems/mongrel-1.1.6/bin/mongrel_rails:115:in `cloaker_'
	from /opt/ruby1.8/lib/ruby/gems/1.8/gems/mongrel-1.1.6/bin/../lib/mongrel/configurator.rb:149:in `call'
	from /opt/ruby1.8/lib/ruby/gems/1.8/gems/mongrel-1.1.6/bin/../lib/mongrel/configurator.rb:149:in `listener'
	from /opt/ruby1.8/lib/ruby/gems/1.8/gems/mongrel-1.1.6/bin/mongrel_rails:101:in `cloaker_'
	from /opt/ruby1.8/lib/ruby/gems/1.8/gems/mongrel-1.1.6/bin/../lib/mongrel/configurator.rb:50:in `call'
	from /opt/ruby1.8/lib/ruby/gems/1.8/gems/mongrel-1.1.6/bin/../lib/mongrel/configurator.rb:50:in `initialize'
	from /opt/ruby1.8/lib/ruby/gems/1.8/gems/mongrel-1.1.6/bin/mongrel_rails:86:in `new'
	from /opt/ruby1.8/lib/ruby/gems/1.8/gems/mongrel-1.1.6/bin/mongrel_rails:86:in `run'
	from /opt/ruby1.8/lib/ruby/gems/1.8/gems/mongrel-1.1.6/bin/../lib/mongrel/command.rb:210:in `run'
	from /opt/ruby1.8/lib/ruby/gems/1.8/gems/mongrel-1.1.6/bin/mongrel_rails:283
	from /opt/ruby1.8/lib/ruby/gems/1.8/bin/mongrel_rails:19:in `load'
	from /opt/ruby1.8/lib/ruby/gems/1.8/bin/mongrel_rails:19
** Daemonized, any open files are closed.  Look at tmp/pids/mongrel.5001.pid and log/mongrel.5001.log for info.
** Starting Mongrel listening at 127.0.0.1:5001
** Initiating groups for "rails":"rails".
** Changing group to "rails".
** Changing user to "rails".
** Starting Rails with production environment...
/opt/ruby1.8/lib/ruby/site_ruby/1.8/rubygems/custom_require.rb:31:in `gem_original_require': no such file to load -- /home/telpeloth/quadomaniacy2/config/environment (LoadError)
	from /opt/ruby1.8/lib/ruby/site_ruby/1.8/rubygems/custom_require.rb:31:in `require'
	from /opt/ruby1.8/lib/ruby/gems/1.8/gems/mongrel-1.1.6/bin/../lib/mongrel/rails.rb:147:in `rails'
	from /opt/ruby1.8/lib/ruby/gems/1.8/gems/mongrel-1.1.6/bin/mongrel_rails:115:in `cloaker_'
	from /opt/ruby1.8/lib/ruby/gems/1.8/gems/mongrel-1.1.6/bin/../lib/mongrel/configurator.rb:149:in `call'
	from /opt/ruby1.8/lib/ruby/gems/1.8/gems/mongrel-1.1.6/bin/../lib/mongrel/configurator.rb:149:in `listener'
	from /opt/ruby1.8/lib/ruby/gems/1.8/gems/mongrel-1.1.6/bin/mongrel_rails:101:in `cloaker_'
	from /opt/ruby1.8/lib/ruby/gems/1.8/gems/mongrel-1.1.6/bin/../lib/mongrel/configurator.rb:50:in `call'
	from /opt/ruby1.8/lib/ruby/gems/1.8/gems/mongrel-1.1.6/bin/../lib/mongrel/configurator.rb:50:in `initialize'
	from /opt/ruby1.8/lib/ruby/gems/1.8/gems/mongrel-1.1.6/bin/mongrel_rails:86:in `new'
	from /opt/ruby1.8/lib/ruby/gems/1.8/gems/mongrel-1.1.6/bin/mongrel_rails:86:in `run'
	from /opt/ruby1.8/lib/ruby/gems/1.8/gems/mongrel-1.1.6/bin/../lib/mongrel/command.rb:210:in `run'
	from /opt/ruby1.8/lib/ruby/gems/1.8/gems/mongrel-1.1.6/bin/mongrel_rails:283
	from /opt/ruby1.8/lib/ruby/gems/1.8/bin/mongrel_rails:19:in `load'
	from /opt/ruby1.8/lib/ruby/gems/1.8/bin/mongrel_rails:19
** Daemonized, any open files are closed.  Look at tmp/pids/mongrel.5001.pid and log/mongrel.5001.log for info.
** Starting Mongrel listening at 127.0.0.1:5001
** Initiating groups for "rails":"rails".
** Changing group to "rails".
** Changing user to "rails".
** Starting Rails with production environment...
/opt/ruby1.8/lib/ruby/site_ruby/1.8/rubygems/custom_require.rb:31:in `gem_original_require': no such file to load -- /home/telpeloth/quadomaniacy2/config/environment (LoadError)
	from /opt/ruby1.8/lib/ruby/site_ruby/1.8/rubygems/custom_require.rb:31:in `require'
	from /opt/ruby1.8/lib/ruby/gems/1.8/gems/mongrel-1.1.6/bin/../lib/mongrel/rails.rb:147:in `rails'
	from /opt/ruby1.8/lib/ruby/gems/1.8/gems/mongrel-1.1.6/bin/mongrel_rails:115:in `cloaker_'
	from /opt/ruby1.8/lib/ruby/gems/1.8/gems/mongrel-1.1.6/bin/../lib/mongrel/configurator.rb:149:in `call'
	from /opt/ruby1.8/lib/ruby/gems/1.8/gems/mongrel-1.1.6/bin/../lib/mongrel/configurator.rb:149:in `listener'
	from /opt/ruby1.8/lib/ruby/gems/1.8/gems/mongrel-1.1.6/bin/mongrel_rails:101:in `cloaker_'
	from /opt/ruby1.8/lib/ruby/gems/1.8/gems/mongrel-1.1.6/bin/../lib/mongrel/configurator.rb:50:in `call'
	from /opt/ruby1.8/lib/ruby/gems/1.8/gems/mongrel-1.1.6/bin/../lib/mongrel/configurator.rb:50:in `initialize'
	from /opt/ruby1.8/lib/ruby/gems/1.8/gems/mongrel-1.1.6/bin/mongrel_rails:86:in `new'
	from /opt/ruby1.8/lib/ruby/gems/1.8/gems/mongrel-1.1.6/bin/mongrel_rails:86:in `run'
	from /opt/ruby1.8/lib/ruby/gems/1.8/gems/mongrel-1.1.6/bin/../lib/mongrel/command.rb:210:in `run'
	from /opt/ruby1.8/lib/ruby/gems/1.8/gems/mongrel-1.1.6/bin/mongrel_rails:283
	from /opt/ruby1.8/lib/ruby/gems/1.8/bin/mongrel_rails:19:in `load'
	from /opt/ruby1.8/lib/ruby/gems/1.8/bin/mongrel_rails:19
** Daemonized, any open files are closed.  Look at tmp/pids/mongrel.5001.pid and log/mongrel.5001.log for info.
** Starting Mongrel listening at 127.0.0.1:5001
** Initiating groups for "rails":"rails".
** Changing group to "rails".
** Changing user to "rails".
** Starting Rails with production environment...
/opt/ruby1.8/lib/ruby/site_ruby/1.8/rubygems/custom_require.rb:31:in `gem_original_require': no such file to load -- /home/telpeloth/quadomaniacy2/config/environment (LoadError)
	from /opt/ruby1.8/lib/ruby/site_ruby/1.8/rubygems/custom_require.rb:31:in `require'
	from /opt/ruby1.8/lib/ruby/gems/1.8/gems/mongrel-1.1.6/bin/../lib/mongrel/rails.rb:147:in `rails'
	from /opt/ruby1.8/lib/ruby/gems/1.8/gems/mongrel-1.1.6/bin/mongrel_rails:115:in `cloaker_'
	from /opt/ruby1.8/lib/ruby/gems/1.8/gems/mongrel-1.1.6/bin/../lib/mongrel/configurator.rb:149:in `call'
	from /opt/ruby1.8/lib/ruby/gems/1.8/gems/mongrel-1.1.6/bin/../lib/mongrel/configurator.rb:149:in `listener'
	from /opt/ruby1.8/lib/ruby/gems/1.8/gems/mongrel-1.1.6/bin/mongrel_rails:101:in `cloaker_'
	from /opt/ruby1.8/lib/ruby/gems/1.8/gems/mongrel-1.1.6/bin/../lib/mongrel/configurator.rb:50:in `call'
	from /opt/ruby1.8/lib/ruby/gems/1.8/gems/mongrel-1.1.6/bin/../lib/mongrel/configurator.rb:50:in `initialize'
	from /opt/ruby1.8/lib/ruby/gems/1.8/gems/mongrel-1.1.6/bin/mongrel_rails:86:in `new'
	from /opt/ruby1.8/lib/ruby/gems/1.8/gems/mongrel-1.1.6/bin/mongrel_rails:86:in `run'
	from /opt/ruby1.8/lib/ruby/gems/1.8/gems/mongrel-1.1.6/bin/../lib/mongrel/command.rb:210:in `run'
	from /opt/ruby1.8/lib/ruby/gems/1.8/gems/mongrel-1.1.6/bin/mongrel_rails:283
	from /opt/ruby1.8/lib/ruby/gems/1.8/bin/mongrel_rails:19:in `load'
	from /opt/ruby1.8/lib/ruby/gems/1.8/bin/mongrel_rails:19
** Daemonized, any open files are closed.  Look at tmp/pids/mongrel.5001.pid and log/mongrel.5001.log for info.
** Starting Mongrel listening at 127.0.0.1:5001
** Initiating groups for "rails":"rails".
** Changing group to "rails".
** Changing user to "rails".
** Starting Rails with production environment...
/usr/lib/ruby/gems/1.8/gems/activerecord-2.3.4/lib/active_record/connection_adapters/abstract/connection_specification.rb:62:in `establish_connection': production database is not configured (ActiveRecord::AdapterNotSpecified)
	from /usr/lib/ruby/gems/1.8/gems/activerecord-2.3.4/lib/active_record/connection_adapters/abstract/connection_specification.rb:55:in `establish_connection'
	from /usr/lib/ruby/gems/1.8/gems/rails-2.3.4/lib/initializer.rb:438:in `initialize_database'
	from /usr/lib/ruby/gems/1.8/gems/rails-2.3.4/lib/initializer.rb:141:in `process'
	from /usr/lib/ruby/gems/1.8/gems/rails-2.3.4/lib/initializer.rb:113:in `send'
	from /usr/lib/ruby/gems/1.8/gems/rails-2.3.4/lib/initializer.rb:113:in `run'
	from /srv/rails/quadomaniacy/config/environment.rb:13
	from /usr/lib/ruby/site_ruby/1.8/rubygems/custom_require.rb:31:in `gem_original_require'
	from /usr/lib/ruby/site_ruby/1.8/rubygems/custom_require.rb:31:in `require'
	from /usr/lib/ruby/gems/1.8/gems/mongrel-1.1.5/bin/../lib/mongrel/rails.rb:147:in `rails'
	from /usr/lib/ruby/gems/1.8/gems/mongrel-1.1.5/bin/mongrel_rails:113:in `cloaker_'
	from /usr/lib/ruby/gems/1.8/gems/mongrel-1.1.5/bin/../lib/mongrel/configurator.rb:149:in `call'
	from /usr/lib/ruby/gems/1.8/gems/mongrel-1.1.5/bin/../lib/mongrel/configurator.rb:149:in `listener'
	from /usr/lib/ruby/gems/1.8/gems/mongrel-1.1.5/bin/mongrel_rails:99:in `cloaker_'
	from /usr/lib/ruby/gems/1.8/gems/mongrel-1.1.5/bin/../lib/mongrel/configurator.rb:50:in `call'
	from /usr/lib/ruby/gems/1.8/gems/mongrel-1.1.5/bin/../lib/mongrel/configurator.rb:50:in `initialize'
	from /usr/lib/ruby/gems/1.8/gems/mongrel-1.1.5/bin/mongrel_rails:84:in `new'
	from /usr/lib/ruby/gems/1.8/gems/mongrel-1.1.5/bin/mongrel_rails:84:in `run'
	from /usr/lib/ruby/gems/1.8/gems/mongrel-1.1.5/bin/../lib/mongrel/command.rb:212:in `run'
	from /usr/lib/ruby/gems/1.8/gems/mongrel-1.1.5/bin/mongrel_rails:281
	from /usr/bin/mongrel_rails:19:in `load'
	from /usr/bin/mongrel_rails:19
** Daemonized, any open files are closed.  Look at tmp/pids/mongrel.5001.pid and log/mongrel.5001.log for info.
** Starting Mongrel listening at 127.0.0.1:5001
** Initiating groups for "rails":"rails".
** Changing group to "rails".
** Changing user to "rails".
** Starting Rails with production environment...
Rails Error: Unable to access log file. Please ensure that /srv/rails/quadomaniacy/log/production.log exists and is chmod 0666. The log level has been raised to WARN and the output directed to STDERR until the problem is fixed.
/usr/lib/ruby/1.8/logger.rb:518:in `initialize': Permission denied - /srv/rails/quadomaniacy/log/acts_as_ferret.log (Errno::EACCES)
	from /usr/lib/ruby/1.8/logger.rb:518:in `open'
	from /usr/lib/ruby/1.8/logger.rb:518:in `open_logfile'
	from /usr/lib/ruby/1.8/logger.rb:487:in `initialize'
	from /usr/lib/ruby/1.8/logger.rb:263:in `new'
	from /usr/lib/ruby/1.8/logger.rb:263:in `initialize'
	from /srv/rails/quadomaniacy/vendor/plugins/acts_as_ferret/lib/acts_as_ferret.rb:110:in `new'
	from /srv/rails/quadomaniacy/vendor/plugins/acts_as_ferret/lib/acts_as_ferret.rb:110
	from /usr/lib/ruby/site_ruby/1.8/rubygems/custom_require.rb:31:in `gem_original_require'
	from /usr/lib/ruby/site_ruby/1.8/rubygems/custom_require.rb:31:in `require'
	from /usr/lib/ruby/gems/1.8/gems/activesupport-2.3.4/lib/active_support/dependencies.rb:158:in `require'
	from /srv/rails/quadomaniacy/vendor/plugins/acts_as_ferret/init.rb:21:in `evaluate_init_rb'
	from /usr/lib/ruby/gems/1.8/gems/rails-2.3.4/lib/rails/plugin.rb:158:in `evaluate_init_rb'
	from /usr/lib/ruby/gems/1.8/gems/activesupport-2.3.4/lib/active_support/core_ext/kernel/reporting.rb:11:in `silence_warnings'
	from /usr/lib/ruby/gems/1.8/gems/rails-2.3.4/lib/rails/plugin.rb:154:in `evaluate_init_rb'
	from /usr/lib/ruby/gems/1.8/gems/rails-2.3.4/lib/rails/plugin.rb:48:in `load'
	from /usr/lib/ruby/gems/1.8/gems/rails-2.3.4/lib/rails/plugin/loader.rb:38:in `load_plugins'
	from /usr/lib/ruby/gems/1.8/gems/rails-2.3.4/lib/rails/plugin/loader.rb:37:in `each'
	from /usr/lib/ruby/gems/1.8/gems/rails-2.3.4/lib/rails/plugin/loader.rb:37:in `load_plugins'
	from /usr/lib/ruby/gems/1.8/gems/rails-2.3.4/lib/initializer.rb:369:in `load_plugins'
	from /usr/lib/ruby/gems/1.8/gems/rails-2.3.4/lib/initializer.rb:165:in `process'
	from /usr/lib/ruby/gems/1.8/gems/rails-2.3.4/lib/initializer.rb:113:in `send'
	from /usr/lib/ruby/gems/1.8/gems/rails-2.3.4/lib/initializer.rb:113:in `run'
	from /srv/rails/quadomaniacy/config/environment.rb:13
	from /usr/lib/ruby/site_ruby/1.8/rubygems/custom_require.rb:31:in `gem_original_require'
	from /usr/lib/ruby/site_ruby/1.8/rubygems/custom_require.rb:31:in `require'
	from /usr/lib/ruby/gems/1.8/gems/mongrel-1.1.5/bin/../lib/mongrel/rails.rb:147:in `rails'
	from /usr/lib/ruby/gems/1.8/gems/mongrel-1.1.5/bin/mongrel_rails:113:in `cloaker_'
	from /usr/lib/ruby/gems/1.8/gems/mongrel-1.1.5/bin/../lib/mongrel/configurator.rb:149:in `call'
	from /usr/lib/ruby/gems/1.8/gems/mongrel-1.1.5/bin/../lib/mongrel/configurator.rb:149:in `listener'
	from /usr/lib/ruby/gems/1.8/gems/mongrel-1.1.5/bin/mongrel_rails:99:in `cloaker_'
	from /usr/lib/ruby/gems/1.8/gems/mongrel-1.1.5/bin/../lib/mongrel/configurator.rb:50:in `call'
	from /usr/lib/ruby/gems/1.8/gems/mongrel-1.1.5/bin/../lib/mongrel/configurator.rb:50:in `initialize'
	from /usr/lib/ruby/gems/1.8/gems/mongrel-1.1.5/bin/mongrel_rails:84:in `new'
	from /usr/lib/ruby/gems/1.8/gems/mongrel-1.1.5/bin/mongrel_rails:84:in `run'
	from /usr/lib/ruby/gems/1.8/gems/mongrel-1.1.5/bin/../lib/mongrel/command.rb:212:in `run'
	from /usr/lib/ruby/gems/1.8/gems/mongrel-1.1.5/bin/mongrel_rails:281
	from /usr/bin/mongrel_rails:19:in `load'
	from /usr/bin/mongrel_rails:19
** Daemonized, any open files are closed.  Look at tmp/pids/mongrel.5001.pid and log/mongrel.5001.log for info.
** Starting Mongrel listening at 127.0.0.1:5001
** Initiating groups for "rails":"rails".
** Changing group to "rails".
** Changing user to "rails".
** Starting Rails with production environment...
** Rails loaded.
** Loading any Rails specific GemPlugins
** Loading config/mongrel_upload_progress.conf external config script
** Signals ready.  TERM => stop.  USR2 => restart.  INT => stop (no restart).
** Rails signals registered.  HUP => reload (without restart).  It might not work well.
** Mongrel 1.1.5 available at 127.0.0.1:5001
** Writing PID file to tmp/pids/mongrel.5001.pid
** TERM signal received.
** Daemonized, any open files are closed.  Look at tmp/pids/mongrel.5001.pid and log/mongrel.5001.log for info.
** Starting Mongrel listening at 127.0.0.1:5001
** Initiating groups for "rails":"rails".
** Changing group to "rails".
** Changing user to "rails".
** Starting Rails with production environment...
** Rails loaded.
** Loading any Rails specific GemPlugins
** Loading config/mongrel_upload_progress.conf external config script
** Signals ready.  TERM => stop.  USR2 => restart.  INT => stop (no restart).
** Rails signals registered.  HUP => reload (without restart).  It might not work well.
** Mongrel 1.1.5 available at 127.0.0.1:5001
** Writing PID file to tmp/pids/mongrel.5001.pid
** Daemonized, any open files are closed.  Look at tmp/pids/mongrel.5001.pid and log/mongrel.5001.log for info.
** Starting Mongrel listening at 127.0.0.1:5001
** Initiating groups for "rails":"rails".
** Changing group to "rails".
** Changing user to "rails".
** Starting Rails with production environment...
** Rails loaded.
** Loading any Rails specific GemPlugins
** Loading config/mongrel_upload_progress.conf external config script
** Signals ready.  TERM => stop.  USR2 => restart.  INT => stop (no restart).
** Rails signals registered.  HUP => reload (without restart).  It might not work well.
** Mongrel 1.1.5 available at 127.0.0.1:5001
** Writing PID file to tmp/pids/mongrel.5001.pid
** TERM signal received.
** Daemonized, any open files are closed.  Look at tmp/pids/mongrel.5001.pid and log/mongrel.5001.log for info.
** Starting Mongrel listening at 127.0.0.1:5001
** Initiating groups for "rails":"rails".
** Changing group to "rails".
** Changing user to "rails".
** Starting Rails with production environment...
** Rails loaded.
** Loading any Rails specific GemPlugins
** Loading config/mongrel_upload_progress.conf external config script
** Signals ready.  TERM => stop.  USR2 => restart.  INT => stop (no restart).
** Rails signals registered.  HUP => reload (without restart).  It might not work well.
** Mongrel 1.1.5 available at 127.0.0.1:5001
** Writing PID file to tmp/pids/mongrel.5001.pid
** TERM signal received.
** Daemonized, any open files are closed.  Look at tmp/pids/mongrel.5001.pid and log/mongrel.5001.log for info.
** Starting Mongrel listening at 127.0.0.1:5001
** Initiating groups for "rails":"rails".
** Changing group to "rails".
** Changing user to "rails".
** Starting Rails with production environment...
** Rails loaded.
** Loading any Rails specific GemPlugins
** Loading config/mongrel_upload_progress.conf external config script
** Signals ready.  TERM => stop.  USR2 => restart.  INT => stop (no restart).
** Rails signals registered.  HUP => reload (without restart).  It might not work well.
** Mongrel 1.1.5 available at 127.0.0.1:5001
** Writing PID file to tmp/pids/mongrel.5001.pid
** TERM signal received.
** Daemonized, any open files are closed.  Look at tmp/pids/mongrel.5001.pid and log/mongrel.5001.log for info.
** Starting Mongrel listening at 127.0.0.1:5001
** Initiating groups for "rails":"rails".
** Changing group to "rails".
** Changing user to "rails".
** Starting Rails with production environment...
** Rails loaded.
** Loading any Rails specific GemPlugins
** Loading config/mongrel_upload_progress.conf external config script
** Signals ready.  TERM => stop.  USR2 => restart.  INT => stop (no restart).
** Rails signals registered.  HUP => reload (without restart).  It might not work well.
** Mongrel 1.1.5 available at 127.0.0.1:5001
** Writing PID file to tmp/pids/mongrel.5001.pid
** TERM signal received.
** Daemonized, any open files are closed.  Look at tmp/pids/mongrel.5001.pid and log/mongrel.5001.log for info.
** Starting Mongrel listening at 127.0.0.1:5001
** Initiating groups for "rails":"rails".
** Changing group to "rails".
** Changing user to "rails".
** Starting Rails with production environment...
** Rails loaded.
** Loading any Rails specific GemPlugins
** Loading config/mongrel_upload_progress.conf external config script
** Signals ready.  TERM => stop.  USR2 => restart.  INT => stop (no restart).
** Rails signals registered.  HUP => reload (without restart).  It might not work well.
** Mongrel 1.1.5 available at 127.0.0.1:5001
** Writing PID file to tmp/pids/mongrel.5001.pid
** TERM signal received.
** Daemonized, any open files are closed.  Look at tmp/pids/mongrel.5001.pid and log/mongrel.5001.log for info.
** Starting Mongrel listening at 127.0.0.1:5001
** Initiating groups for "rails":"rails".
** Changing group to "rails".
** Changing user to "rails".
** Starting Rails with production environment...
** Rails loaded.
** Loading any Rails specific GemPlugins
** Loading config/mongrel_upload_progress.conf external config script
** Signals ready.  TERM => stop.  USR2 => restart.  INT => stop (no restart).
** Rails signals registered.  HUP => reload (without restart).  It might not work well.
** Mongrel 1.1.5 available at 127.0.0.1:5001
** Writing PID file to tmp/pids/mongrel.5001.pid
** Daemonized, any open files are closed.  Look at tmp/pids/mongrel.5001.pid and log/mongrel.5001.log for info.
** Starting Mongrel listening at 127.0.0.1:5001
** Initiating groups for "rails":"rails".
** Changing group to "rails".
** Changing user to "rails".
** Starting Rails with production environment...
** Rails loaded.
** Loading any Rails specific GemPlugins
** Loading config/mongrel_upload_progress.conf external config script
** Signals ready.  TERM => stop.  USR2 => restart.  INT => stop (no restart).
** Rails signals registered.  HUP => reload (without restart).  It might not work well.
** Mongrel 1.1.5 available at 127.0.0.1:5001
** Writing PID file to tmp/pids/mongrel.5001.pid
** Daemonized, any open files are closed.  Look at tmp/pids/mongrel.5001.pid and log/mongrel.5001.log for info.
** Starting Mongrel listening at 127.0.0.1:5001
** Initiating groups for "rails":"rails".
** Changing group to "rails".
** Changing user to "rails".
** Starting Rails with production environment...
** Rails loaded.
** Loading any Rails specific GemPlugins
** Loading config/mongrel_upload_progress.conf external config script
** Signals ready.  TERM => stop.  USR2 => restart.  INT => stop (no restart).
** Rails signals registered.  HUP => reload (without restart).  It might not work well.
** Mongrel 1.1.5 available at 127.0.0.1:5001
** Writing PID file to tmp/pids/mongrel.5001.pid
** Daemonized, any open files are closed.  Look at tmp/pids/mongrel.5001.pid and log/mongrel.5001.log for info.
** Starting Mongrel listening at 127.0.0.1:5001
** Initiating groups for "rails":"rails".
** Changing group to "rails".
** Changing user to "rails".
** Starting Rails with production environment...
** Rails loaded.
** Loading any Rails specific GemPlugins
** Loading config/mongrel_upload_progress.conf external config script
** Signals ready.  TERM => stop.  USR2 => restart.  INT => stop (no restart).
** Rails signals registered.  HUP => reload (without restart).  It might not work well.
** Mongrel 1.1.5 available at 127.0.0.1:5001
** Writing PID file to tmp/pids/mongrel.5001.pid
** Daemonized, any open files are closed.  Look at tmp/pids/mongrel.5001.pid and log/mongrel.5001.log for info.
** Starting Mongrel listening at 127.0.0.1:5001
** Initiating groups for "rails":"rails".
** Changing group to "rails".
** Changing user to "rails".
** Starting Rails with production environment...
** Rails loaded.
** Loading any Rails specific GemPlugins
** Loading config/mongrel_upload_progress.conf external config script
** Signals ready.  TERM => stop.  USR2 => restart.  INT => stop (no restart).
** Rails signals registered.  HUP => reload (without restart).  It might not work well.
** Mongrel 1.1.5 available at 127.0.0.1:5001
** Writing PID file to tmp/pids/mongrel.5001.pid
** Daemonized, any open files are closed.  Look at tmp/pids/mongrel.5001.pid and log/mongrel.5001.log for info.
** Starting Mongrel listening at 127.0.0.1:5001
** Initiating groups for "rails":"rails".
** Changing group to "rails".
** Changing user to "rails".
** Starting Rails with production environment...
** Rails loaded.
** Loading any Rails specific GemPlugins
** Loading config/mongrel_upload_progress.conf external config script
** Signals ready.  TERM => stop.  USR2 => restart.  INT => stop (no restart).
** Rails signals registered.  HUP => reload (without restart).  It might not work well.
** Mongrel 1.1.5 available at 127.0.0.1:5001
** Writing PID file to tmp/pids/mongrel.5001.pid
** Daemonized, any open files are closed.  Look at tmp/pids/mongrel.5001.pid and log/mongrel.5001.log for info.
** Starting Mongrel listening at 127.0.0.1:5001
** Initiating groups for "rails":"rails".
** Changing group to "rails".
** Changing user to "rails".
** Starting Rails with production environment...
** Rails loaded.
** Loading any Rails specific GemPlugins
** Loading config/mongrel_upload_progress.conf external config script
** Signals ready.  TERM => stop.  USR2 => restart.  INT => stop (no restart).
** Rails signals registered.  HUP => reload (without restart).  It might not work well.
** Mongrel 1.1.5 available at 127.0.0.1:5001
** Writing PID file to tmp/pids/mongrel.5001.pid
** Daemonized, any open files are closed.  Look at tmp/pids/mongrel.5001.pid and log/mongrel.5001.log for info.
** Starting Mongrel listening at 127.0.0.1:5001
** Initiating groups for "rails":"rails".
** Changing group to "rails".
** Changing user to "rails".
** Starting Rails with production environment...
** Rails loaded.
** Loading any Rails specific GemPlugins
** Loading config/mongrel_upload_progress.conf external config script
** Signals ready.  TERM => stop.  USR2 => restart.  INT => stop (no restart).
** Rails signals registered.  HUP => reload (without restart).  It might not work well.
** Mongrel 1.1.5 available at 127.0.0.1:5001
** Writing PID file to tmp/pids/mongrel.5001.pid
** Daemonized, any open files are closed.  Look at tmp/pids/mongrel.5001.pid and log/mongrel.5001.log for info.
** Starting Mongrel listening at 127.0.0.1:5001
** Initiating groups for "rails":"rails".
** Changing group to "rails".
** Changing user to "rails".
** Starting Rails with production environment...
** Rails loaded.
** Loading any Rails specific GemPlugins
** Loading config/mongrel_upload_progress.conf external config script
** Signals ready.  TERM => stop.  USR2 => restart.  INT => stop (no restart).
** Rails signals registered.  HUP => reload (without restart).  It might not work well.
** Mongrel 1.1.5 available at 127.0.0.1:5001
** Writing PID file to tmp/pids/mongrel.5001.pid
** Daemonized, any open files are closed.  Look at tmp/pids/mongrel.5001.pid and log/mongrel.5001.log for info.
** Starting Mongrel listening at 127.0.0.1:5001
** Initiating groups for "rails":"rails".
** Changing group to "rails".
** Changing user to "rails".
** Starting Rails with production environment...
** Rails loaded.
** Loading any Rails specific GemPlugins
** Loading config/mongrel_upload_progress.conf external config script
** Signals ready.  TERM => stop.  USR2 => restart.  INT => stop (no restart).
** Rails signals registered.  HUP => reload (without restart).  It might not work well.
** Mongrel 1.1.5 available at 127.0.0.1:5001
** Writing PID file to tmp/pids/mongrel.5001.pid
** Daemonized, any open files are closed.  Look at tmp/pids/mongrel.5001.pid and log/mongrel.5001.log for info.
** Starting Mongrel listening at 127.0.0.1:5001
** Initiating groups for "rails":"rails".
** Changing group to "rails".
** Changing user to "rails".
** Starting Rails with production environment...
** Rails loaded.
** Loading any Rails specific GemPlugins
** Loading config/mongrel_upload_progress.conf external config script
** Signals ready.  TERM => stop.  USR2 => restart.  INT => stop (no restart).
** Rails signals registered.  HUP => reload (without restart).  It might not work well.
** Mongrel 1.1.5 available at 127.0.0.1:5001
** Writing PID file to tmp/pids/mongrel.5001.pid
** TERM signal received.
** Daemonized, any open files are closed.  Look at tmp/pids/mongrel.5001.pid and log/mongrel.5001.log for info.
** Starting Mongrel listening at 127.0.0.1:5001
** Initiating groups for "rails":"rails".
** Changing group to "rails".
** Changing user to "rails".
** Starting Rails with production environment...
** Rails loaded.
** Loading any Rails specific GemPlugins
** Loading config/mongrel_upload_progress.conf external config script
** Signals ready.  TERM => stop.  USR2 => restart.  INT => stop (no restart).
** Rails signals registered.  HUP => reload (without restart).  It might not work well.
** Mongrel 1.1.5 available at 127.0.0.1:5001
** Writing PID file to tmp/pids/mongrel.5001.pid
** TERM signal received.
** Daemonized, any open files are closed.  Look at tmp/pids/mongrel.5001.pid and log/mongrel.5001.log for info.
** Starting Mongrel listening at 127.0.0.1:5001
** Initiating groups for "rails":"rails".
** Changing group to "rails".
** Changing user to "rails".
** Starting Rails with production environment...
** Rails loaded.
** Loading any Rails specific GemPlugins
** Loading config/mongrel_upload_progress.conf external config script
** Signals ready.  TERM => stop.  USR2 => restart.  INT => stop (no restart).
** Rails signals registered.  HUP => reload (without restart).  It might not work well.
** Mongrel 1.1.5 available at 127.0.0.1:5001
** Writing PID file to tmp/pids/mongrel.5001.pid
** TERM signal received.
** Daemonized, any open files are closed.  Look at tmp/pids/mongrel.5001.pid and log/mongrel.5001.log for info.
** Starting Mongrel listening at 127.0.0.1:5001
** Initiating groups for "rails":"rails".
** Changing group to "rails".
** Changing user to "rails".
** Starting Rails with production environment...
** Rails loaded.
** Loading any Rails specific GemPlugins
** Loading config/mongrel_upload_progress.conf external config script
** Signals ready.  TERM => stop.  USR2 => restart.  INT => stop (no restart).
** Rails signals registered.  HUP => reload (without restart).  It might not work well.
** Mongrel 1.1.5 available at 127.0.0.1:5001
** Writing PID file to tmp/pids/mongrel.5001.pid
** TERM signal received.
** Daemonized, any open files are closed.  Look at tmp/pids/mongrel.5001.pid and log/mongrel.5001.log for info.
** Starting Mongrel listening at 127.0.0.1:5001
** Initiating groups for "rails":"rails".
** Changing group to "rails".
** Changing user to "rails".
** Starting Rails with production environment...
** Rails loaded.
** Loading any Rails specific GemPlugins
** Loading config/mongrel_upload_progress.conf external config script
** Signals ready.  TERM => stop.  USR2 => restart.  INT => stop (no restart).
** Rails signals registered.  HUP => reload (without restart).  It might not work well.
** Mongrel 1.1.5 available at 127.0.0.1:5001
** Writing PID file to tmp/pids/mongrel.5001.pid
** TERM signal received.
** Daemonized, any open files are closed.  Look at tmp/pids/mongrel.5001.pid and log/mongrel.5001.log for info.
** Starting Mongrel listening at 127.0.0.1:5001
** Initiating groups for "rails":"rails".
** Changing group to "rails".
** Changing user to "rails".
** Starting Rails with production environment...
** Rails loaded.
** Loading any Rails specific GemPlugins
** Loading config/mongrel_upload_progress.conf external config script
** Signals ready.  TERM => stop.  USR2 => restart.  INT => stop (no restart).
** Rails signals registered.  HUP => reload (without restart).  It might not work well.
** Mongrel 1.1.5 available at 127.0.0.1:5001
** Writing PID file to tmp/pids/mongrel.5001.pid
** TERM signal received.
** Daemonized, any open files are closed.  Look at tmp/pids/mongrel.5001.pid and log/mongrel.5001.log for info.
** Starting Mongrel listening at 127.0.0.1:5001
** Initiating groups for "rails":"rails".
** Changing group to "rails".
** Changing user to "rails".
** Starting Rails with production environment...
** Rails loaded.
** Loading any Rails specific GemPlugins
** Loading config/mongrel_upload_progress.conf external config script
** Signals ready.  TERM => stop.  USR2 => restart.  INT => stop (no restart).
** Rails signals registered.  HUP => reload (without restart).  It might not work well.
** Mongrel 1.1.5 available at 127.0.0.1:5001
** Writing PID file to tmp/pids/mongrel.5001.pid
** TERM signal received.
** Daemonized, any open files are closed.  Look at tmp/pids/mongrel.5001.pid and log/mongrel.5001.log for info.
** Starting Mongrel listening at 127.0.0.1:5001
** Initiating groups for "rails":"rails".
** Changing group to "rails".
** Changing user to "rails".
** Starting Rails with production environment...
** Rails loaded.
** Loading any Rails specific GemPlugins
** Loading config/mongrel_upload_progress.conf external config script
** Signals ready.  TERM => stop.  USR2 => restart.  INT => stop (no restart).
** Rails signals registered.  HUP => reload (without restart).  It might not work well.
** Mongrel 1.1.5 available at 127.0.0.1:5001
** Writing PID file to tmp/pids/mongrel.5001.pid
** Daemonized, any open files are closed.  Look at tmp/pids/mongrel.5001.pid and log/mongrel.5001.log for info.
** Starting Mongrel listening at 127.0.0.1:5001
** Initiating groups for "rails":"rails".
** Changing group to "rails".
** Changing user to "rails".
** Starting Rails with production environment...
** Rails loaded.
** Loading any Rails specific GemPlugins
** Loading config/mongrel_upload_progress.conf external config script
** Signals ready.  TERM => stop.  USR2 => restart.  INT => stop (no restart).
** Rails signals registered.  HUP => reload (without restart).  It might not work well.
** Mongrel 1.1.5 available at 127.0.0.1:5001
** Writing PID file to tmp/pids/mongrel.5001.pid
** Daemonized, any open files are closed.  Look at tmp/pids/mongrel.5001.pid and log/mongrel.5001.log for info.
** Starting Mongrel listening at 127.0.0.1:5001
** Initiating groups for "rails":"rails".
** Changing group to "rails".
** Changing user to "rails".
** Starting Rails with production environment...
** Rails loaded.
** Loading any Rails specific GemPlugins
** Loading config/mongrel_upload_progress.conf external config script
** Signals ready.  TERM => stop.  USR2 => restart.  INT => stop (no restart).
** Rails signals registered.  HUP => reload (without restart).  It might not work well.
** Mongrel 1.1.5 available at 127.0.0.1:5001
** Writing PID file to tmp/pids/mongrel.5001.pid
bbb{:description=>"", :qtype=>"", :company=>""}
** Daemonized, any open files are closed.  Look at tmp/pids/mongrel.5001.pid and log/mongrel.5001.log for info.
** Starting Mongrel listening at 127.0.0.1:5001
** Initiating groups for "rails":"rails".
** Changing group to "rails".
** Changing user to "rails".
** Starting Rails with production environment...
** Rails loaded.
** Loading any Rails specific GemPlugins
** Loading config/mongrel_upload_progress.conf external config script
** Signals ready.  TERM => stop.  USR2 => restart.  INT => stop (no restart).
** Rails signals registered.  HUP => reload (without restart).  It might not work well.
** Mongrel 1.1.5 available at 127.0.0.1:5001
** Writing PID file to tmp/pids/mongrel.5001.pid
